{"/Users/murat/bookshelf/src/.eslintrc.js": {"path":"/Users/murat/bookshelf/src/.eslintrc.js","statementMap":{"0":{"start":{"line":1,"column":0},"end":{"line":6,"column":1}}},"fnMap":{},"branchMap":{},"s":{"0":0},"f":{},"b":{}}
,"/Users/murat/bookshelf/src/app-routes.cy.js": {"path":"/Users/murat/bookshelf/src/app-routes.cy.js","statementMap":{"0":{"start":{"line":7,"column":0},"end":{"line":26,"column":2}},"1":{"start":{"line":8,"column":2},"end":{"line":25,"column":4}},"2":{"start":{"line":9,"column":4},"end":{"line":15,"column":5}},"3":{"start":{"line":16,"column":4},"end":{"line":16,"column":49}},"4":{"start":{"line":16,"column":43},"end":{"line":16,"column":48}},"5":{"start":{"line":17,"column":4},"end":{"line":17,"column":61}},"6":{"start":{"line":19,"column":4},"end":{"line":19,"column":39}},"7":{"start":{"line":20,"column":4},"end":{"line":20,"column":34}},"8":{"start":{"line":21,"column":4},"end":{"line":21,"column":39}},"9":{"start":{"line":23,"column":4},"end":{"line":23,"column":44}},"10":{"start":{"line":24,"column":4},"end":{"line":24,"column":43}}},"fnMap":{"0":{"name":"(anonymous_0)","decl":{"start":{"line":7,"column":22},"end":{"line":7,"column":23}},"loc":{"start":{"line":7,"column":28},"end":{"line":26,"column":1}},"line":7},"1":{"name":"(anonymous_1)","decl":{"start":{"line":8,"column":44},"end":{"line":8,"column":45}},"loc":{"start":{"line":8,"column":50},"end":{"line":25,"column":3}},"line":8},"2":{"name":"(anonymous_2)","decl":{"start":{"line":16,"column":37},"end":{"line":16,"column":38}},"loc":{"start":{"line":16,"column":43},"end":{"line":16,"column":48}},"line":16}},"branchMap":{},"s":{"0":0,"1":0,"2":0,"3":0,"4":0,"5":0,"6":0,"7":0,"8":0,"9":0,"10":0},"f":{"0":0,"1":0,"2":0},"b":{}}
,"/Users/murat/bookshelf/src/app-routes.js": {"path":"/Users/murat/bookshelf/src/app-routes.js","statementMap":{"0":{"start":{"line":19,"column":2},"end":{"line":27,"column":3}}},"fnMap":{"0":{"name":"AppRoutes","decl":{"start":{"line":18,"column":24},"end":{"line":18,"column":33}},"loc":{"start":{"line":18,"column":36},"end":{"line":28,"column":1}},"line":18}},"branchMap":{},"s":{"0":8},"f":{"0":8},"b":{},"_coverageSchema":"1a1c01bbd47fc00a2c39e90264f33305004495a9","hash":"399a4dd237f96fe5ec2cc8069fafcab35afe5613"}
,"/Users/murat/bookshelf/src/app.js": {"path":"/Users/murat/bookshelf/src/app.js","statementMap":{"0":{"start":{"line":12,"column":25},"end":{"line":14,"column":1}},"1":{"start":{"line":13,"column":2},"end":{"line":13,"column":59}},"2":{"start":{"line":15,"column":27},"end":{"line":15,"column":76}},"3":{"start":{"line":15,"column":44},"end":{"line":15,"column":75}},"4":{"start":{"line":20,"column":17},"end":{"line":20,"column":26}},"5":{"start":{"line":21,"column":2},"end":{"line":25,"column":3}}},"fnMap":{"0":{"name":"(anonymous_0)","decl":{"start":{"line":12,"column":36},"end":{"line":12,"column":37}},"loc":{"start":{"line":13,"column":2},"end":{"line":13,"column":59}},"line":13},"1":{"name":"(anonymous_1)","decl":{"start":{"line":15,"column":38},"end":{"line":15,"column":39}},"loc":{"start":{"line":15,"column":44},"end":{"line":15,"column":75}},"line":15},"2":{"name":"App","decl":{"start":{"line":19,"column":9},"end":{"line":19,"column":12}},"loc":{"start":{"line":19,"column":15},"end":{"line":26,"column":1}},"line":19}},"branchMap":{"0":{"loc":{"start":{"line":23,"column":7},"end":{"line":23,"column":59}},"type":"cond-expr","locations":[{"start":{"line":23,"column":14},"end":{"line":23,"column":34}},{"start":{"line":23,"column":37},"end":{"line":23,"column":59}}],"line":23}},"s":{"0":1,"1":1,"2":1,"3":0,"4":8,"5":7},"f":{"0":1,"1":0,"2":8},"b":{"0":[7,0]},"_coverageSchema":"1a1c01bbd47fc00a2c39e90264f33305004495a9","hash":"72bbdcde5812b9baac9573576bda549ec6dde8f6"}
,"/Users/murat/bookshelf/src/auth-provider.js": {"path":"/Users/murat/bookshelf/src/auth-provider.js","statementMap":{"0":{"start":{"line":4,"column":24},"end":{"line":4,"column":49}},"1":{"start":{"line":10,"column":2},"end":{"line":10,"column":53}},"2":{"start":{"line":14,"column":2},"end":{"line":14,"column":58}},"3":{"start":{"line":15,"column":2},"end":{"line":15,"column":13}},"4":{"start":{"line":19,"column":2},"end":{"line":19,"column":71}},"5":{"start":{"line":23,"column":2},"end":{"line":23,"column":74}},"6":{"start":{"line":27,"column":2},"end":{"line":27,"column":49}},"7":{"start":{"line":32,"column":16},"end":{"line":32,"column":46}},"8":{"start":{"line":35,"column":17},"end":{"line":39,"column":3}},"9":{"start":{"line":41,"column":2},"end":{"line":48,"column":4}},"10":{"start":{"line":42,"column":17},"end":{"line":42,"column":38}},"11":{"start":{"line":43,"column":4},"end":{"line":47,"column":5}},"12":{"start":{"line":44,"column":6},"end":{"line":44,"column":17}},"13":{"start":{"line":46,"column":6},"end":{"line":46,"column":33}}},"fnMap":{"0":{"name":"getToken","decl":{"start":{"line":6,"column":15},"end":{"line":6,"column":23}},"loc":{"start":{"line":6,"column":26},"end":{"line":11,"column":1}},"line":6},"1":{"name":"handleUserResponse","decl":{"start":{"line":13,"column":9},"end":{"line":13,"column":27}},"loc":{"start":{"line":13,"column":36},"end":{"line":16,"column":1}},"line":13},"2":{"name":"login","decl":{"start":{"line":18,"column":9},"end":{"line":18,"column":14}},"loc":{"start":{"line":18,"column":37},"end":{"line":20,"column":1}},"line":18},"3":{"name":"register","decl":{"start":{"line":22,"column":9},"end":{"line":22,"column":17}},"loc":{"start":{"line":22,"column":40},"end":{"line":24,"column":1}},"line":22},"4":{"name":"logout","decl":{"start":{"line":26,"column":15},"end":{"line":26,"column":21}},"loc":{"start":{"line":26,"column":24},"end":{"line":28,"column":1}},"line":26},"5":{"name":"client","decl":{"start":{"line":34,"column":15},"end":{"line":34,"column":21}},"loc":{"start":{"line":34,"column":38},"end":{"line":49,"column":1}},"line":34},"6":{"name":"(anonymous_6)","decl":{"start":{"line":41,"column":61},"end":{"line":41,"column":62}},"loc":{"start":{"line":41,"column":79},"end":{"line":48,"column":3}},"line":41}},"branchMap":{"0":{"loc":{"start":{"line":43,"column":4},"end":{"line":47,"column":5}},"type":"if","locations":[{"start":{"line":43,"column":4},"end":{"line":47,"column":5}},{"start":{"line":45,"column":11},"end":{"line":47,"column":5}}],"line":43}},"s":{"0":7,"1":14,"2":0,"3":0,"4":0,"5":0,"6":29,"7":7,"8":0,"9":0,"10":0,"11":0,"12":0,"13":0},"f":{"0":14,"1":0,"2":0,"3":0,"4":29,"5":0,"6":0},"b":{"0":[0,0]},"_coverageSchema":"1a1c01bbd47fc00a2c39e90264f33305004495a9","hash":"27994b5230dcb8a4fda920545d8f0fd3604c8944"}
,"/Users/murat/bookshelf/src/authenticated-app.js": {"path":"/Users/murat/bookshelf/src/authenticated-app.js","statementMap":{"0":{"start":{"line":12,"column":2},"end":{"line":23,"column":3}},"1":{"start":{"line":27,"column":25},"end":{"line":27,"column":34}},"2":{"start":{"line":30,"column":2},"end":{"line":73,"column":3}}},"fnMap":{"0":{"name":"ErrorFallback","decl":{"start":{"line":11,"column":9},"end":{"line":11,"column":22}},"loc":{"start":{"line":11,"column":32},"end":{"line":24,"column":1}},"line":11},"1":{"name":"AuthenticatedApp","decl":{"start":{"line":26,"column":9},"end":{"line":26,"column":25}},"loc":{"start":{"line":26,"column":28},"end":{"line":74,"column":1}},"line":26}},"branchMap":{},"s":{"0":2,"1":8,"2":7},"f":{"0":2,"1":8},"b":{},"_coverageSchema":"1a1c01bbd47fc00a2c39e90264f33305004495a9","hash":"de652da03ee254b164011e0e2ed051a5acd94257"}
,"/Users/murat/bookshelf/src/bootstrap.js": {"path":"/Users/murat/bookshelf/src/bootstrap.js","statementMap":{},"fnMap":{},"branchMap":{},"s":{},"f":{},"b":{}}
,"/Users/murat/bookshelf/src/index.js": {"path":"/Users/murat/bookshelf/src/index.js","statementMap":{"0":{"start":{"line":9,"column":0},"end":{"line":17,"column":2}},"1":{"start":{"line":10,"column":2},"end":{"line":16,"column":3}}},"fnMap":{"0":{"name":"(anonymous_0)","decl":{"start":{"line":9,"column":13},"end":{"line":9,"column":14}},"loc":{"start":{"line":9,"column":19},"end":{"line":17,"column":1}},"line":9}},"branchMap":{},"s":{"0":0,"1":0},"f":{"0":0},"b":{}}
,"/Users/murat/bookshelf/src/nav.cy.js": {"path":"/Users/murat/bookshelf/src/nav.cy.js","statementMap":{"0":{"start":{"line":5,"column":0},"end":{"line":22,"column":2}},"1":{"start":{"line":6,"column":2},"end":{"line":21,"column":4}},"2":{"start":{"line":7,"column":4},"end":{"line":11,"column":5}},"3":{"start":{"line":13,"column":4},"end":{"line":13,"column":39}},"4":{"start":{"line":14,"column":4},"end":{"line":14,"column":39}},"5":{"start":{"line":16,"column":4},"end":{"line":16,"column":41}},"6":{"start":{"line":17,"column":4},"end":{"line":17,"column":43}},"7":{"start":{"line":19,"column":4},"end":{"line":19,"column":35}},"8":{"start":{"line":20,"column":4},"end":{"line":20,"column":43}}},"fnMap":{"0":{"name":"(anonymous_0)","decl":{"start":{"line":5,"column":16},"end":{"line":5,"column":17}},"loc":{"start":{"line":5,"column":22},"end":{"line":22,"column":1}},"line":5},"1":{"name":"(anonymous_1)","decl":{"start":{"line":6,"column":46},"end":{"line":6,"column":47}},"loc":{"start":{"line":6,"column":52},"end":{"line":21,"column":3}},"line":6}},"branchMap":{},"s":{"0":0,"1":0,"2":0,"3":0,"4":0,"5":0,"6":0,"7":0,"8":0},"f":{"0":0,"1":0},"b":{}}
,"/Users/murat/bookshelf/src/nav.js": {"path":"/Users/murat/bookshelf/src/nav.js","statementMap":{"0":{"start":{"line":9,"column":16},"end":{"line":9,"column":34}},"1":{"start":{"line":10,"column":2},"end":{"line":40,"column":3}},"2":{"start":{"line":44,"column":2},"end":{"line":75,"column":3}}},"fnMap":{"0":{"name":"NavLink","decl":{"start":{"line":8,"column":9},"end":{"line":8,"column":16}},"loc":{"start":{"line":8,"column":24},"end":{"line":41,"column":1}},"line":8},"1":{"name":"Nav","decl":{"start":{"line":43,"column":24},"end":{"line":43,"column":27}},"loc":{"start":{"line":43,"column":36},"end":{"line":76,"column":1}},"line":43}},"branchMap":{"0":{"loc":{"start":{"line":28,"column":8},"end":{"line":36,"column":16}},"type":"cond-expr","locations":[{"start":{"line":29,"column":12},"end":{"line":35,"column":13}},{"start":{"line":36,"column":12},"end":{"line":36,"column":16}}],"line":28}},"s":{"0":21,"1":21,"2":7},"f":{"0":21,"1":7},"b":{"0":[0,21]},"_coverageSchema":"1a1c01bbd47fc00a2c39e90264f33305004495a9","hash":"97a5dc304159fa26830a5686910c39063c4247eb"}
,"/Users/murat/bookshelf/src/unauthenticated-app.cy.js": {"path":"/Users/murat/bookshelf/src/unauthenticated-app.cy.js","statementMap":{"0":{"start":{"line":6,"column":0},"end":{"line":34,"column":1}},"1":{"start":{"line":10,"column":4},"end":{"line":32,"column":6}},"2":{"start":{"line":11,"column":6},"end":{"line":15,"column":7}},"3":{"start":{"line":17,"column":6},"end":{"line":17,"column":58}},"4":{"start":{"line":18,"column":6},"end":{"line":18,"column":51}},"5":{"start":{"line":19,"column":6},"end":{"line":19,"column":61}},"6":{"start":{"line":21,"column":6},"end":{"line":21,"column":61}},"7":{"start":{"line":22,"column":6},"end":{"line":22,"column":54}},"8":{"start":{"line":23,"column":6},"end":{"line":23,"column":61}},"9":{"start":{"line":25,"column":6},"end":{"line":27,"column":45}},"10":{"start":{"line":29,"column":6},"end":{"line":29,"column":52}},"11":{"start":{"line":30,"column":6},"end":{"line":30,"column":50}},"12":{"start":{"line":31,"column":6},"end":{"line":31,"column":53}}},"fnMap":{"0":{"name":"(anonymous_0)","decl":{"start":{"line":9,"column":2},"end":{"line":9,"column":3}},"loc":{"start":{"line":9,"column":8},"end":{"line":33,"column":3}},"line":9},"1":{"name":"(anonymous_1)","decl":{"start":{"line":10,"column":49},"end":{"line":10,"column":50}},"loc":{"start":{"line":10,"column":55},"end":{"line":32,"column":5}},"line":10}},"branchMap":{},"s":{"0":0,"1":0,"2":0,"3":0,"4":0,"5":0,"6":0,"7":0,"8":0,"9":0,"10":0,"11":0,"12":0},"f":{"0":0,"1":0},"b":{}}
,"/Users/murat/bookshelf/src/unauthenticated-app.js": {"path":"/Users/murat/bookshelf/src/unauthenticated-app.js","statementMap":{"0":{"start":{"line":15,"column":28},"end":{"line":15,"column":37}},"1":{"start":{"line":16,"column":2},"end":{"line":68,"column":3}}},"fnMap":{"0":{"name":"UnauthenticatedApp","decl":{"start":{"line":14,"column":9},"end":{"line":14,"column":27}},"loc":{"start":{"line":14,"column":30},"end":{"line":69,"column":1}},"line":14}},"branchMap":{},"s":{"0":0,"1":0},"f":{"0":0},"b":{}}
,"/Users/murat/bookshelf/src/components/book-row.cy.js": {"path":"/Users/murat/bookshelf/src/components/book-row.cy.js","statementMap":{"0":{"start":{"line":6,"column":15},"end":{"line":6,"column":58}},"1":{"start":{"line":8,"column":0},"end":{"line":25,"column":2}},"2":{"start":{"line":9,"column":2},"end":{"line":24,"column":4}},"3":{"start":{"line":10,"column":4},"end":{"line":16,"column":5}},"4":{"start":{"line":18,"column":4},"end":{"line":18,"column":53}},"5":{"start":{"line":19,"column":4},"end":{"line":19,"column":27}},"6":{"start":{"line":20,"column":4},"end":{"line":20,"column":28}},"7":{"start":{"line":21,"column":4},"end":{"line":21,"column":31}},"8":{"start":{"line":22,"column":4},"end":{"line":22,"column":30}},"9":{"start":{"line":23,"column":4},"end":{"line":23,"column":74}}},"fnMap":{"0":{"name":"(anonymous_0)","decl":{"start":{"line":8,"column":20},"end":{"line":8,"column":21}},"loc":{"start":{"line":8,"column":26},"end":{"line":25,"column":1}},"line":8},"1":{"name":"(anonymous_1)","decl":{"start":{"line":9,"column":22},"end":{"line":9,"column":23}},"loc":{"start":{"line":9,"column":28},"end":{"line":24,"column":3}},"line":9}},"branchMap":{},"s":{"0":0,"1":0,"2":0,"3":0,"4":0,"5":0,"6":0,"7":0,"8":0,"9":0},"f":{"0":0,"1":0},"b":{}}
,"/Users/murat/bookshelf/src/components/book-row.js": {"path":"/Users/murat/bookshelf/src/components/book-row.js","statementMap":{"0":{"start":{"line":12,"column":41},"end":{"line":12,"column":45}},"1":{"start":{"line":13,"column":19},"end":{"line":13,"column":39}},"2":{"start":{"line":15,"column":13},"end":{"line":15,"column":39}},"3":{"start":{"line":17,"column":2},"end":{"line":108,"column":3}}},"fnMap":{"0":{"name":"BookRow","decl":{"start":{"line":11,"column":9},"end":{"line":11,"column":16}},"loc":{"start":{"line":11,"column":25},"end":{"line":109,"column":1}},"line":11}},"branchMap":{"0":{"loc":{"start":{"line":73,"column":15},"end":{"line":73,"column":75}},"type":"cond-expr","locations":[{"start":{"line":73,"column":38},"end":{"line":73,"column":68}},{"start":{"line":73,"column":71},"end":{"line":73,"column":75}}],"line":73}},"s":{"0":0,"1":0,"2":0,"3":0},"f":{"0":0},"b":{"0":[0,0]},"_coverageSchema":"1a1c01bbd47fc00a2c39e90264f33305004495a9","hash":"d3c82de3f61da2403e0f765add2554a787520df9"}
,"/Users/murat/bookshelf/src/components/lib-ErrorMessage.cy.js": {"path":"/Users/murat/bookshelf/src/components/lib-ErrorMessage.cy.js","statementMap":{"0":{"start":{"line":4,"column":0},"end":{"line":16,"column":2}},"1":{"start":{"line":5,"column":2},"end":{"line":10,"column":4}},"2":{"start":{"line":6,"column":4},"end":{"line":6,"column":55}},"3":{"start":{"line":7,"column":4},"end":{"line":7,"column":46}},"4":{"start":{"line":9,"column":4},"end":{"line":9,"column":29}},"5":{"start":{"line":12,"column":2},"end":{"line":15,"column":4}},"6":{"start":{"line":13,"column":4},"end":{"line":13,"column":72}},"7":{"start":{"line":14,"column":4},"end":{"line":14,"column":42}}},"fnMap":{"0":{"name":"(anonymous_0)","decl":{"start":{"line":4,"column":25},"end":{"line":4,"column":26}},"loc":{"start":{"line":4,"column":31},"end":{"line":16,"column":1}},"line":4},"1":{"name":"(anonymous_1)","decl":{"start":{"line":5,"column":30},"end":{"line":5,"column":31}},"loc":{"start":{"line":5,"column":36},"end":{"line":10,"column":3}},"line":5},"2":{"name":"(anonymous_2)","decl":{"start":{"line":12,"column":29},"end":{"line":12,"column":30}},"loc":{"start":{"line":12,"column":35},"end":{"line":15,"column":3}},"line":12}},"branchMap":{},"s":{"0":0,"1":0,"2":0,"3":0,"4":0,"5":0,"6":0,"7":0},"f":{"0":0,"1":0,"2":0},"b":{}}
,"/Users/murat/bookshelf/src/components/lib-FullPageErrorFallback.cy.js": {"path":"/Users/murat/bookshelf/src/components/lib-FullPageErrorFallback.cy.js","statementMap":{"0":{"start":{"line":4,"column":0},"end":{"line":11,"column":2}},"1":{"start":{"line":5,"column":2},"end":{"line":10,"column":4}},"2":{"start":{"line":6,"column":4},"end":{"line":6,"column":64}},"3":{"start":{"line":8,"column":4},"end":{"line":8,"column":75}},"4":{"start":{"line":9,"column":4},"end":{"line":9,"column":29}}},"fnMap":{"0":{"name":"(anonymous_0)","decl":{"start":{"line":4,"column":34},"end":{"line":4,"column":35}},"loc":{"start":{"line":4,"column":40},"end":{"line":11,"column":1}},"line":4},"1":{"name":"(anonymous_1)","decl":{"start":{"line":5,"column":33},"end":{"line":5,"column":34}},"loc":{"start":{"line":5,"column":39},"end":{"line":10,"column":3}},"line":5}},"branchMap":{},"s":{"0":0,"1":0,"2":0,"3":0,"4":0},"f":{"0":0,"1":0},"b":{}}
,"/Users/murat/bookshelf/src/components/lib-FullPageSpinner.cy.js": {"path":"/Users/murat/bookshelf/src/components/lib-FullPageSpinner.cy.js","statementMap":{"0":{"start":{"line":4,"column":0},"end":{"line":9,"column":2}},"1":{"start":{"line":5,"column":2},"end":{"line":8,"column":4}},"2":{"start":{"line":6,"column":4},"end":{"line":6,"column":33}},"3":{"start":{"line":7,"column":4},"end":{"line":7,"column":39}}},"fnMap":{"0":{"name":"(anonymous_0)","decl":{"start":{"line":4,"column":28},"end":{"line":4,"column":29}},"loc":{"start":{"line":4,"column":34},"end":{"line":9,"column":1}},"line":4},"1":{"name":"(anonymous_1)","decl":{"start":{"line":5,"column":20},"end":{"line":5,"column":21}},"loc":{"start":{"line":5,"column":26},"end":{"line":8,"column":3}},"line":5}},"branchMap":{},"s":{"0":0,"1":0,"2":0,"3":0},"f":{"0":0,"1":0},"b":{}}
,"/Users/murat/bookshelf/src/components/lib.js": {"path":"/Users/murat/bookshelf/src/components/lib.js","statementMap":{"0":{"start":{"line":30,"column":13},"end":{"line":33,"column":2}},"1":{"start":{"line":35,"column":21},"end":{"line":48,"column":2}},"2":{"start":{"line":50,"column":19},"end":{"line":56,"column":2}},"3":{"start":{"line":58,"column":16},"end":{"line":60,"column":2}},"4":{"start":{"line":61,"column":0},"end":{"line":63,"column":1}},"5":{"start":{"line":65,"column":23},"end":{"line":74,"column":1}},"6":{"start":{"line":75,"column":15},"end":{"line":83,"column":1}},"7":{"start":{"line":82,"column":29},"end":{"line":82,"column":52}},"8":{"start":{"line":85,"column":20},"end":{"line":89,"column":1}},"9":{"start":{"line":91,"column":14},"end":{"line":91,"column":62}},"10":{"start":{"line":92,"column":17},"end":{"line":92,"column":45}},"11":{"start":{"line":94,"column":15},"end":{"line":104,"column":2}},"12":{"start":{"line":106,"column":18},"end":{"line":109,"column":2}},"13":{"start":{"line":112,"column":2},"end":{"line":125,"column":3}},"14":{"start":{"line":128,"column":13},"end":{"line":134,"column":2}},"15":{"start":{"line":136,"column":29},"end":{"line":139,"column":1}},"16":{"start":{"line":142,"column":2},"end":{"line":158,"column":3}},"17":{"start":{"line":162,"column":2},"end":{"line":177,"column":3}}},"fnMap":{"0":{"name":"(anonymous_0)","decl":{"start":{"line":82,"column":2},"end":{"line":82,"column":3}},"loc":{"start":{"line":82,"column":29},"end":{"line":82,"column":52}},"line":82},"1":{"name":"FullPageSpinner","decl":{"start":{"line":111,"column":9},"end":{"line":111,"column":24}},"loc":{"start":{"line":111,"column":27},"end":{"line":126,"column":1}},"line":111},"2":{"name":"ErrorMessage","decl":{"start":{"line":141,"column":9},"end":{"line":141,"column":21}},"loc":{"start":{"line":141,"column":62},"end":{"line":159,"column":1}},"line":141},"3":{"name":"FullPageErrorFallback","decl":{"start":{"line":161,"column":9},"end":{"line":161,"column":30}},"loc":{"start":{"line":161,"column":40},"end":{"line":178,"column":1}},"line":161}},"branchMap":{"0":{"loc":{"start":{"line":82,"column":4},"end":{"line":82,"column":23}},"type":"default-arg","locations":[{"start":{"line":82,"column":14},"end":{"line":82,"column":23}}],"line":82},"1":{"loc":{"start":{"line":141,"column":30},"end":{"line":141,"column":49}},"type":"default-arg","locations":[{"start":{"line":141,"column":40},"end":{"line":141,"column":49}}],"line":141}},"s":{"0":3,"1":3,"2":3,"3":3,"4":3,"5":3,"6":3,"7":7,"8":3,"9":3,"10":3,"11":3,"12":3,"13":29,"14":3,"15":3,"16":3,"17":0},"f":{"0":7,"1":29,"2":3,"3":0},"b":{"0":[0],"1":[2]},"_coverageSchema":"1a1c01bbd47fc00a2c39e90264f33305004495a9","hash":"26b2f5dee7bb67b7abecec1504339b34f41ab109"}
,"/Users/murat/bookshelf/src/components/list-item-list.cy.js": {"path":"/Users/murat/bookshelf/src/components/list-item-list.cy.js","statementMap":{"0":{"start":{"line":7,"column":0},"end":{"line":38,"column":2}},"1":{"start":{"line":8,"column":2},"end":{"line":37,"column":4}},"2":{"start":{"line":9,"column":4},"end":{"line":9,"column":79}},"3":{"start":{"line":10,"column":4},"end":{"line":10,"column":74}},"4":{"start":{"line":11,"column":4},"end":{"line":11,"column":66}},"5":{"start":{"line":12,"column":4},"end":{"line":14,"column":5}},"6":{"start":{"line":15,"column":4},"end":{"line":17,"column":5}},"7":{"start":{"line":19,"column":4},"end":{"line":28,"column":5}},"8":{"start":{"line":23,"column":35},"end":{"line":23,"column":57}},"9":{"start":{"line":30,"column":4},"end":{"line":30,"column":53}},"10":{"start":{"line":32,"column":4},"end":{"line":32,"column":54}},"11":{"start":{"line":33,"column":4},"end":{"line":33,"column":30}},"12":{"start":{"line":35,"column":4},"end":{"line":35,"column":53}},"13":{"start":{"line":36,"column":4},"end":{"line":36,"column":33}}},"fnMap":{"0":{"name":"(anonymous_0)","decl":{"start":{"line":7,"column":47},"end":{"line":7,"column":48}},"loc":{"start":{"line":7,"column":53},"end":{"line":38,"column":1}},"line":7},"1":{"name":"(anonymous_1)","decl":{"start":{"line":8,"column":23},"end":{"line":8,"column":24}},"loc":{"start":{"line":8,"column":29},"end":{"line":37,"column":3}},"line":8},"2":{"name":"(anonymous_2)","decl":{"start":{"line":23,"column":29},"end":{"line":23,"column":30}},"loc":{"start":{"line":23,"column":35},"end":{"line":23,"column":57}},"line":23}},"branchMap":{},"s":{"0":0,"1":0,"2":0,"3":0,"4":0,"5":0,"6":0,"7":0,"8":0,"9":0,"10":0,"11":0,"12":0,"13":0},"f":{"0":0,"1":0,"2":0},"b":{}}
,"/Users/murat/bookshelf/src/components/list-item-list.js": {"path":"/Users/murat/bookshelf/src/components/list-item-list.js","statementMap":{"0":{"start":{"line":10,"column":20},"end":{"line":10,"column":34}},"1":{"start":{"line":12,"column":28},"end":{"line":12,"column":61}},"2":{"start":{"line":14,"column":2},"end":{"line":16,"column":3}},"3":{"start":{"line":15,"column":4},"end":{"line":15,"column":79}},"4":{"start":{"line":17,"column":2},"end":{"line":23,"column":3}},"5":{"start":{"line":18,"column":4},"end":{"line":22,"column":5}},"6":{"start":{"line":25,"column":2},"end":{"line":38,"column":3}},"7":{"start":{"line":32,"column":10},"end":{"line":34,"column":15}}},"fnMap":{"0":{"name":"ListItemList","decl":{"start":{"line":9,"column":9},"end":{"line":9,"column":21}},"loc":{"start":{"line":9,"column":75},"end":{"line":39,"column":1}},"line":9},"1":{"name":"(anonymous_1)","decl":{"start":{"line":31,"column":31},"end":{"line":31,"column":32}},"loc":{"start":{"line":32,"column":10},"end":{"line":34,"column":15}},"line":32}},"branchMap":{"0":{"loc":{"start":{"line":14,"column":2},"end":{"line":16,"column":3}},"type":"if","locations":[{"start":{"line":14,"column":2},"end":{"line":16,"column":3}},{"start":{},"end":{}}],"line":14},"1":{"loc":{"start":{"line":17,"column":2},"end":{"line":23,"column":3}},"type":"if","locations":[{"start":{"line":17,"column":2},"end":{"line":23,"column":3}},{"start":{},"end":{}}],"line":17}},"s":{"0":0,"1":0,"2":0,"3":0,"4":0,"5":0,"6":0,"7":0},"f":{"0":0,"1":0},"b":{"0":[0,0],"1":[0,0]},"_coverageSchema":"1a1c01bbd47fc00a2c39e90264f33305004495a9","hash":"36c4c0048cb91d3d6e46ffb2799410e62e2eb4ea"}
,"/Users/murat/bookshelf/src/components/login-form.cy.js": {"path":"/Users/murat/bookshelf/src/components/login-form.cy.js","statementMap":{"0":{"start":{"line":7,"column":0},"end":{"line":49,"column":2}},"1":{"start":{"line":9,"column":15},"end":{"line":9,"column":26}},"2":{"start":{"line":10,"column":2},"end":{"line":12,"column":4}},"3":{"start":{"line":11,"column":4},"end":{"line":11,"column":50}},"4":{"start":{"line":14,"column":2},"end":{"line":30,"column":4}},"5":{"start":{"line":15,"column":4},"end":{"line":20,"column":5}},"6":{"start":{"line":22,"column":4},"end":{"line":22,"column":69}},"7":{"start":{"line":23,"column":4},"end":{"line":23,"column":55}},"8":{"start":{"line":24,"column":4},"end":{"line":24,"column":37}},"9":{"start":{"line":26,"column":4},"end":{"line":29,"column":6}},"10":{"start":{"line":32,"column":2},"end":{"line":48,"column":4}},"11":{"start":{"line":33,"column":4},"end":{"line":38,"column":5}},"12":{"start":{"line":40,"column":4},"end":{"line":40,"column":69}},"13":{"start":{"line":41,"column":4},"end":{"line":41,"column":55}},"14":{"start":{"line":42,"column":4},"end":{"line":42,"column":37}},"15":{"start":{"line":44,"column":4},"end":{"line":47,"column":6}}},"fnMap":{"0":{"name":"(anonymous_0)","decl":{"start":{"line":7,"column":22},"end":{"line":7,"column":23}},"loc":{"start":{"line":7,"column":28},"end":{"line":49,"column":1}},"line":7},"1":{"name":"(anonymous_1)","decl":{"start":{"line":10,"column":13},"end":{"line":10,"column":14}},"loc":{"start":{"line":10,"column":19},"end":{"line":12,"column":3}},"line":10},"2":{"name":"(anonymous_2)","decl":{"start":{"line":14,"column":53},"end":{"line":14,"column":54}},"loc":{"start":{"line":14,"column":59},"end":{"line":30,"column":3}},"line":14},"3":{"name":"(anonymous_3)","decl":{"start":{"line":32,"column":56},"end":{"line":32,"column":57}},"loc":{"start":{"line":32,"column":62},"end":{"line":48,"column":3}},"line":32}},"branchMap":{},"s":{"0":0,"1":0,"2":0,"3":0,"4":0,"5":0,"6":0,"7":0,"8":0,"9":0,"10":0,"11":0,"12":0,"13":0,"14":0,"15":0},"f":{"0":0,"1":0,"2":0,"3":0},"b":{}}
,"/Users/murat/bookshelf/src/components/login-form.js": {"path":"/Users/murat/bookshelf/src/components/login-form.js","statementMap":{"0":{"start":{"line":6,"column":43},"end":{"line":6,"column":53}},"1":{"start":{"line":8,"column":23},"end":{"line":18,"column":3}},"2":{"start":{"line":9,"column":4},"end":{"line":9,"column":26}},"3":{"start":{"line":10,"column":33},"end":{"line":10,"column":54}},"4":{"start":{"line":12,"column":4},"end":{"line":17,"column":5}},"5":{"start":{"line":20,"column":2},"end":{"line":54,"column":3}}},"fnMap":{"0":{"name":"LoginForm","decl":{"start":{"line":5,"column":24},"end":{"line":5,"column":33}},"loc":{"start":{"line":5,"column":60},"end":{"line":55,"column":1}},"line":5},"1":{"name":"(anonymous_1)","decl":{"start":{"line":8,"column":23},"end":{"line":8,"column":24}},"loc":{"start":{"line":8,"column":32},"end":{"line":18,"column":3}},"line":8}},"branchMap":{"0":{"loc":{"start":{"line":46,"column":14},"end":{"line":48,"column":43}},"type":"cond-expr","locations":[{"start":{"line":47,"column":14},"end":{"line":47,"column":41}},{"start":{"line":48,"column":14},"end":{"line":48,"column":43}}],"line":46},"1":{"loc":{"start":{"line":49,"column":10},"end":{"line":49,"column":62}},"type":"cond-expr","locations":[{"start":{"line":49,"column":22},"end":{"line":49,"column":55}},{"start":{"line":49,"column":58},"end":{"line":49,"column":62}}],"line":49},"2":{"loc":{"start":{"line":52,"column":7},"end":{"line":52,"column":54}},"type":"cond-expr","locations":[{"start":{"line":52,"column":17},"end":{"line":52,"column":47}},{"start":{"line":52,"column":50},"end":{"line":52,"column":54}}],"line":52}},"s":{"0":0,"1":0,"2":0,"3":0,"4":0,"5":0},"f":{"0":0,"1":0},"b":{"0":[0,0],"1":[0,0],"2":[0,0]}}
,"/Users/murat/bookshelf/src/components/logo.cy.js": {"path":"/Users/murat/bookshelf/src/components/logo.cy.js","statementMap":{"0":{"start":{"line":4,"column":0},"end":{"line":12,"column":2}},"1":{"start":{"line":5,"column":2},"end":{"line":11,"column":4}},"2":{"start":{"line":6,"column":4},"end":{"line":6,"column":22}},"3":{"start":{"line":8,"column":4},"end":{"line":10,"column":46}}},"fnMap":{"0":{"name":"(anonymous_0)","decl":{"start":{"line":4,"column":17},"end":{"line":4,"column":18}},"loc":{"start":{"line":4,"column":23},"end":{"line":12,"column":1}},"line":4},"1":{"name":"(anonymous_1)","decl":{"start":{"line":5,"column":26},"end":{"line":5,"column":27}},"loc":{"start":{"line":5,"column":32},"end":{"line":11,"column":3}},"line":5}},"branchMap":{},"s":{"0":0,"1":0,"2":0,"3":0},"f":{"0":0,"1":0},"b":{}}
,"/Users/murat/bookshelf/src/components/logo.js": {"path":"/Users/murat/bookshelf/src/components/logo.js","statementMap":{"0":{"start":{"line":3,"column":13},"end":{"line":52,"column":1}},"1":{"start":{"line":4,"column":2},"end":{"line":51,"column":3}}},"fnMap":{"0":{"name":"(anonymous_0)","decl":{"start":{"line":3,"column":13},"end":{"line":3,"column":14}},"loc":{"start":{"line":3,"column":48},"end":{"line":52,"column":1}},"line":3}},"branchMap":{"0":{"loc":{"start":{"line":3,"column":15},"end":{"line":3,"column":27}},"type":"default-arg","locations":[{"start":{"line":3,"column":23},"end":{"line":3,"column":27}}],"line":3},"1":{"loc":{"start":{"line":3,"column":29},"end":{"line":3,"column":42}},"type":"default-arg","locations":[{"start":{"line":3,"column":38},"end":{"line":3,"column":42}}],"line":3}},"s":{"0":0,"1":0},"f":{"0":0},"b":{"0":[0],"1":[0]}}
,"/Users/murat/bookshelf/src/components/modal.cy.js": {"path":"/Users/murat/bookshelf/src/components/modal.cy.js","statementMap":{"0":{"start":{"line":6,"column":0},"end":{"line":31,"column":2}},"1":{"start":{"line":7,"column":2},"end":{"line":30,"column":4}},"2":{"start":{"line":8,"column":18},"end":{"line":8,"column":31}},"3":{"start":{"line":9,"column":18},"end":{"line":9,"column":31}},"4":{"start":{"line":10,"column":4},"end":{"line":21,"column":5}},"5":{"start":{"line":23,"column":4},"end":{"line":23,"column":42}},"6":{"start":{"line":25,"column":4},"end":{"line":25,"column":54}},"7":{"start":{"line":26,"column":4},"end":{"line":26,"column":50}},"8":{"start":{"line":28,"column":4},"end":{"line":28,"column":45}},"9":{"start":{"line":29,"column":4},"end":{"line":29,"column":58}}},"fnMap":{"0":{"name":"(anonymous_0)","decl":{"start":{"line":6,"column":18},"end":{"line":6,"column":19}},"loc":{"start":{"line":6,"column":24},"end":{"line":31,"column":1}},"line":6},"1":{"name":"(anonymous_1)","decl":{"start":{"line":7,"column":32},"end":{"line":7,"column":33}},"loc":{"start":{"line":7,"column":38},"end":{"line":30,"column":3}},"line":7}},"branchMap":{},"s":{"0":0,"1":0,"2":0,"3":0,"4":0,"5":0,"6":0,"7":0,"8":0,"9":0},"f":{"0":0,"1":0},"b":{}}
,"/Users/murat/bookshelf/src/components/modal.js": {"path":"/Users/murat/bookshelf/src/components/modal.js","statementMap":{"0":{"start":{"line":14,"column":2},"end":{"line":16,"column":36}},"1":{"start":{"line":15,"column":2},"end":{"line":16,"column":36}},"2":{"start":{"line":16,"column":4},"end":{"line":16,"column":36}},"3":{"start":{"line":16,"column":18},"end":{"line":16,"column":35}},"4":{"start":{"line":23,"column":21},"end":{"line":23,"column":42}},"5":{"start":{"line":26,"column":30},"end":{"line":26,"column":51}},"6":{"start":{"line":28,"column":2},"end":{"line":28,"column":73}},"7":{"start":{"line":32,"column":24},"end":{"line":32,"column":54}},"8":{"start":{"line":33,"column":2},"end":{"line":35,"column":4}},"9":{"start":{"line":34,"column":27},"end":{"line":34,"column":43}},"10":{"start":{"line":39,"column":24},"end":{"line":39,"column":54}},"11":{"start":{"line":40,"column":2},"end":{"line":42,"column":4}},"12":{"start":{"line":41,"column":27},"end":{"line":41,"column":42}},"13":{"start":{"line":46,"column":30},"end":{"line":46,"column":60}},"14":{"start":{"line":47,"column":2},"end":{"line":49,"column":3}},"15":{"start":{"line":48,"column":45},"end":{"line":48,"column":61}},"16":{"start":{"line":53,"column":2},"end":{"line":66,"column":3}}},"fnMap":{"0":{"name":"(anonymous_0)","decl":{"start":{"line":14,"column":2},"end":{"line":14,"column":3}},"loc":{"start":{"line":15,"column":2},"end":{"line":16,"column":36}},"line":15},"1":{"name":"(anonymous_1)","decl":{"start":{"line":15,"column":2},"end":{"line":15,"column":3}},"loc":{"start":{"line":16,"column":4},"end":{"line":16,"column":36}},"line":16},"2":{"name":"(anonymous_2)","decl":{"start":{"line":16,"column":12},"end":{"line":16,"column":13}},"loc":{"start":{"line":16,"column":18},"end":{"line":16,"column":35}},"line":16},"3":{"name":"Modal","decl":{"start":{"line":25,"column":9},"end":{"line":25,"column":14}},"loc":{"start":{"line":25,"column":22},"end":{"line":29,"column":1}},"line":25},"4":{"name":"ModalDismissButton","decl":{"start":{"line":31,"column":9},"end":{"line":31,"column":27}},"loc":{"start":{"line":31,"column":47},"end":{"line":36,"column":1}},"line":31},"5":{"name":"(anonymous_5)","decl":{"start":{"line":34,"column":21},"end":{"line":34,"column":22}},"loc":{"start":{"line":34,"column":27},"end":{"line":34,"column":43}},"line":34},"6":{"name":"ModalOpenButton","decl":{"start":{"line":38,"column":9},"end":{"line":38,"column":24}},"loc":{"start":{"line":38,"column":44},"end":{"line":43,"column":1}},"line":38},"7":{"name":"(anonymous_7)","decl":{"start":{"line":41,"column":21},"end":{"line":41,"column":22}},"loc":{"start":{"line":41,"column":27},"end":{"line":41,"column":42}},"line":41},"8":{"name":"ModalContentsBase","decl":{"start":{"line":45,"column":9},"end":{"line":45,"column":26}},"loc":{"start":{"line":45,"column":34},"end":{"line":50,"column":1}},"line":45},"9":{"name":"(anonymous_9)","decl":{"start":{"line":48,"column":39},"end":{"line":48,"column":40}},"loc":{"start":{"line":48,"column":45},"end":{"line":48,"column":61}},"line":48},"10":{"name":"ModalContents","decl":{"start":{"line":52,"column":9},"end":{"line":52,"column":22}},"loc":{"start":{"line":52,"column":52},"end":{"line":67,"column":1}},"line":52}},"branchMap":{"0":{"loc":{"start":{"line":16,"column":18},"end":{"line":16,"column":35}},"type":"binary-expr","locations":[{"start":{"line":16,"column":18},"end":{"line":16,"column":20}},{"start":{"line":16,"column":24},"end":{"line":16,"column":35}}],"line":16}},"s":{"0":1,"1":4,"2":2,"3":4,"4":1,"5":3,"6":3,"7":1,"8":1,"9":1,"10":3,"11":3,"12":1,"13":3,"14":3,"15":0,"16":1},"f":{"0":4,"1":2,"2":4,"3":3,"4":1,"5":1,"6":3,"7":1,"8":3,"9":0,"10":1},"b":{"0":[4,2]},"_coverageSchema":"1a1c01bbd47fc00a2c39e90264f33305004495a9","hash":"4781d54baa30275604638485caa90f1ea1df3067"}
,"/Users/murat/bookshelf/src/components/profiler.js": {"path":"/Users/murat/bookshelf/src/components/profiler.js","statementMap":{"0":{"start":{"line":4,"column":12},"end":{"line":4,"column":14}},"1":{"start":{"line":6,"column":0},"end":{"line":6,"column":35}},"2":{"start":{"line":9,"column":2},"end":{"line":11,"column":3}},"3":{"start":{"line":10,"column":4},"end":{"line":10,"column":43}},"4":{"start":{"line":12,"column":22},"end":{"line":12,"column":32}},"5":{"start":{"line":13,"column":2},"end":{"line":13,"column":12}},"6":{"start":{"line":14,"column":2},"end":{"line":14,"column":47}},"7":{"start":{"line":30,"column":4},"end":{"line":41,"column":5}},"8":{"start":{"line":31,"column":6},"end":{"line":40,"column":8}},"9":{"start":{"line":43,"column":2},"end":{"line":43,"column":63}}},"fnMap":{"0":{"name":"sendProfileQueue","decl":{"start":{"line":8,"column":9},"end":{"line":8,"column":25}},"loc":{"start":{"line":8,"column":28},"end":{"line":15,"column":1}},"line":8},"1":{"name":"Profiler","decl":{"start":{"line":20,"column":9},"end":{"line":20,"column":17}},"loc":{"start":{"line":20,"column":48},"end":{"line":44,"column":1}},"line":20},"2":{"name":"reportProfile","decl":{"start":{"line":21,"column":11},"end":{"line":21,"column":24}},"loc":{"start":{"line":29,"column":4},"end":{"line":42,"column":3}},"line":29}},"branchMap":{"0":{"loc":{"start":{"line":9,"column":2},"end":{"line":11,"column":3}},"type":"if","locations":[{"start":{"line":9,"column":2},"end":{"line":11,"column":3}},{"start":{},"end":{}}],"line":9},"1":{"loc":{"start":{"line":30,"column":4},"end":{"line":41,"column":5}},"type":"if","locations":[{"start":{"line":30,"column":4},"end":{"line":41,"column":5}},{"start":{},"end":{}}],"line":30},"2":{"loc":{"start":{"line":30,"column":8},"end":{"line":30,"column":41}},"type":"binary-expr","locations":[{"start":{"line":30,"column":8},"end":{"line":30,"column":15}},{"start":{"line":30,"column":19},"end":{"line":30,"column":41}}],"line":30}},"s":{"0":0,"1":0,"2":0,"3":0,"4":0,"5":0,"6":0,"7":0,"8":0,"9":0},"f":{"0":0,"1":0,"2":0},"b":{"0":[0,0],"1":[0,0],"2":[0,0]}}
,"/Users/murat/bookshelf/src/components/rating.cy.js": {"path":"/Users/murat/bookshelf/src/components/rating.cy.js","statementMap":{"0":{"start":{"line":6,"column":20},"end":{"line":6,"column":69}},"1":{"start":{"line":8,"column":0},"end":{"line":31,"column":2}},"2":{"start":{"line":9,"column":2},"end":{"line":30,"column":4}},"3":{"start":{"line":10,"column":4},"end":{"line":12,"column":5}},"4":{"start":{"line":14,"column":4},"end":{"line":20,"column":5}},"5":{"start":{"line":22,"column":4},"end":{"line":24,"column":61}},"6":{"start":{"line":24,"column":20},"end":{"line":24,"column":60}},"7":{"start":{"line":26,"column":4},"end":{"line":29,"column":6}},"8":{"start":{"line":27,"column":6},"end":{"line":27,"column":42}},"9":{"start":{"line":28,"column":6},"end":{"line":28,"column":77}}},"fnMap":{"0":{"name":"(anonymous_0)","decl":{"start":{"line":8,"column":41},"end":{"line":8,"column":42}},"loc":{"start":{"line":8,"column":47},"end":{"line":31,"column":1}},"line":8},"1":{"name":"(anonymous_1)","decl":{"start":{"line":9,"column":34},"end":{"line":9,"column":35}},"loc":{"start":{"line":9,"column":40},"end":{"line":30,"column":3}},"line":9},"2":{"name":"(anonymous_2)","decl":{"start":{"line":24,"column":14},"end":{"line":24,"column":15}},"loc":{"start":{"line":24,"column":20},"end":{"line":24,"column":60}},"line":24},"3":{"name":"(anonymous_3)","decl":{"start":{"line":26,"column":40},"end":{"line":26,"column":41}},"loc":{"start":{"line":26,"column":48},"end":{"line":29,"column":5}},"line":26}},"branchMap":{},"s":{"0":0,"1":0,"2":0,"3":0,"4":0,"5":0,"6":0,"7":0,"8":0,"9":0},"f":{"0":0,"1":0,"2":0,"3":0},"b":{}}
,"/Users/murat/bookshelf/src/components/rating.js": {"path":"/Users/murat/bookshelf/src/components/rating.js","statementMap":{"0":{"start":{"line":10,"column":26},"end":{"line":19,"column":1}},"1":{"start":{"line":22,"column":36},"end":{"line":22,"column":57}},"2":{"start":{"line":24,"column":37},"end":{"line":24,"column":56}},"3":{"start":{"line":26,"column":2},"end":{"line":34,"column":8}},"4":{"start":{"line":28,"column":6},"end":{"line":30,"column":7}},"5":{"start":{"line":29,"column":8},"end":{"line":29,"column":26}},"6":{"start":{"line":32,"column":4},"end":{"line":32,"column":69}},"7":{"start":{"line":33,"column":4},"end":{"line":33,"column":71}},"8":{"start":{"line":33,"column":17},"end":{"line":33,"column":71}},"9":{"start":{"line":36,"column":24},"end":{"line":36,"column":50}},"10":{"start":{"line":38,"column":16},"end":{"line":91,"column":4}},"11":{"start":{"line":39,"column":21},"end":{"line":39,"column":49}},"12":{"start":{"line":40,"column":24},"end":{"line":40,"column":29}},"13":{"start":{"line":41,"column":4},"end":{"line":90,"column":5}},"14":{"start":{"line":50,"column":12},"end":{"line":50,"column":58}},"15":{"start":{"line":92,"column":2},"end":{"line":113,"column":3}},"16":{"start":{"line":94,"column":20},"end":{"line":94,"column":39}}},"fnMap":{"0":{"name":"Rating","decl":{"start":{"line":21,"column":9},"end":{"line":21,"column":15}},"loc":{"start":{"line":21,"column":28},"end":{"line":114,"column":1}},"line":21},"1":{"name":"(anonymous_1)","decl":{"start":{"line":26,"column":18},"end":{"line":26,"column":19}},"loc":{"start":{"line":26,"column":24},"end":{"line":34,"column":3}},"line":26},"2":{"name":"handleKeyDown","decl":{"start":{"line":27,"column":13},"end":{"line":27,"column":26}},"loc":{"start":{"line":27,"column":34},"end":{"line":31,"column":5}},"line":27},"3":{"name":"(anonymous_3)","decl":{"start":{"line":33,"column":11},"end":{"line":33,"column":12}},"loc":{"start":{"line":33,"column":17},"end":{"line":33,"column":71}},"line":33},"4":{"name":"(anonymous_4)","decl":{"start":{"line":38,"column":44},"end":{"line":38,"column":45}},"loc":{"start":{"line":38,"column":54},"end":{"line":91,"column":3}},"line":38},"5":{"name":"(anonymous_5)","decl":{"start":{"line":49,"column":20},"end":{"line":49,"column":21}},"loc":{"start":{"line":49,"column":26},"end":{"line":51,"column":11}},"line":49},"6":{"name":"(anonymous_6)","decl":{"start":{"line":94,"column":15},"end":{"line":94,"column":16}},"loc":{"start":{"line":94,"column":20},"end":{"line":94,"column":39}},"line":94}},"branchMap":{"0":{"loc":{"start":{"line":28,"column":6},"end":{"line":30,"column":7}},"type":"if","locations":[{"start":{"line":28,"column":6},"end":{"line":30,"column":7}},{"start":{},"end":{}}],"line":28},"1":{"loc":{"start":{"line":68,"column":25},"end":{"line":70,"column":29}},"type":"cond-expr","locations":[{"start":{"line":69,"column":20},"end":{"line":69,"column":77}},{"start":{"line":70,"column":20},"end":{"line":70,"column":29}}],"line":68},"2":{"loc":{"start":{"line":80,"column":19},"end":{"line":80,"column":70}},"type":"cond-expr","locations":[{"start":{"line":80,"column":41},"end":{"line":80,"column":54}},{"start":{"line":80,"column":57},"end":{"line":80,"column":70}}],"line":80},"3":{"loc":{"start":{"line":85,"column":27},"end":{"line":85,"column":63}},"type":"cond-expr","locations":[{"start":{"line":85,"column":47},"end":{"line":85,"column":53}},{"start":{"line":85,"column":56},"end":{"line":85,"column":63}}],"line":85},"4":{"loc":{"start":{"line":105,"column":7},"end":{"line":111,"column":14}},"type":"cond-expr","locations":[{"start":{"line":106,"column":8},"end":{"line":110,"column":10}},{"start":{"line":111,"column":10},"end":{"line":111,"column":14}}],"line":105}},"s":{"0":2,"1":24,"2":24,"3":24,"4":2,"5":0,"6":13,"7":13,"8":13,"9":24,"10":24,"11":120,"12":120,"13":120,"14":1,"15":24,"16":1},"f":{"0":24,"1":13,"2":2,"3":13,"4":120,"5":1,"6":1},"b":{"0":[0,2],"1":[0,120],"2":[0,120],"3":[24,96],"4":[0,24]},"_coverageSchema":"1a1c01bbd47fc00a2c39e90264f33305004495a9","hash":"effae4088f382dcb6289ffe86778745e01ebf6f7"}
,"/Users/murat/bookshelf/src/components/status-buttons.cy.js": {"path":"/Users/murat/bookshelf/src/components/status-buttons.cy.js","statementMap":{"0":{"start":{"line":5,"column":15},"end":{"line":5,"column":58}},"1":{"start":{"line":7,"column":0},"end":{"line":32,"column":2}},"2":{"start":{"line":8,"column":2},"end":{"line":31,"column":4}},"3":{"start":{"line":9,"column":4},"end":{"line":9,"column":79}},"4":{"start":{"line":10,"column":4},"end":{"line":10,"column":74}},"5":{"start":{"line":11,"column":4},"end":{"line":11,"column":66}},"6":{"start":{"line":12,"column":4},"end":{"line":14,"column":5}},"7":{"start":{"line":15,"column":4},"end":{"line":17,"column":5}},"8":{"start":{"line":18,"column":4},"end":{"line":22,"column":5}},"9":{"start":{"line":24,"column":4},"end":{"line":24,"column":63}},"10":{"start":{"line":26,"column":4},"end":{"line":26,"column":54}},"11":{"start":{"line":27,"column":4},"end":{"line":27,"column":30}},"12":{"start":{"line":29,"column":4},"end":{"line":29,"column":53}},"13":{"start":{"line":30,"column":4},"end":{"line":30,"column":33}}},"fnMap":{"0":{"name":"(anonymous_0)","decl":{"start":{"line":7,"column":26},"end":{"line":7,"column":27}},"loc":{"start":{"line":7,"column":32},"end":{"line":32,"column":1}},"line":7},"1":{"name":"(anonymous_1)","decl":{"start":{"line":8,"column":35},"end":{"line":8,"column":36}},"loc":{"start":{"line":8,"column":41},"end":{"line":31,"column":3}},"line":8}},"branchMap":{},"s":{"0":0,"1":0,"2":0,"3":0,"4":0,"5":0,"6":0,"7":0,"8":0,"9":0,"10":0,"11":0,"12":0,"13":0},"f":{"0":0,"1":0},"b":{}}
,"/Users/murat/bookshelf/src/components/status-buttons.js": {"path":"/Users/murat/bookshelf/src/components/status-buttons.js","statementMap":{"0":{"start":{"line":18,"column":19},"end":{"line":18,"column":39}},"1":{"start":{"line":20,"column":19},"end":{"line":20,"column":58}},"2":{"start":{"line":21,"column":30},"end":{"line":21,"column":69}},"3":{"start":{"line":22,"column":27},"end":{"line":22,"column":66}},"4":{"start":{"line":24,"column":2},"end":{"line":59,"column":3}},"5":{"start":{"line":31,"column":27},"end":{"line":31,"column":70}},"6":{"start":{"line":38,"column":27},"end":{"line":38,"column":76}},"7":{"start":{"line":47,"column":25},"end":{"line":47,"column":61}},"8":{"start":{"line":54,"column":25},"end":{"line":54,"column":58}}},"fnMap":{"0":{"name":"StatusButtons","decl":{"start":{"line":17,"column":9},"end":{"line":17,"column":22}},"loc":{"start":{"line":17,"column":31},"end":{"line":60,"column":1}},"line":17},"1":{"name":"(anonymous_1)","decl":{"start":{"line":31,"column":21},"end":{"line":31,"column":22}},"loc":{"start":{"line":31,"column":27},"end":{"line":31,"column":70}},"line":31},"2":{"name":"(anonymous_2)","decl":{"start":{"line":38,"column":21},"end":{"line":38,"column":22}},"loc":{"start":{"line":38,"column":27},"end":{"line":38,"column":76}},"line":38},"3":{"name":"(anonymous_3)","decl":{"start":{"line":47,"column":19},"end":{"line":47,"column":20}},"loc":{"start":{"line":47,"column":25},"end":{"line":47,"column":61}},"line":47},"4":{"name":"(anonymous_4)","decl":{"start":{"line":54,"column":19},"end":{"line":54,"column":20}},"loc":{"start":{"line":54,"column":25},"end":{"line":54,"column":58}},"line":54}},"branchMap":{"0":{"loc":{"start":{"line":26,"column":7},"end":{"line":42,"column":14}},"type":"cond-expr","locations":[{"start":{"line":27,"column":8},"end":{"line":41,"column":9}},{"start":{"line":42,"column":10},"end":{"line":42,"column":14}}],"line":26},"1":{"loc":{"start":{"line":27,"column":8},"end":{"line":41,"column":9}},"type":"cond-expr","locations":[{"start":{"line":28,"column":10},"end":{"line":33,"column":12}},{"start":{"line":35,"column":10},"end":{"line":40,"column":12}}],"line":27},"2":{"loc":{"start":{"line":43,"column":7},"end":{"line":57,"column":7}},"type":"cond-expr","locations":[{"start":{"line":44,"column":8},"end":{"line":49,"column":10}},{"start":{"line":51,"column":8},"end":{"line":56,"column":10}}],"line":43}},"s":{"0":30,"1":30,"2":30,"3":30,"4":30,"5":0,"6":1,"7":1,"8":1},"f":{"0":30,"1":0,"2":1,"3":1,"4":1},"b":{"0":[21,9],"1":[17,4],"2":[21,9]},"_coverageSchema":"1a1c01bbd47fc00a2c39e90264f33305004495a9","hash":"4eaa648f5cd1903bcfcd6b0a413e51937edd2421"}
,"/Users/murat/bookshelf/src/components/tooltip-button.cy.js": {"path":"/Users/murat/bookshelf/src/components/tooltip-button.cy.js","statementMap":{"0":{"start":{"line":6,"column":0},"end":{"line":23,"column":2}},"1":{"start":{"line":7,"column":2},"end":{"line":22,"column":4}},"2":{"start":{"line":8,"column":18},"end":{"line":8,"column":31}},"3":{"start":{"line":9,"column":4},"end":{"line":16,"column":5}},"4":{"start":{"line":18,"column":4},"end":{"line":18,"column":32}},"5":{"start":{"line":19,"column":4},"end":{"line":19,"column":22}},"6":{"start":{"line":20,"column":4},"end":{"line":20,"column":28}},"7":{"start":{"line":21,"column":4},"end":{"line":21,"column":53}}},"fnMap":{"0":{"name":"(anonymous_0)","decl":{"start":{"line":6,"column":26},"end":{"line":6,"column":27}},"loc":{"start":{"line":6,"column":32},"end":{"line":23,"column":1}},"line":6},"1":{"name":"(anonymous_1)","decl":{"start":{"line":7,"column":65},"end":{"line":7,"column":66}},"loc":{"start":{"line":7,"column":71},"end":{"line":22,"column":3}},"line":7}},"branchMap":{},"s":{"0":0,"1":0,"2":0,"3":0,"4":0,"5":0,"6":0,"7":0},"f":{"0":0,"1":0},"b":{}}
,"/Users/murat/bookshelf/src/components/tooltip-button.js": {"path":"/Users/murat/bookshelf/src/components/tooltip-button.js","statementMap":{"0":{"start":{"line":17,"column":50},"end":{"line":17,"column":60}},"1":{"start":{"line":20,"column":4},"end":{"line":24,"column":5}},"2":{"start":{"line":21,"column":6},"end":{"line":21,"column":13}},"3":{"start":{"line":23,"column":6},"end":{"line":23,"column":20}},"4":{"start":{"line":27,"column":2},"end":{"line":48,"column":3}}},"fnMap":{"0":{"name":"TooltipButton","decl":{"start":{"line":10,"column":24},"end":{"line":10,"column":37}},"loc":{"start":{"line":16,"column":3},"end":{"line":49,"column":1}},"line":16},"1":{"name":"handleClick","decl":{"start":{"line":19,"column":11},"end":{"line":19,"column":22}},"loc":{"start":{"line":19,"column":25},"end":{"line":25,"column":3}},"line":19}},"branchMap":{"0":{"loc":{"start":{"line":20,"column":4},"end":{"line":24,"column":5}},"type":"if","locations":[{"start":{"line":20,"column":4},"end":{"line":24,"column":5}},{"start":{"line":22,"column":11},"end":{"line":24,"column":5}}],"line":20},"1":{"loc":{"start":{"line":28,"column":20},"end":{"line":28,"column":51}},"type":"cond-expr","locations":[{"start":{"line":28,"column":30},"end":{"line":28,"column":43}},{"start":{"line":28,"column":46},"end":{"line":28,"column":51}}],"line":28},"2":{"loc":{"start":{"line":33,"column":19},"end":{"line":37,"column":25}},"type":"cond-expr","locations":[{"start":{"line":34,"column":16},"end":{"line":34,"column":29}},{"start":{"line":35,"column":16},"end":{"line":37,"column":25}}],"line":33},"3":{"loc":{"start":{"line":35,"column":16},"end":{"line":37,"column":25}},"type":"cond-expr","locations":[{"start":{"line":36,"column":16},"end":{"line":36,"column":29}},{"start":{"line":37,"column":16},"end":{"line":37,"column":25}}],"line":35},"4":{"loc":{"start":{"line":42,"column":20},"end":{"line":42,"column":51}},"type":"cond-expr","locations":[{"start":{"line":42,"column":30},"end":{"line":42,"column":43}},{"start":{"line":42,"column":46},"end":{"line":42,"column":51}}],"line":42},"5":{"loc":{"start":{"line":45,"column":9},"end":{"line":45,"column":69}},"type":"cond-expr","locations":[{"start":{"line":45,"column":21},"end":{"line":45,"column":32}},{"start":{"line":45,"column":35},"end":{"line":45,"column":69}}],"line":45},"6":{"loc":{"start":{"line":45,"column":35},"end":{"line":45,"column":69}},"type":"cond-expr","locations":[{"start":{"line":45,"column":45},"end":{"line":45,"column":62}},{"start":{"line":45,"column":65},"end":{"line":45,"column":69}}],"line":45}},"s":{"0":51,"1":3,"2":0,"3":3,"4":51},"f":{"0":51,"1":3},"b":{"0":[0,3],"1":[0,51],"2":[9,42],"3":[0,42],"4":[0,51],"5":[9,42],"6":[0,42]},"_coverageSchema":"1a1c01bbd47fc00a2c39e90264f33305004495a9","hash":"6cf68666a818e12a4e1111fb2d824007175076f9"}
,"/Users/murat/bookshelf/src/context/auth-context.js": {"path":"/Users/murat/bookshelf/src/context/auth-context.js","statementMap":{"0":{"start":{"line":19,"column":13},"end":{"line":19,"column":17}},"1":{"start":{"line":21,"column":16},"end":{"line":21,"column":37}},"2":{"start":{"line":22,"column":2},"end":{"line":31,"column":3}},"3":{"start":{"line":23,"column":17},"end":{"line":23,"column":51}},"4":{"start":{"line":24,"column":4},"end":{"line":26,"column":6}},"5":{"start":{"line":27,"column":4},"end":{"line":29,"column":5}},"6":{"start":{"line":28,"column":6},"end":{"line":28,"column":40}},"7":{"start":{"line":30,"column":4},"end":{"line":30,"column":20}},"8":{"start":{"line":32,"column":2},"end":{"line":32,"column":13}},"9":{"start":{"line":39,"column":20},"end":{"line":39,"column":41}},"10":{"start":{"line":40,"column":0},"end":{"line":40,"column":39}},"11":{"start":{"line":55,"column":6},"end":{"line":55,"column":16}},"12":{"start":{"line":57,"column":2},"end":{"line":60,"column":11}},"13":{"start":{"line":58,"column":27},"end":{"line":58,"column":45}},"14":{"start":{"line":59,"column":4},"end":{"line":59,"column":23}},"15":{"start":{"line":65,"column":16},"end":{"line":68,"column":3}},"16":{"start":{"line":66,"column":12},"end":{"line":66,"column":56}},"17":{"start":{"line":66,"column":42},"end":{"line":66,"column":55}},"18":{"start":{"line":69,"column":19},"end":{"line":72,"column":3}},"19":{"start":{"line":70,"column":12},"end":{"line":70,"column":59}},"20":{"start":{"line":70,"column":45},"end":{"line":70,"column":58}},"21":{"start":{"line":73,"column":17},"end":{"line":77,"column":15}},"22":{"start":{"line":74,"column":4},"end":{"line":74,"column":17}},"23":{"start":{"line":75,"column":4},"end":{"line":75,"column":22}},"24":{"start":{"line":76,"column":4},"end":{"line":76,"column":17}},"25":{"start":{"line":79,"column":16},"end":{"line":82,"column":3}},"26":{"start":{"line":80,"column":11},"end":{"line":80,"column":42}},"27":{"start":{"line":84,"column":2},"end":{"line":86,"column":3}},"28":{"start":{"line":85,"column":4},"end":{"line":85,"column":30}},"29":{"start":{"line":88,"column":2},"end":{"line":90,"column":3}},"30":{"start":{"line":89,"column":4},"end":{"line":89,"column":50}},"31":{"start":{"line":92,"column":2},"end":{"line":94,"column":3}},"32":{"start":{"line":93,"column":4},"end":{"line":93,"column":60}},"33":{"start":{"line":96,"column":2},"end":{"line":96,"column":48}},"34":{"start":{"line":106,"column":18},"end":{"line":106,"column":47}},"35":{"start":{"line":107,"column":2},"end":{"line":109,"column":3}},"36":{"start":{"line":108,"column":4},"end":{"line":108,"column":65}},"37":{"start":{"line":110,"column":2},"end":{"line":110,"column":16}},"38":{"start":{"line":114,"column":17},"end":{"line":114,"column":26}},"39":{"start":{"line":115,"column":16},"end":{"line":115,"column":27}},"40":{"start":{"line":116,"column":2},"end":{"line":119,"column":3}},"41":{"start":{"line":117,"column":26},"end":{"line":117,"column":62}}},"fnMap":{"0":{"name":"bootstrapAppData","decl":{"start":{"line":18,"column":15},"end":{"line":18,"column":31}},"loc":{"start":{"line":18,"column":34},"end":{"line":33,"column":1}},"line":18},"1":{"name":"AuthProvider","decl":{"start":{"line":44,"column":9},"end":{"line":44,"column":21}},"loc":{"start":{"line":44,"column":29},"end":{"line":97,"column":1}},"line":44},"2":{"name":"(anonymous_2)","decl":{"start":{"line":57,"column":18},"end":{"line":57,"column":19}},"loc":{"start":{"line":57,"column":24},"end":{"line":60,"column":3}},"line":57},"3":{"name":"(anonymous_3)","decl":{"start":{"line":66,"column":4},"end":{"line":66,"column":5}},"loc":{"start":{"line":66,"column":12},"end":{"line":66,"column":56}},"line":66},"4":{"name":"(anonymous_4)","decl":{"start":{"line":66,"column":34},"end":{"line":66,"column":35}},"loc":{"start":{"line":66,"column":42},"end":{"line":66,"column":55}},"line":66},"5":{"name":"(anonymous_5)","decl":{"start":{"line":70,"column":4},"end":{"line":70,"column":5}},"loc":{"start":{"line":70,"column":12},"end":{"line":70,"column":59}},"line":70},"6":{"name":"(anonymous_6)","decl":{"start":{"line":70,"column":37},"end":{"line":70,"column":38}},"loc":{"start":{"line":70,"column":45},"end":{"line":70,"column":58}},"line":70},"7":{"name":"(anonymous_7)","decl":{"start":{"line":73,"column":35},"end":{"line":73,"column":36}},"loc":{"start":{"line":73,"column":41},"end":{"line":77,"column":3}},"line":73},"8":{"name":"(anonymous_8)","decl":{"start":{"line":80,"column":4},"end":{"line":80,"column":5}},"loc":{"start":{"line":80,"column":11},"end":{"line":80,"column":42}},"line":80},"9":{"name":"useAuth","decl":{"start":{"line":105,"column":9},"end":{"line":105,"column":16}},"loc":{"start":{"line":105,"column":19},"end":{"line":111,"column":1}},"line":105},"10":{"name":"useClient","decl":{"start":{"line":113,"column":9},"end":{"line":113,"column":18}},"loc":{"start":{"line":113,"column":21},"end":{"line":120,"column":1}},"line":113},"11":{"name":"(anonymous_11)","decl":{"start":{"line":117,"column":4},"end":{"line":117,"column":5}},"loc":{"start":{"line":117,"column":26},"end":{"line":117,"column":62}},"line":117}},"branchMap":{"0":{"loc":{"start":{"line":22,"column":2},"end":{"line":31,"column":3}},"type":"if","locations":[{"start":{"line":22,"column":2},"end":{"line":31,"column":3}},{"start":{},"end":{}}],"line":22},"1":{"loc":{"start":{"line":84,"column":2},"end":{"line":86,"column":3}},"type":"if","locations":[{"start":{"line":84,"column":2},"end":{"line":86,"column":3}},{"start":{},"end":{}}],"line":84},"2":{"loc":{"start":{"line":84,"column":6},"end":{"line":84,"column":25}},"type":"binary-expr","locations":[{"start":{"line":84,"column":6},"end":{"line":84,"column":15}},{"start":{"line":84,"column":19},"end":{"line":84,"column":25}}],"line":84},"3":{"loc":{"start":{"line":88,"column":2},"end":{"line":90,"column":3}},"type":"if","locations":[{"start":{"line":88,"column":2},"end":{"line":90,"column":3}},{"start":{},"end":{}}],"line":88},"4":{"loc":{"start":{"line":92,"column":2},"end":{"line":94,"column":3}},"type":"if","locations":[{"start":{"line":92,"column":2},"end":{"line":94,"column":3}},{"start":{},"end":{}}],"line":92},"5":{"loc":{"start":{"line":107,"column":2},"end":{"line":109,"column":3}},"type":"if","locations":[{"start":{"line":107,"column":2},"end":{"line":109,"column":3}},{"start":{},"end":{}}],"line":107}},"s":{"0":14,"1":14,"2":14,"3":14,"4":14,"5":14,"6":11,"7":14,"8":14,"9":2,"10":2,"11":43,"12":42,"13":14,"14":14,"15":42,"16":0,"17":0,"18":42,"19":0,"20":0,"21":42,"22":0,"23":0,"24":0,"25":42,"26":28,"27":42,"28":28,"29":14,"30":0,"31":14,"32":14,"33":0,"34":250,"35":248,"36":0,"37":248,"38":234,"39":234,"40":234,"41":78},"f":{"0":14,"1":43,"2":14,"3":0,"4":0,"5":0,"6":0,"7":0,"8":28,"9":250,"10":234,"11":78},"b":{"0":[14,0],"1":[28,14],"2":[42,28],"3":[0,14],"4":[14,0],"5":[0,248]},"_coverageSchema":"1a1c01bbd47fc00a2c39e90264f33305004495a9","hash":"06b28028c3ec3d827d2c2ee0614f47e980733a82"}
,"/Users/murat/bookshelf/src/context/index.js": {"path":"/Users/murat/bookshelf/src/context/index.js","statementMap":{"0":{"start":{"line":8,"column":20},"end":{"line":18,"column":1}},"1":{"start":{"line":13,"column":6},"end":{"line":15,"column":23}},"2":{"start":{"line":13,"column":32},"end":{"line":13,"column":44}},"3":{"start":{"line":14,"column":11},"end":{"line":15,"column":23}},"4":{"start":{"line":14,"column":33},"end":{"line":14,"column":44}},"5":{"start":{"line":15,"column":11},"end":{"line":15,"column":23}},"6":{"start":{"line":21,"column":2},"end":{"line":28,"column":3}}},"fnMap":{"0":{"name":"(anonymous_0)","decl":{"start":{"line":12,"column":4},"end":{"line":12,"column":5}},"loc":{"start":{"line":12,"column":31},"end":{"line":16,"column":5}},"line":12},"1":{"name":"AppProviders","decl":{"start":{"line":20,"column":9},"end":{"line":20,"column":21}},"loc":{"start":{"line":20,"column":34},"end":{"line":29,"column":1}},"line":20}},"branchMap":{"0":{"loc":{"start":{"line":13,"column":6},"end":{"line":15,"column":23}},"type":"if","locations":[{"start":{"line":13,"column":6},"end":{"line":15,"column":23}},{"start":{"line":14,"column":11},"end":{"line":15,"column":23}}],"line":13},"1":{"loc":{"start":{"line":14,"column":11},"end":{"line":15,"column":23}},"type":"if","locations":[{"start":{"line":14,"column":11},"end":{"line":15,"column":23}},{"start":{"line":15,"column":11},"end":{"line":15,"column":23}}],"line":14}},"s":{"0":2,"1":1,"2":1,"3":0,"4":0,"5":0,"6":14},"f":{"0":1,"1":14},"b":{"0":[1,0],"1":[0,0]},"_coverageSchema":"1a1c01bbd47fc00a2c39e90264f33305004495a9","hash":"cc7386f2245f7009f81b473e4c654b0f321142cc"}
,"/Users/murat/bookshelf/src/screens/book.cy.js": {"path":"/Users/murat/bookshelf/src/screens/book.cy.js","statementMap":{"0":{"start":{"line":5,"column":15},"end":{"line":5,"column":58}},"1":{"start":{"line":7,"column":0},"end":{"line":25,"column":2}},"2":{"start":{"line":8,"column":2},"end":{"line":24,"column":4}},"3":{"start":{"line":9,"column":4},"end":{"line":9,"column":79}},"4":{"start":{"line":10,"column":4},"end":{"line":10,"column":74}},"5":{"start":{"line":11,"column":4},"end":{"line":11,"column":67}},"6":{"start":{"line":12,"column":4},"end":{"line":16,"column":5}},"7":{"start":{"line":18,"column":4},"end":{"line":18,"column":56}},"8":{"start":{"line":19,"column":4},"end":{"line":19,"column":27}},"9":{"start":{"line":20,"column":4},"end":{"line":20,"column":28}},"10":{"start":{"line":21,"column":4},"end":{"line":21,"column":31}},"11":{"start":{"line":22,"column":4},"end":{"line":22,"column":30}},"12":{"start":{"line":23,"column":4},"end":{"line":23,"column":79}}},"fnMap":{"0":{"name":"(anonymous_0)","decl":{"start":{"line":7,"column":46},"end":{"line":7,"column":47}},"loc":{"start":{"line":7,"column":52},"end":{"line":25,"column":1}},"line":7},"1":{"name":"(anonymous_1)","decl":{"start":{"line":8,"column":23},"end":{"line":8,"column":24}},"loc":{"start":{"line":8,"column":29},"end":{"line":24,"column":3}},"line":8}},"branchMap":{},"s":{"0":0,"1":0,"2":0,"3":0,"4":0,"5":0,"6":0,"7":0,"8":0,"9":0,"10":0,"11":0,"12":0},"f":{"0":0,"1":0},"b":{}}
,"/Users/murat/bookshelf/src/screens/book.js": {"path":"/Users/murat/bookshelf/src/screens/book.js","statementMap":{"0":{"start":{"line":18,"column":19},"end":{"line":18,"column":30}},"1":{"start":{"line":19,"column":15},"end":{"line":19,"column":30}},"2":{"start":{"line":20,"column":19},"end":{"line":20,"column":38}},"3":{"start":{"line":22,"column":62},"end":{"line":22,"column":66}},"4":{"start":{"line":24,"column":2},"end":{"line":82,"column":3}}},"fnMap":{"0":{"name":"BookScreen","decl":{"start":{"line":17,"column":9},"end":{"line":17,"column":19}},"loc":{"start":{"line":17,"column":22},"end":{"line":83,"column":1}},"line":17}},"branchMap":{"0":{"loc":{"start":{"line":64,"column":17},"end":{"line":64,"column":72}},"type":"cond-expr","locations":[{"start":{"line":64,"column":36},"end":{"line":64,"column":40}},{"start":{"line":64,"column":43},"end":{"line":64,"column":72}}],"line":64},"1":{"loc":{"start":{"line":68,"column":15},"end":{"line":68,"column":75}},"type":"cond-expr","locations":[{"start":{"line":68,"column":38},"end":{"line":68,"column":68}},{"start":{"line":68,"column":71},"end":{"line":68,"column":75}}],"line":68},"2":{"loc":{"start":{"line":69,"column":15},"end":{"line":69,"column":74}},"type":"cond-expr","locations":[{"start":{"line":69,"column":26},"end":{"line":69,"column":67}},{"start":{"line":69,"column":70},"end":{"line":69,"column":74}}],"line":69},"3":{"loc":{"start":{"line":77,"column":9},"end":{"line":79,"column":16}},"type":"cond-expr","locations":[{"start":{"line":78,"column":10},"end":{"line":78,"column":47}},{"start":{"line":79,"column":12},"end":{"line":79,"column":16}}],"line":77},"4":{"loc":{"start":{"line":77,"column":9},"end":{"line":77,"column":38}},"type":"binary-expr","locations":[{"start":{"line":77,"column":9},"end":{"line":77,"column":26}},{"start":{"line":77,"column":30},"end":{"line":77,"column":38}}],"line":77}},"s":{"0":38,"1":37,"2":33,"3":33,"4":33},"f":{"0":38},"b":{"0":[6,27],"1":[16,17],"2":[20,13],"3":[20,13],"4":[33,27]},"_coverageSchema":"1a1c01bbd47fc00a2c39e90264f33305004495a9","hash":"b0dfe8d32048b337b06ccddadadce3b018f8b051"}
,"/Users/murat/bookshelf/src/screens/discover.cy.js": {"path":"/Users/murat/bookshelf/src/screens/discover.cy.js","statementMap":{"0":{"start":{"line":7,"column":0},"end":{"line":26,"column":2}},"1":{"start":{"line":8,"column":2},"end":{"line":25,"column":4}},"2":{"start":{"line":9,"column":4},"end":{"line":9,"column":79}},"3":{"start":{"line":10,"column":4},"end":{"line":10,"column":64}},"4":{"start":{"line":11,"column":4},"end":{"line":11,"column":74}},"5":{"start":{"line":13,"column":4},"end":{"line":19,"column":5}},"6":{"start":{"line":20,"column":4},"end":{"line":20,"column":48}},"7":{"start":{"line":21,"column":4},"end":{"line":21,"column":41}},"8":{"start":{"line":22,"column":4},"end":{"line":22,"column":26}},"9":{"start":{"line":24,"column":4},"end":{"line":24,"column":48}}},"fnMap":{"0":{"name":"(anonymous_0)","decl":{"start":{"line":7,"column":32},"end":{"line":7,"column":33}},"loc":{"start":{"line":7,"column":38},"end":{"line":26,"column":1}},"line":7},"1":{"name":"(anonymous_1)","decl":{"start":{"line":8,"column":59},"end":{"line":8,"column":60}},"loc":{"start":{"line":8,"column":65},"end":{"line":25,"column":3}},"line":8}},"branchMap":{},"s":{"0":0,"1":0,"2":0,"3":0,"4":0,"5":0,"6":0,"7":0,"8":0,"9":0},"f":{"0":0,"1":0},"b":{}}
,"/Users/murat/bookshelf/src/screens/discover.js": {"path":"/Users/murat/bookshelf/src/screens/discover.js","statementMap":{"0":{"start":{"line":14,"column":28},"end":{"line":14,"column":46}},"1":{"start":{"line":15,"column":32},"end":{"line":15,"column":48}},"2":{"start":{"line":16,"column":56},"end":{"line":16,"column":76}},"3":{"start":{"line":17,"column":33},"end":{"line":17,"column":60}},"4":{"start":{"line":19,"column":2},"end":{"line":21,"column":30}},"5":{"start":{"line":20,"column":4},"end":{"line":20,"column":41}},"6":{"start":{"line":20,"column":17},"end":{"line":20,"column":41}},"7":{"start":{"line":24,"column":4},"end":{"line":24,"column":26}},"8":{"start":{"line":25,"column":4},"end":{"line":25,"column":20}},"9":{"start":{"line":26,"column":4},"end":{"line":26,"column":48}},"10":{"start":{"line":29,"column":2},"end":{"line":116,"column":3}},"11":{"start":{"line":94,"column":16},"end":{"line":96,"column":21}}},"fnMap":{"0":{"name":"DiscoverBooksScreen","decl":{"start":{"line":13,"column":9},"end":{"line":13,"column":28}},"loc":{"start":{"line":13,"column":31},"end":{"line":117,"column":1}},"line":13},"1":{"name":"(anonymous_1)","decl":{"start":{"line":19,"column":18},"end":{"line":19,"column":19}},"loc":{"start":{"line":19,"column":24},"end":{"line":21,"column":3}},"line":19},"2":{"name":"(anonymous_2)","decl":{"start":{"line":20,"column":11},"end":{"line":20,"column":12}},"loc":{"start":{"line":20,"column":17},"end":{"line":20,"column":41}},"line":20},"3":{"name":"handleSearchClick","decl":{"start":{"line":23,"column":11},"end":{"line":23,"column":28}},"loc":{"start":{"line":23,"column":36},"end":{"line":27,"column":3}},"line":23},"4":{"name":"(anonymous_4)","decl":{"start":{"line":93,"column":25},"end":{"line":93,"column":26}},"loc":{"start":{"line":94,"column":16},"end":{"line":96,"column":21}},"line":94}},"branchMap":{"0":{"loc":{"start":{"line":50,"column":17},"end":{"line":56,"column":17}},"type":"cond-expr","locations":[{"start":{"line":51,"column":18},"end":{"line":51,"column":54}},{"start":{"line":52,"column":20},"end":{"line":56,"column":17}}],"line":50},"1":{"loc":{"start":{"line":52,"column":20},"end":{"line":56,"column":17}},"type":"cond-expr","locations":[{"start":{"line":53,"column":18},"end":{"line":53,"column":77}},{"start":{"line":55,"column":18},"end":{"line":55,"column":50}}],"line":52},"2":{"loc":{"start":{"line":62,"column":9},"end":{"line":67,"column":16}},"type":"cond-expr","locations":[{"start":{"line":63,"column":10},"end":{"line":66,"column":16}},{"start":{"line":67,"column":12},"end":{"line":67,"column":16}}],"line":62},"3":{"loc":{"start":{"line":70,"column":9},"end":{"line":86,"column":9}},"type":"cond-expr","locations":[{"start":{"line":70,"column":19},"end":{"line":70,"column":23}},{"start":{"line":71,"column":10},"end":{"line":85,"column":16}}],"line":70},"4":{"loc":{"start":{"line":74,"column":13},"end":{"line":84,"column":20}},"type":"cond-expr","locations":[{"start":{"line":75,"column":14},"end":{"line":77,"column":20}},{"start":{"line":78,"column":16},"end":{"line":84,"column":20}}],"line":74},"5":{"loc":{"start":{"line":78,"column":16},"end":{"line":84,"column":20}},"type":"cond-expr","locations":[{"start":{"line":79,"column":14},"end":{"line":79,"column":76}},{"start":{"line":80,"column":16},"end":{"line":84,"column":20}}],"line":78},"6":{"loc":{"start":{"line":78,"column":16},"end":{"line":78,"column":41}},"type":"binary-expr","locations":[{"start":{"line":78,"column":16},"end":{"line":78,"column":25}},{"start":{"line":78,"column":29},"end":{"line":78,"column":41}}],"line":78},"7":{"loc":{"start":{"line":80,"column":16},"end":{"line":84,"column":20}},"type":"cond-expr","locations":[{"start":{"line":81,"column":14},"end":{"line":83,"column":18}},{"start":{"line":84,"column":16},"end":{"line":84,"column":20}}],"line":80},"8":{"loc":{"start":{"line":80,"column":16},"end":{"line":80,"column":42}},"type":"binary-expr","locations":[{"start":{"line":80,"column":16},"end":{"line":80,"column":25}},{"start":{"line":80,"column":29},"end":{"line":80,"column":42}}],"line":80},"9":{"loc":{"start":{"line":87,"column":9},"end":{"line":113,"column":16}},"type":"cond-expr","locations":[{"start":{"line":88,"column":10},"end":{"line":99,"column":21}},{"start":{"line":100,"column":12},"end":{"line":113,"column":16}}],"line":87},"10":{"loc":{"start":{"line":100,"column":12},"end":{"line":113,"column":16}},"type":"cond-expr","locations":[{"start":{"line":101,"column":10},"end":{"line":112,"column":16}},{"start":{"line":113,"column":12},"end":{"line":113,"column":16}}],"line":100},"11":{"loc":{"start":{"line":102,"column":13},"end":{"line":111,"column":13}},"type":"cond-expr","locations":[{"start":{"line":103,"column":14},"end":{"line":105,"column":20}},{"start":{"line":107,"column":14},"end":{"line":110,"column":18}}],"line":102}},"s":{"0":0,"1":0,"2":0,"3":0,"4":0,"5":0,"6":0,"7":0,"8":0,"9":0,"10":0,"11":0},"f":{"0":0,"1":0,"2":0,"3":0,"4":0},"b":{"0":[0,0],"1":[0,0],"2":[0,0],"3":[0,0],"4":[0,0],"5":[0,0],"6":[0,0],"7":[0,0],"8":[0,0],"9":[0,0],"10":[0,0],"11":[0,0]},"_coverageSchema":"1a1c01bbd47fc00a2c39e90264f33305004495a9","hash":"5a711bf880fbd3baa954af688e63a41dea6be963"}
,"/Users/murat/bookshelf/src/screens/finished.cy.js": {"path":"/Users/murat/bookshelf/src/screens/finished.cy.js","statementMap":{"0":{"start":{"line":7,"column":0},"end":{"line":23,"column":2}},"1":{"start":{"line":8,"column":2},"end":{"line":22,"column":4}},"2":{"start":{"line":9,"column":4},"end":{"line":9,"column":79}},"3":{"start":{"line":10,"column":4},"end":{"line":10,"column":74}},"4":{"start":{"line":12,"column":4},"end":{"line":18,"column":5}},"5":{"start":{"line":20,"column":4},"end":{"line":20,"column":26}},"6":{"start":{"line":21,"column":4},"end":{"line":21,"column":31}}},"fnMap":{"0":{"name":"(anonymous_0)","decl":{"start":{"line":7,"column":27},"end":{"line":7,"column":28}},"loc":{"start":{"line":7,"column":33},"end":{"line":23,"column":1}},"line":7},"1":{"name":"(anonymous_1)","decl":{"start":{"line":8,"column":38},"end":{"line":8,"column":39}},"loc":{"start":{"line":8,"column":44},"end":{"line":22,"column":3}},"line":8}},"branchMap":{},"s":{"0":0,"1":0,"2":0,"3":0,"4":0,"5":0,"6":0},"f":{"0":0,"1":0},"b":{}}
,"/Users/murat/bookshelf/src/screens/finished.js": {"path":"/Users/murat/bookshelf/src/screens/finished.js","statementMap":{"0":{"start":{"line":6,"column":2},"end":{"line":25,"column":3}},"1":{"start":{"line":8,"column":29},"end":{"line":8,"column":51}}},"fnMap":{"0":{"name":"FinishedScreen","decl":{"start":{"line":5,"column":9},"end":{"line":5,"column":23}},"loc":{"start":{"line":5,"column":26},"end":{"line":26,"column":1}},"line":5},"1":{"name":"(anonymous_1)","decl":{"start":{"line":8,"column":23},"end":{"line":8,"column":24}},"loc":{"start":{"line":8,"column":29},"end":{"line":8,"column":51}},"line":8}},"branchMap":{},"s":{"0":0,"1":0},"f":{"0":0,"1":0},"b":{},"_coverageSchema":"1a1c01bbd47fc00a2c39e90264f33305004495a9","hash":"765dc7cc94ee62f4ba70015d0ca3990ca6b1f750"}
,"/Users/murat/bookshelf/src/screens/list-item-time-frame.cy.js": {"path":"/Users/murat/bookshelf/src/screens/list-item-time-frame.cy.js","statementMap":{"0":{"start":{"line":3,"column":20},"end":{"line":3,"column":69}},"1":{"start":{"line":5,"column":0},"end":{"line":16,"column":2}},"2":{"start":{"line":6,"column":2},"end":{"line":10,"column":4}},"3":{"start":{"line":7,"column":4},"end":{"line":7,"column":59}},"4":{"start":{"line":8,"column":4},"end":{"line":8,"column":30}},"5":{"start":{"line":9,"column":4},"end":{"line":9,"column":29}},"6":{"start":{"line":11,"column":2},"end":{"line":15,"column":4}},"7":{"start":{"line":12,"column":4},"end":{"line":12,"column":59}},"8":{"start":{"line":13,"column":4},"end":{"line":13,"column":30}},"9":{"start":{"line":14,"column":4},"end":{"line":14,"column":40}}},"fnMap":{"0":{"name":"(anonymous_0)","decl":{"start":{"line":5,"column":30},"end":{"line":5,"column":31}},"loc":{"start":{"line":5,"column":36},"end":{"line":16,"column":1}},"line":5},"1":{"name":"(anonymous_1)","decl":{"start":{"line":6,"column":33},"end":{"line":6,"column":34}},"loc":{"start":{"line":6,"column":39},"end":{"line":10,"column":3}},"line":6},"2":{"name":"(anonymous_2)","decl":{"start":{"line":11,"column":45},"end":{"line":11,"column":46}},"loc":{"start":{"line":11,"column":51},"end":{"line":15,"column":3}},"line":11}},"branchMap":{},"s":{"0":0,"1":0,"2":0,"3":0,"4":0,"5":0,"6":0,"7":0,"8":0,"9":0},"f":{"0":0,"1":0,"2":0},"b":{}}
,"/Users/murat/bookshelf/src/screens/list-item-time-frame.js": {"path":"/Users/murat/bookshelf/src/screens/list-item-time-frame.js","statementMap":{"0":{"start":{"line":7,"column":25},"end":{"line":9,"column":18}},"1":{"start":{"line":11,"column":2},"end":{"line":21,"column":3}}},"fnMap":{"0":{"name":"ListItemTimeFrame","decl":{"start":{"line":6,"column":24},"end":{"line":6,"column":41}},"loc":{"start":{"line":6,"column":54},"end":{"line":22,"column":1}},"line":6}},"branchMap":{"0":{"loc":{"start":{"line":7,"column":25},"end":{"line":9,"column":18}},"type":"cond-expr","locations":[{"start":{"line":8,"column":6},"end":{"line":8,"column":29}},{"start":{"line":9,"column":6},"end":{"line":9,"column":18}}],"line":7},"1":{"loc":{"start":{"line":17,"column":11},"end":{"line":17,"column":78}},"type":"cond-expr","locations":[{"start":{"line":17,"column":33},"end":{"line":17,"column":71}},{"start":{"line":17,"column":74},"end":{"line":17,"column":78}}],"line":17}},"s":{"0":20,"1":20},"f":{"0":20},"b":{"0":[16,4],"1":[16,4]},"_coverageSchema":"1a1c01bbd47fc00a2c39e90264f33305004495a9","hash":"47a95e0d1f4a034dd093c4404cf5235a50c10ab3"}
,"/Users/murat/bookshelf/src/screens/not-found.cy.js": {"path":"/Users/murat/bookshelf/src/screens/not-found.cy.js","statementMap":{"0":{"start":{"line":6,"column":0},"end":{"line":23,"column":2}},"1":{"start":{"line":7,"column":2},"end":{"line":22,"column":4}},"2":{"start":{"line":8,"column":4},"end":{"line":8,"column":79}},"3":{"start":{"line":9,"column":4},"end":{"line":9,"column":74}},"4":{"start":{"line":11,"column":4},"end":{"line":17,"column":5}},"5":{"start":{"line":19,"column":4},"end":{"line":19,"column":60}},"6":{"start":{"line":20,"column":4},"end":{"line":20,"column":37}},"7":{"start":{"line":21,"column":4},"end":{"line":21,"column":38}}},"fnMap":{"0":{"name":"(anonymous_0)","decl":{"start":{"line":6,"column":27},"end":{"line":6,"column":28}},"loc":{"start":{"line":6,"column":33},"end":{"line":23,"column":1}},"line":6},"1":{"name":"(anonymous_1)","decl":{"start":{"line":7,"column":23},"end":{"line":7,"column":24}},"loc":{"start":{"line":7,"column":29},"end":{"line":22,"column":3}},"line":7}},"branchMap":{},"s":{"0":0,"1":0,"2":0,"3":0,"4":0,"5":0,"6":0,"7":0},"f":{"0":0,"1":0},"b":{}}
,"/Users/murat/bookshelf/src/screens/not-found.js": {"path":"/Users/murat/bookshelf/src/screens/not-found.js","statementMap":{"0":{"start":{"line":7,"column":2},"end":{"line":20,"column":3}}},"fnMap":{"0":{"name":"NotFoundScreen","decl":{"start":{"line":6,"column":9},"end":{"line":6,"column":23}},"loc":{"start":{"line":6,"column":26},"end":{"line":21,"column":1}},"line":6}},"branchMap":{},"s":{"0":0},"f":{"0":0},"b":{},"_coverageSchema":"1a1c01bbd47fc00a2c39e90264f33305004495a9","hash":"2859a70f6673a4bf725a8c7589e020a0c647e499"}
,"/Users/murat/bookshelf/src/screens/notes-text-area.cy.js": {"path":"/Users/murat/bookshelf/src/screens/notes-text-area.cy.js","statementMap":{"0":{"start":{"line":4,"column":20},"end":{"line":4,"column":69}},"1":{"start":{"line":6,"column":0},"end":{"line":28,"column":2}},"2":{"start":{"line":7,"column":2},"end":{"line":27,"column":4}},"3":{"start":{"line":8,"column":4},"end":{"line":8,"column":79}},"4":{"start":{"line":9,"column":4},"end":{"line":9,"column":74}},"5":{"start":{"line":10,"column":4},"end":{"line":10,"column":66}},"6":{"start":{"line":11,"column":4},"end":{"line":13,"column":5}},"7":{"start":{"line":14,"column":4},"end":{"line":16,"column":5}},"8":{"start":{"line":18,"column":4},"end":{"line":22,"column":5}},"9":{"start":{"line":24,"column":4},"end":{"line":24,"column":41}}},"fnMap":{"0":{"name":"(anonymous_0)","decl":{"start":{"line":6,"column":26},"end":{"line":6,"column":27}},"loc":{"start":{"line":6,"column":32},"end":{"line":28,"column":1}},"line":6},"1":{"name":"(anonymous_1)","decl":{"start":{"line":7,"column":32},"end":{"line":7,"column":33}},"loc":{"start":{"line":7,"column":38},"end":{"line":27,"column":3}},"line":7}},"branchMap":{},"s":{"0":0,"1":0,"2":0,"3":0,"4":0,"5":0,"6":0,"7":0,"8":0,"9":0},"f":{"0":0,"1":0},"b":{}}
,"/Users/murat/bookshelf/src/screens/notes-text-area.js": {"path":"/Users/murat/bookshelf/src/screens/notes-text-area.js","statementMap":{"0":{"start":{"line":7,"column":48},"end":{"line":7,"column":67}},"1":{"start":{"line":9,"column":26},"end":{"line":12,"column":3}},"2":{"start":{"line":10,"column":10},"end":{"line":10,"column":41}},"3":{"start":{"line":15,"column":4},"end":{"line":15,"column":61}},"4":{"start":{"line":18,"column":2},"end":{"line":49,"column":3}}},"fnMap":{"0":{"name":"NotesTextarea","decl":{"start":{"line":6,"column":24},"end":{"line":6,"column":37}},"loc":{"start":{"line":6,"column":50},"end":{"line":50,"column":1}},"line":6},"1":{"name":"(anonymous_1)","decl":{"start":{"line":10,"column":4},"end":{"line":10,"column":5}},"loc":{"start":{"line":10,"column":10},"end":{"line":10,"column":41}},"line":10},"2":{"name":"handleNotesChange","decl":{"start":{"line":14,"column":11},"end":{"line":14,"column":28}},"loc":{"start":{"line":14,"column":32},"end":{"line":16,"column":3}},"line":14}},"branchMap":{"0":{"loc":{"start":{"line":33,"column":9},"end":{"line":39,"column":16}},"type":"cond-expr","locations":[{"start":{"line":34,"column":10},"end":{"line":38,"column":12}},{"start":{"line":39,"column":12},"end":{"line":39,"column":16}}],"line":33},"1":{"loc":{"start":{"line":40,"column":9},"end":{"line":40,"column":39}},"type":"cond-expr","locations":[{"start":{"line":40,"column":21},"end":{"line":40,"column":32}},{"start":{"line":40,"column":35},"end":{"line":40,"column":39}}],"line":40}},"s":{"0":20,"1":20,"2":6,"3":53,"4":20},"f":{"0":20,"1":6,"2":53},"b":{"0":[1,19],"1":[5,15]},"_coverageSchema":"1a1c01bbd47fc00a2c39e90264f33305004495a9","hash":"fb7859dab0e087202ddd0e076c2e4c36fbebffac"}
,"/Users/murat/bookshelf/src/screens/reading-list.cy.js": {"path":"/Users/murat/bookshelf/src/screens/reading-list.cy.js","statementMap":{"0":{"start":{"line":7,"column":0},"end":{"line":24,"column":2}},"1":{"start":{"line":8,"column":2},"end":{"line":23,"column":4}},"2":{"start":{"line":9,"column":4},"end":{"line":9,"column":79}},"3":{"start":{"line":10,"column":4},"end":{"line":10,"column":74}},"4":{"start":{"line":12,"column":4},"end":{"line":18,"column":5}},"5":{"start":{"line":20,"column":4},"end":{"line":20,"column":27}},"6":{"start":{"line":21,"column":4},"end":{"line":21,"column":26}},"7":{"start":{"line":22,"column":4},"end":{"line":22,"column":56}}},"fnMap":{"0":{"name":"(anonymous_0)","decl":{"start":{"line":7,"column":30},"end":{"line":7,"column":31}},"loc":{"start":{"line":7,"column":36},"end":{"line":24,"column":1}},"line":7},"1":{"name":"(anonymous_1)","decl":{"start":{"line":8,"column":23},"end":{"line":8,"column":24}},"loc":{"start":{"line":8,"column":29},"end":{"line":23,"column":3}},"line":8}},"branchMap":{},"s":{"0":0,"1":0,"2":0,"3":0,"4":0,"5":0,"6":0,"7":0},"f":{"0":0,"1":0},"b":{}}
[...]
,"/Users/murat/bookshelf/src/utils/books.js": {"path":"/Users/murat/bookshelf/src/utils/books.js","statementMap":{"0":{"start":{"line":6,"column":20},"end":{"line":13,"column":1}},"1":{"start":{"line":15,"column":21},"end":{"line":18,"column":3}},"2":{"start":{"line":15,"column":62},"end":{"line":18,"column":1}},"3":{"start":{"line":20,"column":24},"end":{"line":23,"column":1}},"4":{"start":{"line":25,"column":28},"end":{"line":40,"column":2}},"5":{"start":{"line":25,"column":48},"end":{"line":40,"column":1}},"6":{"start":{"line":28,"column":4},"end":{"line":28,"column":79}},"7":{"start":{"line":28,"column":68},"end":{"line":28,"column":78}},"8":{"start":{"line":31,"column":6},"end":{"line":37,"column":7}},"9":{"start":{"line":32,"column":8},"end":{"line":36,"column":9}},"10":{"start":{"line":43,"column":17},"end":{"line":43,"column":28}},"11":{"start":{"line":44,"column":17},"end":{"line":44,"column":61}},"12":{"start":{"line":45,"column":2},"end":{"line":45,"column":56}},"13":{"start":{"line":49,"column":17},"end":{"line":49,"column":28}},"14":{"start":{"line":50,"column":17},"end":{"line":54,"column":4}},"15":{"start":{"line":52,"column":19},"end":{"line":52,"column":68}},"16":{"start":{"line":52,"column":58},"end":{"line":52,"column":67}},"17":{"start":{"line":55,"column":2},"end":{"line":55,"column":28}},"18":{"start":{"line":59,"column":17},"end":{"line":59,"column":28}},"19":{"start":{"line":60,"column":2},"end":{"line":66,"column":3}},"20":{"start":{"line":62,"column":6},"end":{"line":62,"column":44}},"21":{"start":{"line":63,"column":6},"end":{"line":63,"column":69}},"22":{"start":{"line":70,"column":2},"end":{"line":70,"column":77}}},"fnMap":{"0":{"name":"(anonymous_0)","decl":{"start":{"line":15,"column":46},"end":{"line":15,"column":47}},"loc":{"start":{"line":15,"column":62},"end":{"line":18,"column":1}},"line":15},"1":{"name":"(anonymous_1)","decl":{"start":{"line":25,"column":28},"end":{"line":25,"column":29}},"loc":{"start":{"line":25,"column":48},"end":{"line":40,"column":1}},"line":25},"2":{"name":"(anonymous_2)","decl":{"start":{"line":27,"column":11},"end":{"line":27,"column":12}},"loc":{"start":{"line":28,"column":4},"end":{"line":28,"column":79}},"line":28},"3":{"name":"(anonymous_3)","decl":{"start":{"line":28,"column":60},"end":{"line":28,"column":61}},"loc":{"start":{"line":28,"column":68},"end":{"line":28,"column":78}},"line":28},"4":{"name":"(anonymous_4)","decl":{"start":{"line":30,"column":4},"end":{"line":30,"column":5}},"loc":{"start":{"line":30,"column":21},"end":{"line":38,"column":5}},"line":30},"5":{"name":"useBookSearch","decl":{"start":{"line":42,"column":9},"end":{"line":42,"column":22}},"loc":{"start":{"line":42,"column":30},"end":{"line":46,"column":1}},"line":42},"6":{"name":"useBook","decl":{"start":{"line":48,"column":9},"end":{"line":48,"column":16}},"loc":{"start":{"line":48,"column":25},"end":{"line":56,"column":1}},"line":48},"7":{"name":"(anonymous_7)","decl":{"start":{"line":52,"column":13},"end":{"line":52,"column":14}},"loc":{"start":{"line":52,"column":19},"end":{"line":52,"column":68}},"line":52},"8":{"name":"(anonymous_8)","decl":{"start":{"line":52,"column":50},"end":{"line":52,"column":51}},"loc":{"start":{"line":52,"column":58},"end":{"line":52,"column":67}},"line":52},"9":{"name":"useRefetchBookSearchQuery","decl":{"start":{"line":58,"column":9},"end":{"line":58,"column":34}},"loc":{"start":{"line":58,"column":37},"end":{"line":67,"column":1}},"line":58},"10":{"name":"refetchBookSearchQuery","decl":{"start":{"line":61,"column":19},"end":{"line":61,"column":41}},"loc":{"start":{"line":61,"column":44},"end":{"line":64,"column":5}},"line":61},"11":{"name":"setQueryDataForBook","decl":{"start":{"line":69,"column":9},"end":{"line":69,"column":28}},"loc":{"start":{"line":69,"column":35},"end":{"line":71,"column":1}},"line":69}},"branchMap":{"0":{"loc":{"start":{"line":45,"column":28},"end":{"line":45,"column":55}},"type":"binary-expr","locations":[{"start":{"line":45,"column":28},"end":{"line":45,"column":39}},{"start":{"line":45,"column":43},"end":{"line":45,"column":55}}],"line":45},"1":{"loc":{"start":{"line":55,"column":9},"end":{"line":55,"column":28}},"type":"binary-expr","locations":[{"start":{"line":55,"column":9},"end":{"line":55,"column":13}},{"start":{"line":55,"column":17},"end":{"line":55,"column":28}}],"line":55}},"s":{"0":2,"1":2,"2":20,"3":2,"4":2,"5":0,"6":0,"7":0,"8":0,"9":0,"10":0,"11":0,"12":0,"13":37,"14":37,"15":7,"16":6,"17":33,"18":0,"19":0,"20":0,"21":0,"22":185},"f":{"0":20,"1":0,"2":0,"3":0,"4":0,"5":0,"6":37,"7":7,"8":6,"9":0,"10":0,"11":185},"b":{"0":[0,0],"1":[33,6]},"_coverageSchema":"1a1c01bbd47fc00a2c39e90264f33305004495a9","hash":"a0f401c603a8f078b7407cdc1f85ddf830c54069"}
,"/Users/murat/bookshelf/src/utils/hooks.js": {"path":"/Users/murat/bookshelf/src/utils/hooks.js","statementMap":{"0":{"start":{"line":4,"column":18},"end":{"line":4,"column":37}},"1":{"start":{"line":5,"column":2},"end":{"line":8,"column":8}},"2":{"start":{"line":6,"column":4},"end":{"line":6,"column":26}},"3":{"start":{"line":7,"column":4},"end":{"line":7,"column":42}},"4":{"start":{"line":7,"column":18},"end":{"line":7,"column":41}},"5":{"start":{"line":9,"column":2},"end":{"line":12,"column":3}},"6":{"start":{"line":10,"column":18},"end":{"line":10,"column":62}},"7":{"start":{"line":20,"column":28},"end":{"line":20,"column":69}},"8":{"start":{"line":22,"column":26},"end":{"line":25,"column":4}},"9":{"start":{"line":26,"column":44},"end":{"line":29,"column":3}},"10":{"start":{"line":27,"column":15},"end":{"line":27,"column":27}},"11":{"start":{"line":31,"column":23},"end":{"line":31,"column":48}},"12":{"start":{"line":33,"column":18},"end":{"line":36,"column":3}},"13":{"start":{"line":34,"column":12},"end":{"line":34,"column":52}},"14":{"start":{"line":37,"column":19},"end":{"line":40,"column":3}},"15":{"start":{"line":38,"column":13},"end":{"line":38,"column":54}},"16":{"start":{"line":41,"column":16},"end":{"line":44,"column":3}},"17":{"start":{"line":42,"column":10},"end":{"line":42,"column":47}},"18":{"start":{"line":46,"column":14},"end":{"line":66,"column":3}},"19":{"start":{"line":48,"column":6},"end":{"line":52,"column":7}},"20":{"start":{"line":49,"column":8},"end":{"line":51,"column":9}},"21":{"start":{"line":53,"column":6},"end":{"line":53,"column":39}},"22":{"start":{"line":54,"column":6},"end":{"line":63,"column":7}},"23":{"start":{"line":56,"column":10},"end":{"line":56,"column":23}},"24":{"start":{"line":57,"column":10},"end":{"line":57,"column":21}},"25":{"start":{"line":60,"column":10},"end":{"line":60,"column":25}},"26":{"start":{"line":61,"column":10},"end":{"line":61,"column":38}},"27":{"start":{"line":68,"column":2},"end":{"line":82,"column":3}}},"fnMap":{"0":{"name":"useSafeDispatch","decl":{"start":{"line":3,"column":9},"end":{"line":3,"column":24}},"loc":{"start":{"line":3,"column":35},"end":{"line":13,"column":1}},"line":3},"1":{"name":"(anonymous_1)","decl":{"start":{"line":5,"column":24},"end":{"line":5,"column":25}},"loc":{"start":{"line":5,"column":30},"end":{"line":8,"column":3}},"line":5},"2":{"name":"(anonymous_2)","decl":{"start":{"line":7,"column":11},"end":{"line":7,"column":12}},"loc":{"start":{"line":7,"column":18},"end":{"line":7,"column":41}},"line":7},"3":{"name":"(anonymous_3)","decl":{"start":{"line":10,"column":4},"end":{"line":10,"column":5}},"loc":{"start":{"line":10,"column":18},"end":{"line":10,"column":62}},"line":10},"4":{"name":"useAsync","decl":{"start":{"line":21,"column":9},"end":{"line":21,"column":17}},"loc":{"start":{"line":21,"column":32},"end":{"line":83,"column":1}},"line":21},"5":{"name":"(anonymous_5)","decl":{"start":{"line":27,"column":4},"end":{"line":27,"column":5}},"loc":{"start":{"line":27,"column":15},"end":{"line":27,"column":27}},"line":27},"6":{"name":"(anonymous_6)","decl":{"start":{"line":34,"column":4},"end":{"line":34,"column":5}},"loc":{"start":{"line":34,"column":12},"end":{"line":34,"column":52}},"line":34},"7":{"name":"(anonymous_7)","decl":{"start":{"line":38,"column":4},"end":{"line":38,"column":5}},"loc":{"start":{"line":38,"column":13},"end":{"line":38,"column":54}},"line":38},"8":{"name":"(anonymous_8)","decl":{"start":{"line":42,"column":4},"end":{"line":42,"column":5}},"loc":{"start":{"line":42,"column":10},"end":{"line":42,"column":47}},"line":42},"9":{"name":"(anonymous_9)","decl":{"start":{"line":47,"column":4},"end":{"line":47,"column":5}},"loc":{"start":{"line":47,"column":15},"end":{"line":64,"column":5}},"line":47},"10":{"name":"(anonymous_10)","decl":{"start":{"line":55,"column":8},"end":{"line":55,"column":9}},"loc":{"start":{"line":55,"column":16},"end":{"line":58,"column":9}},"line":55},"11":{"name":"(anonymous_11)","decl":{"start":{"line":59,"column":8},"end":{"line":59,"column":9}},"loc":{"start":{"line":59,"column":17},"end":{"line":62,"column":9}},"line":59}},"branchMap":{"0":{"loc":{"start":{"line":10,"column":18},"end":{"line":10,"column":62}},"type":"cond-expr","locations":[{"start":{"line":10,"column":36},"end":{"line":10,"column":53}},{"start":{"line":10,"column":56},"end":{"line":10,"column":62}}],"line":10},"1":{"loc":{"start":{"line":48,"column":6},"end":{"line":52,"column":7}},"type":"if","locations":[{"start":{"line":48,"column":6},"end":{"line":52,"column":7}},{"start":{},"end":{}}],"line":48},"2":{"loc":{"start":{"line":48,"column":10},"end":{"line":48,"column":35}},"type":"binary-expr","locations":[{"start":{"line":48,"column":10},"end":{"line":48,"column":18}},{"start":{"line":48,"column":22},"end":{"line":48,"column":35}}],"line":48}},"s":{"0":108,"1":108,"2":33,"3":33,"4":33,"5":108,"6":43,"7":3,"8":109,"9":108,"10":42,"11":108,"12":108,"13":20,"14":108,"15":2,"16":108,"17":1,"18":108,"19":21,"20":1,"21":20,"22":20,"23":19,"24":19,"25":1,"26":1,"27":108},"f":{"0":108,"1":33,"2":33,"3":43,"4":109,"5":42,"6":20,"7":2,"8":1,"9":21,"10":19,"11":1},"b":{"0":[42,1],"1":[1,20],"2":[21,20]},"_coverageSchema":"1a1c01bbd47fc00a2c39e90264f33305004495a9","hash":"51b0c19c268d3944d1a26f4594c4e453c42f9d08"}
,"/Users/murat/bookshelf/src/utils/list-items.js": {"path":"/Users/murat/bookshelf/src/utils/list-items.js","statementMap":{"0":{"start":{"line":6,"column":20},"end":{"line":6,"column":41}},"1":{"start":{"line":7,"column":2},"end":{"line":7,"column":60}},"2":{"start":{"line":7,"column":31},"end":{"line":7,"column":51}},"3":{"start":{"line":39,"column":17},"end":{"line":39,"column":28}},"4":{"start":{"line":41,"column":28},"end":{"line":54,"column":4}},"5":{"start":{"line":43,"column":19},"end":{"line":43,"column":68}},"6":{"start":{"line":43,"column":53},"end":{"line":43,"column":67}},"7":{"start":{"line":48,"column":8},"end":{"line":48,"column":52}},"8":{"start":{"line":49,"column":8},"end":{"line":51,"column":9}},"9":{"start":{"line":50,"column":10},"end":{"line":50,"column":44}},"10":{"start":{"line":55,"column":2},"end":{"line":55,"column":24}},"11":{"start":{"line":58,"column":31},"end":{"line":62,"column":1}},"12":{"start":{"line":60,"column":4},"end":{"line":60,"column":52}},"13":{"start":{"line":61,"column":19},"end":{"line":61,"column":61}},"14":{"start":{"line":65,"column":24},"end":{"line":65,"column":61}},"15":{"start":{"line":67,"column":2},"end":{"line":71,"column":4}},"16":{"start":{"line":68,"column":4},"end":{"line":70,"column":6}},"17":{"start":{"line":69,"column":6},"end":{"line":69,"column":66}},"18":{"start":{"line":73,"column":2},"end":{"line":73,"column":67}},"19":{"start":{"line":73,"column":15},"end":{"line":73,"column":67}},"20":{"start":{"line":77,"column":17},"end":{"line":77,"column":28}},"21":{"start":{"line":79,"column":2},"end":{"line":90,"column":3}},"22":{"start":{"line":81,"column":6},"end":{"line":84,"column":8}},"23":{"start":{"line":94,"column":17},"end":{"line":94,"column":28}},"24":{"start":{"line":96,"column":2},"end":{"line":108,"column":4}},"25":{"start":{"line":96,"column":31},"end":{"line":96,"column":77}},"26":{"start":{"line":98,"column":28},"end":{"line":98,"column":65}},"27":{"start":{"line":100,"column":6},"end":{"line":102,"column":8}},"28":{"start":{"line":101,"column":8},"end":{"line":101,"column":61}},"29":{"start":{"line":101,"column":34},"end":{"line":101,"column":60}},"30":{"start":{"line":104,"column":6},"end":{"line":104,"column":71}},"31":{"start":{"line":104,"column":19},"end":{"line":104,"column":71}},"32":{"start":{"line":112,"column":17},"end":{"line":112,"column":28}},"33":{"start":{"line":114,"column":2},"end":{"line":117,"column":4}},"34":{"start":{"line":114,"column":35},"end":{"line":114,"column":73}}},"fnMap":{"0":{"name":"useListItem","decl":{"start":{"line":5,"column":9},"end":{"line":5,"column":20}},"loc":{"start":{"line":5,"column":38},"end":{"line":8,"column":1}},"line":5},"1":{"name":"(anonymous_1)","decl":{"start":{"line":7,"column":25},"end":{"line":7,"column":26}},"loc":{"start":{"line":7,"column":31},"end":{"line":7,"column":51}},"line":7},"2":{"name":"useListItems","decl":{"start":{"line":38,"column":9},"end":{"line":38,"column":21}},"loc":{"start":{"line":38,"column":36},"end":{"line":56,"column":1}},"line":38},"3":{"name":"(anonymous_3)","decl":{"start":{"line":43,"column":13},"end":{"line":43,"column":14}},"loc":{"start":{"line":43,"column":19},"end":{"line":43,"column":68}},"line":43},"4":{"name":"(anonymous_4)","decl":{"start":{"line":43,"column":45},"end":{"line":43,"column":46}},"loc":{"start":{"line":43,"column":53},"end":{"line":43,"column":67}},"line":43},"5":{"name":"(anonymous_5)","decl":{"start":{"line":47,"column":17},"end":{"line":47,"column":18}},"loc":{"start":{"line":47,"column":36},"end":{"line":52,"column":7}},"line":47},"6":{"name":"(anonymous_6)","decl":{"start":{"line":59,"column":11},"end":{"line":59,"column":12}},"loc":{"start":{"line":60,"column":4},"end":{"line":60,"column":52}},"line":60},"7":{"name":"(anonymous_7)","decl":{"start":{"line":61,"column":13},"end":{"line":61,"column":14}},"loc":{"start":{"line":61,"column":19},"end":{"line":61,"column":61}},"line":61},"8":{"name":"onUpdateMutation","decl":{"start":{"line":64,"column":9},"end":{"line":64,"column":25}},"loc":{"start":{"line":64,"column":35},"end":{"line":74,"column":1}},"line":64},"9":{"name":"(anonymous_9)","decl":{"start":{"line":67,"column":40},"end":{"line":67,"column":41}},"loc":{"start":{"line":67,"column":47},"end":{"line":71,"column":3}},"line":67},"10":{"name":"(anonymous_10)","decl":{"start":{"line":68,"column":20},"end":{"line":68,"column":21}},"loc":{"start":{"line":68,"column":28},"end":{"line":70,"column":5}},"line":68},"11":{"name":"(anonymous_11)","decl":{"start":{"line":73,"column":9},"end":{"line":73,"column":10}},"loc":{"start":{"line":73,"column":15},"end":{"line":73,"column":67}},"line":73},"12":{"name":"useUpdateListItem","decl":{"start":{"line":76,"column":9},"end":{"line":76,"column":26}},"loc":{"start":{"line":76,"column":36},"end":{"line":91,"column":1}},"line":76},"13":{"name":"(anonymous_13)","decl":{"start":{"line":80,"column":4},"end":{"line":80,"column":5}},"loc":{"start":{"line":81,"column":6},"end":{"line":84,"column":8}},"line":81},"14":{"name":"useRemoveListItem","decl":{"start":{"line":93,"column":9},"end":{"line":93,"column":26}},"loc":{"start":{"line":93,"column":36},"end":{"line":109,"column":1}},"line":93},"15":{"name":"(anonymous_15)","decl":{"start":{"line":96,"column":21},"end":{"line":96,"column":22}},"loc":{"start":{"line":96,"column":31},"end":{"line":96,"column":77}},"line":96},"16":{"name":"(anonymous_16)","decl":{"start":{"line":97,"column":14},"end":{"line":97,"column":15}},"loc":{"start":{"line":97,"column":29},"end":{"line":105,"column":5}},"line":97},"17":{"name":"(anonymous_17)","decl":{"start":{"line":100,"column":44},"end":{"line":100,"column":45}},"loc":{"start":{"line":100,"column":51},"end":{"line":102,"column":7}},"line":100},"18":{"name":"(anonymous_18)","decl":{"start":{"line":101,"column":26},"end":{"line":101,"column":27}},"loc":{"start":{"line":101,"column":34},"end":{"line":101,"column":60}},"line":101},"19":{"name":"(anonymous_19)","decl":{"start":{"line":104,"column":13},"end":{"line":104,"column":14}},"loc":{"start":{"line":104,"column":19},"end":{"line":104,"column":71}},"line":104},"20":{"name":"useCreateListItem","decl":{"start":{"line":111,"column":9},"end":{"line":111,"column":26}},"loc":{"start":{"line":111,"column":36},"end":{"line":118,"column":1}},"line":111},"21":{"name":"(anonymous_21)","decl":{"start":{"line":114,"column":21},"end":{"line":114,"column":22}},"loc":{"start":{"line":114,"column":35},"end":{"line":114,"column":73}},"line":114}},"branchMap":{"0":{"loc":{"start":{"line":7,"column":9},"end":{"line":7,"column":60}},"type":"binary-expr","locations":[{"start":{"line":7,"column":9},"end":{"line":7,"column":52}},{"start":{"line":7,"column":56},"end":{"line":7,"column":60}}],"line":7},"1":{"loc":{"start":{"line":38,"column":22},"end":{"line":38,"column":34}},"type":"default-arg","locations":[{"start":{"line":38,"column":32},"end":{"line":38,"column":34}}],"line":38},"2":{"loc":{"start":{"line":55,"column":9},"end":{"line":55,"column":24}},"type":"binary-expr","locations":[{"start":{"line":55,"column":9},"end":{"line":55,"column":18}},{"start":{"line":55,"column":22},"end":{"line":55,"column":24}}],"line":55},"3":{"loc":{"start":{"line":60,"column":4},"end":{"line":60,"column":52}},"type":"cond-expr","locations":[{"start":{"line":60,"column":36},"end":{"line":60,"column":45}},{"start":{"line":60,"column":48},"end":{"line":60,"column":52}}],"line":60},"4":{"loc":{"start":{"line":69,"column":13},"end":{"line":69,"column":66}},"type":"cond-expr","locations":[{"start":{"line":69,"column":38},"end":{"line":69,"column":59}},{"start":{"line":69,"column":62},"end":{"line":69,"column":66}}],"line":69}},"s":{"0":63,"1":63,"2":41,"3":63,"4":63,"5":14,"6":14,"7":183,"8":183,"9":174,"10":63,"11":2,"12":26,"13":57,"14":55,"15":55,"16":55,"17":55,"18":55,"19":26,"20":74,"21":74,"22":55,"23":30,"24":30,"25":1,"26":1,"27":1,"28":1,"29":1,"30":1,"31":0,"32":30,"33":30,"34":1},"f":{"0":63,"1":41,"2":63,"3":14,"4":14,"5":183,"6":26,"7":57,"8":55,"9":55,"10":55,"11":26,"12":74,"13":55,"14":30,"15":1,"16":1,"17":1,"18":1,"19":0,"20":30,"21":1},"b":{"0":[63,22],"1":[63],"2":[63,0],"3":[26,0],"4":[55,0]},"_coverageSchema":"1a1c01bbd47fc00a2c39e90264f33305004495a9","hash":"d14ac8d8562d4ac30587105f4823233f56a13810"}
,"/Users/murat/bookshelf/src/utils/misc.js": {"path":"/Users/murat/bookshelf/src/utils/misc.js","statementMap":{"0":{"start":{"line":1,"column":19},"end":{"line":4,"column":3}},"1":{"start":{"line":2,"column":2},"end":{"line":4,"column":3}}},"fnMap":{"0":{"name":"(anonymous_0)","decl":{"start":{"line":1,"column":19},"end":{"line":1,"column":20}},"loc":{"start":{"line":2,"column":2},"end":{"line":4,"column":3}},"line":2}},"branchMap":{},"s":{"0":2,"1":40},"f":{"0":40},"b":{},"_coverageSchema":"1a1c01bbd47fc00a2c39e90264f33305004495a9","hash":"c8ff1c230eb3948bc904a95da18f548dcf268da8"}
}
