{
  "/Users/murat/bookshelf/src/app-routes.cy.js": {
    "path": "/Users/murat/bookshelf/src/app-routes.cy.js",
    "statementMap": {
      "0": {
        "start": {
          "line": 7,
          "column": 0
        },
        "end": {
          "line": 26,
          "column": 2
        }
      },
      "1": {
        "start": {
          "line": 8,
          "column": 2
        },
        "end": {
          "line": 25,
          "column": 4
        }
      },
      "2": {
        "start": {
          "line": 9,
          "column": 4
        },
        "end": {
          "line": 15,
          "column": 5
        }
      },
      "3": {
        "start": {
          "line": 16,
          "column": 4
        },
        "end": {
          "line": 16,
          "column": 49
        }
      },
      "4": {
        "start": {
          "line": 16,
          "column": 43
        },
        "end": {
          "line": 16,
          "column": 48
        }
      },
      "5": {
        "start": {
          "line": 17,
          "column": 4
        },
        "end": {
          "line": 17,
          "column": 61
        }
      },
      "6": {
        "start": {
          "line": 19,
          "column": 4
        },
        "end": {
          "line": 19,
          "column": 39
        }
      },
      "7": {
        "start": {
          "line": 20,
          "column": 4
        },
        "end": {
          "line": 20,
          "column": 34
        }
      },
      "8": {
        "start": {
          "line": 21,
          "column": 4
        },
        "end": {
          "line": 21,
          "column": 39
        }
      },
      "9": {
        "start": {
          "line": 23,
          "column": 4
        },
        "end": {
          "line": 23,
          "column": 44
        }
      },
      "10": {
        "start": {
          "line": 24,
          "column": 4
        },
        "end": {
          "line": 24,
          "column": 43
        }
      }
    },
    "fnMap": {
      "0": {
        "name": "(anonymous_0)",
        "decl": {
          "start": {
            "line": 7,
            "column": 22
          },
          "end": {
            "line": 7,
            "column": 23
          }
        },
        "loc": {
          "start": {
            "line": 7,
            "column": 28
          },
          "end": {
            "line": 26,
            "column": 1
          }
        },
        "line": 7
      },
      "1": {
        "name": "(anonymous_1)",
        "decl": {
          "start": {
            "line": 8,
            "column": 44
          },
          "end": {
            "line": 8,
            "column": 45
          }
        },
        "loc": {
          "start": {
            "line": 8,
            "column": 50
          },
          "end": {
            "line": 25,
            "column": 3
          }
        },
        "line": 8
      },
      "2": {
        "name": "(anonymous_2)",
        "decl": {
          "start": {
            "line": 16,
            "column": 37
          },
          "end": {
            "line": 16,
            "column": 38
          }
        },
        "loc": {
          "start": {
            "line": 16,
            "column": 43
          },
          "end": {
            "line": 16,
            "column": 48
          }
        },
        "line": 16
      }
    },
    "branchMap": {},
    "s": {
      "0": 0,
      "1": 0,
      "2": 0,
      "3": 0,
      "4": 0,
      "5": 0,
      "6": 0,
      "7": 0,
      "8": 0,
      "9": 0,
      "10": 0
    },
    "f": {
      "0": 0,
      "1": 0,
      "2": 0
    },
    "b": {}
  },
  "/Users/murat/bookshelf/src/app-routes.js": {
    "path": "/Users/murat/bookshelf/src/app-routes.js",
    "statementMap": {
      "0": {
        "start": {
          "line": 19,
          "column": 2
        },
        "end": {
          "line": 27,
          "column": 3
        }
      }
    },
    "fnMap": {
      "0": {
        "name": "AppRoutes",
        "decl": {
          "start": {
            "line": 18,
            "column": 24
          },
          "end": {
            "line": 18,
            "column": 33
          }
        },
        "loc": {
          "start": {
            "line": 18,
            "column": 36
          },
          "end": {
            "line": 28,
            "column": 1
          }
        },
        "line": 18
      }
    },
    "branchMap": {},
    "s": {
      "0": 10
    },
    "f": {
      "0": 10
    },
    "b": {},
    "_coverageSchema": "1a1c01bbd47fc00a2c39e90264f33305004495a9",
    "hash": "399a4dd237f96fe5ec2cc8069fafcab35afe5613"
  },
  "/Users/murat/bookshelf/src/app.js": {
    "path": "/Users/murat/bookshelf/src/app.js",
    "statementMap": {
      "0": {
        "start": {
          "line": 12,
          "column": 25
        },
        "end": {
          "line": 14,
          "column": 1
        }
      },
      "1": {
        "start": {
          "line": 13,
          "column": 2
        },
        "end": {
          "line": 13,
          "column": 59
        }
      },
      "2": {
        "start": {
          "line": 15,
          "column": 27
        },
        "end": {
          "line": 15,
          "column": 76
        }
      },
      "3": {
        "start": {
          "line": 15,
          "column": 44
        },
        "end": {
          "line": 15,
          "column": 75
        }
      },
      "4": {
        "start": {
          "line": 20,
          "column": 17
        },
        "end": {
          "line": 20,
          "column": 26
        }
      },
      "5": {
        "start": {
          "line": 21,
          "column": 2
        },
        "end": {
          "line": 25,
          "column": 3
        }
      }
    },
    "fnMap": {
      "0": {
        "name": "(anonymous_0)",
        "decl": {
          "start": {
            "line": 12,
            "column": 36
          },
          "end": {
            "line": 12,
            "column": 37
          }
        },
        "loc": {
          "start": {
            "line": 13,
            "column": 2
          },
          "end": {
            "line": 13,
            "column": 59
          }
        },
        "line": 13
      },
      "1": {
        "name": "(anonymous_1)",
        "decl": {
          "start": {
            "line": 15,
            "column": 38
          },
          "end": {
            "line": 15,
            "column": 39
          }
        },
        "loc": {
          "start": {
            "line": 15,
            "column": 44
          },
          "end": {
            "line": 15,
            "column": 75
          }
        },
        "line": 15
      },
      "2": {
        "name": "App",
        "decl": {
          "start": {
            "line": 19,
            "column": 9
          },
          "end": {
            "line": 19,
            "column": 12
          }
        },
        "loc": {
          "start": {
            "line": 19,
            "column": 15
          },
          "end": {
            "line": 26,
            "column": 1
          }
        },
        "line": 19
      }
    },
    "branchMap": {
      "0": {
        "loc": {
          "start": {
            "line": 23,
            "column": 7
          },
          "end": {
            "line": 23,
            "column": 59
          }
        },
        "type": "cond-expr",
        "locations": [
          {
            "start": {
              "line": 23,
              "column": 14
            },
            "end": {
              "line": 23,
              "column": 34
            }
          },
          {
            "start": {
              "line": 23,
              "column": 37
            },
            "end": {
              "line": 23,
              "column": 59
            }
          }
        ],
        "line": 23
      }
    },
    "s": {
      "0": 3,
      "1": 3,
      "2": 3,
      "3": 2,
      "4": 14,
      "5": 13
    },
    "f": {
      "0": 3,
      "1": 2,
      "2": 14
    },
    "b": {
      "0": [
        11,
        2
      ]
    },
    "_coverageSchema": "1a1c01bbd47fc00a2c39e90264f33305004495a9",
    "hash": "72bbdcde5812b9baac9573576bda549ec6dde8f6"
  },
  "/Users/murat/bookshelf/src/auth-provider.js": {
    "path": "/Users/murat/bookshelf/src/auth-provider.js",
    "statementMap": {
      "0": {
        "start": {
          "line": 4,
          "column": 24
        },
        "end": {
          "line": 4,
          "column": 49
        }
      },
      "1": {
        "start": {
          "line": 10,
          "column": 2
        },
        "end": {
          "line": 10,
          "column": 53
        }
      },
      "2": {
        "start": {
          "line": 14,
          "column": 2
        },
        "end": {
          "line": 14,
          "column": 58
        }
      },
      "3": {
        "start": {
          "line": 15,
          "column": 2
        },
        "end": {
          "line": 15,
          "column": 13
        }
      },
      "4": {
        "start": {
          "line": 19,
          "column": 2
        },
        "end": {
          "line": 19,
          "column": 71
        }
      },
      "5": {
        "start": {
          "line": 23,
          "column": 2
        },
        "end": {
          "line": 23,
          "column": 74
        }
      },
      "6": {
        "start": {
          "line": 27,
          "column": 2
        },
        "end": {
          "line": 27,
          "column": 49
        }
      },
      "7": {
        "start": {
          "line": 32,
          "column": 16
        },
        "end": {
          "line": 32,
          "column": 46
        }
      },
      "8": {
        "start": {
          "line": 35,
          "column": 17
        },
        "end": {
          "line": 39,
          "column": 3
        }
      },
      "9": {
        "start": {
          "line": 41,
          "column": 2
        },
        "end": {
          "line": 48,
          "column": 4
        }
      },
      "10": {
        "start": {
          "line": 42,
          "column": 17
        },
        "end": {
          "line": 42,
          "column": 38
        }
      },
      "11": {
        "start": {
          "line": 43,
          "column": 4
        },
        "end": {
          "line": 47,
          "column": 5
        }
      },
      "12": {
        "start": {
          "line": 44,
          "column": 6
        },
        "end": {
          "line": 44,
          "column": 17
        }
      },
      "13": {
        "start": {
          "line": 46,
          "column": 6
        },
        "end": {
          "line": 46,
          "column": 33
        }
      }
    },
    "fnMap": {
      "0": {
        "name": "getToken",
        "decl": {
          "start": {
            "line": 6,
            "column": 15
          },
          "end": {
            "line": 6,
            "column": 23
          }
        },
        "loc": {
          "start": {
            "line": 6,
            "column": 26
          },
          "end": {
            "line": 11,
            "column": 1
          }
        },
        "line": 6
      },
      "1": {
        "name": "handleUserResponse",
        "decl": {
          "start": {
            "line": 13,
            "column": 9
          },
          "end": {
            "line": 13,
            "column": 27
          }
        },
        "loc": {
          "start": {
            "line": 13,
            "column": 36
          },
          "end": {
            "line": 16,
            "column": 1
          }
        },
        "line": 13
      },
      "2": {
        "name": "login",
        "decl": {
          "start": {
            "line": 18,
            "column": 9
          },
          "end": {
            "line": 18,
            "column": 14
          }
        },
        "loc": {
          "start": {
            "line": 18,
            "column": 37
          },
          "end": {
            "line": 20,
            "column": 1
          }
        },
        "line": 18
      },
      "3": {
        "name": "register",
        "decl": {
          "start": {
            "line": 22,
            "column": 9
          },
          "end": {
            "line": 22,
            "column": 17
          }
        },
        "loc": {
          "start": {
            "line": 22,
            "column": 40
          },
          "end": {
            "line": 24,
            "column": 1
          }
        },
        "line": 22
      },
      "4": {
        "name": "logout",
        "decl": {
          "start": {
            "line": 26,
            "column": 15
          },
          "end": {
            "line": 26,
            "column": 21
          }
        },
        "loc": {
          "start": {
            "line": 26,
            "column": 24
          },
          "end": {
            "line": 28,
            "column": 1
          }
        },
        "line": 26
      },
      "5": {
        "name": "client",
        "decl": {
          "start": {
            "line": 34,
            "column": 15
          },
          "end": {
            "line": 34,
            "column": 21
          }
        },
        "loc": {
          "start": {
            "line": 34,
            "column": 38
          },
          "end": {
            "line": 49,
            "column": 1
          }
        },
        "line": 34
      },
      "6": {
        "name": "(anonymous_6)",
        "decl": {
          "start": {
            "line": 41,
            "column": 61
          },
          "end": {
            "line": 41,
            "column": 62
          }
        },
        "loc": {
          "start": {
            "line": 41,
            "column": 79
          },
          "end": {
            "line": 48,
            "column": 3
          }
        },
        "line": 41
      }
    },
    "branchMap": {
      "0": {
        "loc": {
          "start": {
            "line": 43,
            "column": 4
          },
          "end": {
            "line": 47,
            "column": 5
          }
        },
        "type": "if",
        "locations": [
          {
            "start": {
              "line": 43,
              "column": 4
            },
            "end": {
              "line": 47,
              "column": 5
            }
          },
          {
            "start": {
              "line": 45,
              "column": 11
            },
            "end": {
              "line": 47,
              "column": 5
            }
          }
        ],
        "line": 43
      }
    },
    "s": {
      "0": 9,
      "1": 16,
      "2": 2,
      "3": 2,
      "4": 0,
      "5": 2,
      "6": 29,
      "7": 9,
      "8": 2,
      "9": 2,
      "10": 2,
      "11": 2,
      "12": 2,
      "13": 0
    },
    "f": {
      "0": 16,
      "1": 2,
      "2": 0,
      "3": 2,
      "4": 29,
      "5": 2,
      "6": 2
    },
    "b": {
      "0": [
        2,
        0
      ]
    },
    "_coverageSchema": "1a1c01bbd47fc00a2c39e90264f33305004495a9",
    "hash": "27994b5230dcb8a4fda920545d8f0fd3604c8944"
  },
  "/Users/murat/bookshelf/src/authenticated-app.js": {
    "path": "/Users/murat/bookshelf/src/authenticated-app.js",
    "statementMap": {
      "0": {
        "start": {
          "line": 12,
          "column": 2
        },
        "end": {
          "line": 23,
          "column": 3
        }
      },
      "1": {
        "start": {
          "line": 27,
          "column": 25
        },
        "end": {
          "line": 27,
          "column": 34
        }
      },
      "2": {
        "start": {
          "line": 30,
          "column": 2
        },
        "end": {
          "line": 73,
          "column": 3
        }
      }
    },
    "fnMap": {
      "0": {
        "name": "ErrorFallback",
        "decl": {
          "start": {
            "line": 11,
            "column": 9
          },
          "end": {
            "line": 11,
            "column": 22
          }
        },
        "loc": {
          "start": {
            "line": 11,
            "column": 32
          },
          "end": {
            "line": 24,
            "column": 1
          }
        },
        "line": 11
      },
      "1": {
        "name": "AuthenticatedApp",
        "decl": {
          "start": {
            "line": 26,
            "column": 9
          },
          "end": {
            "line": 26,
            "column": 25
          }
        },
        "loc": {
          "start": {
            "line": 26,
            "column": 28
          },
          "end": {
            "line": 74,
            "column": 1
          }
        },
        "line": 26
      }
    },
    "branchMap": {},
    "s": {
      "0": 2,
      "1": 10,
      "2": 9
    },
    "f": {
      "0": 2,
      "1": 10
    },
    "b": {},
    "_coverageSchema": "1a1c01bbd47fc00a2c39e90264f33305004495a9",
    "hash": "de652da03ee254b164011e0e2ed051a5acd94257"
  },
  "/Users/murat/bookshelf/src/bootstrap.js": {
    "path": "/Users/murat/bookshelf/src/bootstrap.js",
    "statementMap": {},
    "fnMap": {},
    "branchMap": {},
    "s": {},
    "f": {},
    "b": {}
  },
  "/Users/murat/bookshelf/src/index.js": {
    "path": "/Users/murat/bookshelf/src/index.js",
    "statementMap": {
      "0": {
        "start": {
          "line": 9,
          "column": 0
        },
        "end": {
          "line": 17,
          "column": 2
        }
      },
      "1": {
        "start": {
          "line": 10,
          "column": 2
        },
        "end": {
          "line": 16,
          "column": 3
        }
      }
    },
    "fnMap": {
      "0": {
        "name": "(anonymous_0)",
        "decl": {
          "start": {
            "line": 9,
            "column": 13
          },
          "end": {
            "line": 9,
            "column": 14
          }
        },
        "loc": {
          "start": {
            "line": 9,
            "column": 19
          },
          "end": {
            "line": 17,
            "column": 1
          }
        },
        "line": 9
      }
    },
    "branchMap": {},
    "s": {
      "0": 2,
      "1": 2
    },
    "f": {
      "0": 2
    },
    "b": {}
  },
  "/Users/murat/bookshelf/src/nav.cy.js": {
    "path": "/Users/murat/bookshelf/src/nav.cy.js",
    "statementMap": {
      "0": {
        "start": {
          "line": 5,
          "column": 0
        },
        "end": {
          "line": 22,
          "column": 2
        }
      },
      "1": {
        "start": {
          "line": 6,
          "column": 2
        },
        "end": {
          "line": 21,
          "column": 4
        }
      },
      "2": {
        "start": {
          "line": 7,
          "column": 4
        },
        "end": {
          "line": 11,
          "column": 5
        }
      },
      "3": {
        "start": {
          "line": 13,
          "column": 4
        },
        "end": {
          "line": 13,
          "column": 39
        }
      },
      "4": {
        "start": {
          "line": 14,
          "column": 4
        },
        "end": {
          "line": 14,
          "column": 39
        }
      },
      "5": {
        "start": {
          "line": 16,
          "column": 4
        },
        "end": {
          "line": 16,
          "column": 41
        }
      },
      "6": {
        "start": {
          "line": 17,
          "column": 4
        },
        "end": {
          "line": 17,
          "column": 43
        }
      },
      "7": {
        "start": {
          "line": 19,
          "column": 4
        },
        "end": {
          "line": 19,
          "column": 35
        }
      },
      "8": {
        "start": {
          "line": 20,
          "column": 4
        },
        "end": {
          "line": 20,
          "column": 43
        }
      }
    },
    "fnMap": {
      "0": {
        "name": "(anonymous_0)",
        "decl": {
          "start": {
            "line": 5,
            "column": 16
          },
          "end": {
            "line": 5,
            "column": 17
          }
        },
        "loc": {
          "start": {
            "line": 5,
            "column": 22
          },
          "end": {
            "line": 22,
            "column": 1
          }
        },
        "line": 5
      },
      "1": {
        "name": "(anonymous_1)",
        "decl": {
          "start": {
            "line": 6,
            "column": 46
          },
          "end": {
            "line": 6,
            "column": 47
          }
        },
        "loc": {
          "start": {
            "line": 6,
            "column": 52
          },
          "end": {
            "line": 21,
            "column": 3
          }
        },
        "line": 6
      }
    },
    "branchMap": {},
    "s": {
      "0": 0,
      "1": 0,
      "2": 0,
      "3": 0,
      "4": 0,
      "5": 0,
      "6": 0,
      "7": 0,
      "8": 0
    },
    "f": {
      "0": 0,
      "1": 0
    },
    "b": {}
  },
  "/Users/murat/bookshelf/src/nav.js": {
    "path": "/Users/murat/bookshelf/src/nav.js",
    "statementMap": {
      "0": {
        "start": {
          "line": 9,
          "column": 16
        },
        "end": {
          "line": 9,
          "column": 34
        }
      },
      "1": {
        "start": {
          "line": 10,
          "column": 2
        },
        "end": {
          "line": 40,
          "column": 3
        }
      },
      "2": {
        "start": {
          "line": 44,
          "column": 2
        },
        "end": {
          "line": 75,
          "column": 3
        }
      }
    },
    "fnMap": {
      "0": {
        "name": "NavLink",
        "decl": {
          "start": {
            "line": 8,
            "column": 9
          },
          "end": {
            "line": 8,
            "column": 16
          }
        },
        "loc": {
          "start": {
            "line": 8,
            "column": 24
          },
          "end": {
            "line": 41,
            "column": 1
          }
        },
        "line": 8
      },
      "1": {
        "name": "Nav",
        "decl": {
          "start": {
            "line": 43,
            "column": 24
          },
          "end": {
            "line": 43,
            "column": 27
          }
        },
        "loc": {
          "start": {
            "line": 43,
            "column": 36
          },
          "end": {
            "line": 76,
            "column": 1
          }
        },
        "line": 43
      }
    },
    "branchMap": {
      "0": {
        "loc": {
          "start": {
            "line": 28,
            "column": 8
          },
          "end": {
            "line": 36,
            "column": 16
          }
        },
        "type": "cond-expr",
        "locations": [
          {
            "start": {
              "line": 29,
              "column": 12
            },
            "end": {
              "line": 35,
              "column": 13
            }
          },
          {
            "start": {
              "line": 36,
              "column": 12
            },
            "end": {
              "line": 36,
              "column": 16
            }
          }
        ],
        "line": 28
      }
    },
    "s": {
      "0": 63,
      "1": 63,
      "2": 9
    },
    "f": {
      "0": 63,
      "1": 9
    },
    "b": {
      "0": [
        10,
        53
      ]
    },
    "_coverageSchema": "1a1c01bbd47fc00a2c39e90264f33305004495a9",
    "hash": "97a5dc304159fa26830a5686910c39063c4247eb"
  },
  "/Users/murat/bookshelf/src/unauthenticated-app.cy.js": {
    "path": "/Users/murat/bookshelf/src/unauthenticated-app.cy.js",
    "statementMap": {
      "0": {
        "start": {
          "line": 6,
          "column": 0
        },
        "end": {
          "line": 34,
          "column": 1
        }
      },
      "1": {
        "start": {
          "line": 10,
          "column": 4
        },
        "end": {
          "line": 32,
          "column": 6
        }
      },
      "2": {
        "start": {
          "line": 11,
          "column": 6
        },
        "end": {
          "line": 15,
          "column": 7
        }
      },
      "3": {
        "start": {
          "line": 17,
          "column": 6
        },
        "end": {
          "line": 17,
          "column": 58
        }
      },
      "4": {
        "start": {
          "line": 18,
          "column": 6
        },
        "end": {
          "line": 18,
          "column": 51
        }
      },
      "5": {
        "start": {
          "line": 19,
          "column": 6
        },
        "end": {
          "line": 19,
          "column": 61
        }
      },
      "6": {
        "start": {
          "line": 21,
          "column": 6
        },
        "end": {
          "line": 21,
          "column": 61
        }
      },
      "7": {
        "start": {
          "line": 22,
          "column": 6
        },
        "end": {
          "line": 22,
          "column": 54
        }
      },
      "8": {
        "start": {
          "line": 23,
          "column": 6
        },
        "end": {
          "line": 23,
          "column": 61
        }
      },
      "9": {
        "start": {
          "line": 25,
          "column": 6
        },
        "end": {
          "line": 27,
          "column": 45
        }
      },
      "10": {
        "start": {
          "line": 29,
          "column": 6
        },
        "end": {
          "line": 29,
          "column": 52
        }
      },
      "11": {
        "start": {
          "line": 30,
          "column": 6
        },
        "end": {
          "line": 30,
          "column": 50
        }
      },
      "12": {
        "start": {
          "line": 31,
          "column": 6
        },
        "end": {
          "line": 31,
          "column": 53
        }
      }
    },
    "fnMap": {
      "0": {
        "name": "(anonymous_0)",
        "decl": {
          "start": {
            "line": 9,
            "column": 2
          },
          "end": {
            "line": 9,
            "column": 3
          }
        },
        "loc": {
          "start": {
            "line": 9,
            "column": 8
          },
          "end": {
            "line": 33,
            "column": 3
          }
        },
        "line": 9
      },
      "1": {
        "name": "(anonymous_1)",
        "decl": {
          "start": {
            "line": 10,
            "column": 49
          },
          "end": {
            "line": 10,
            "column": 50
          }
        },
        "loc": {
          "start": {
            "line": 10,
            "column": 55
          },
          "end": {
            "line": 32,
            "column": 5
          }
        },
        "line": 10
      }
    },
    "branchMap": {},
    "s": {
      "0": 0,
      "1": 0,
      "2": 0,
      "3": 0,
      "4": 0,
      "5": 0,
      "6": 0,
      "7": 0,
      "8": 0,
      "9": 0,
      "10": 0,
      "11": 0,
      "12": 0
    },
    "f": {
      "0": 0,
      "1": 0
    },
    "b": {}
  },
  "/Users/murat/bookshelf/src/unauthenticated-app.js": {
    "path": "/Users/murat/bookshelf/src/unauthenticated-app.js",
    "statementMap": {
      "0": {
        "start": {
          "line": 15,
          "column": 28
        },
        "end": {
          "line": 15,
          "column": 37
        }
      },
      "1": {
        "start": {
          "line": 16,
          "column": 2
        },
        "end": {
          "line": 68,
          "column": 3
        }
      }
    },
    "fnMap": {
      "0": {
        "name": "UnauthenticatedApp",
        "decl": {
          "start": {
            "line": 14,
            "column": 9
          },
          "end": {
            "line": 14,
            "column": 27
          }
        },
        "loc": {
          "start": {
            "line": 14,
            "column": 30
          },
          "end": {
            "line": 69,
            "column": 1
          }
        },
        "line": 14
      }
    },
    "branchMap": {},
    "s": {
      "0": 2,
      "1": 2
    },
    "f": {
      "0": 2
    },
    "b": {}
  },
  "/Users/murat/bookshelf/src/components/book-row.cy.js": {
    "path": "/Users/murat/bookshelf/src/components/book-row.cy.js",
    "statementMap": {
      "0": {
        "start": {
          "line": 6,
          "column": 15
        },
        "end": {
          "line": 6,
          "column": 58
        }
      },
      "1": {
        "start": {
          "line": 8,
          "column": 0
        },
        "end": {
          "line": 25,
          "column": 2
        }
      },
      "2": {
        "start": {
          "line": 9,
          "column": 2
        },
        "end": {
          "line": 24,
          "column": 4
        }
      },
      "3": {
        "start": {
          "line": 10,
          "column": 4
        },
        "end": {
          "line": 16,
          "column": 5
        }
      },
      "4": {
        "start": {
          "line": 18,
          "column": 4
        },
        "end": {
          "line": 18,
          "column": 53
        }
      },
      "5": {
        "start": {
          "line": 19,
          "column": 4
        },
        "end": {
          "line": 19,
          "column": 27
        }
      },
      "6": {
        "start": {
          "line": 20,
          "column": 4
        },
        "end": {
          "line": 20,
          "column": 28
        }
      },
      "7": {
        "start": {
          "line": 21,
          "column": 4
        },
        "end": {
          "line": 21,
          "column": 31
        }
      },
      "8": {
        "start": {
          "line": 22,
          "column": 4
        },
        "end": {
          "line": 22,
          "column": 30
        }
      },
      "9": {
        "start": {
          "line": 23,
          "column": 4
        },
        "end": {
          "line": 23,
          "column": 74
        }
      }
    },
    "fnMap": {
      "0": {
        "name": "(anonymous_0)",
        "decl": {
          "start": {
            "line": 8,
            "column": 20
          },
          "end": {
            "line": 8,
            "column": 21
          }
        },
        "loc": {
          "start": {
            "line": 8,
            "column": 26
          },
          "end": {
            "line": 25,
            "column": 1
          }
        },
        "line": 8
      },
      "1": {
        "name": "(anonymous_1)",
        "decl": {
          "start": {
            "line": 9,
            "column": 22
          },
          "end": {
            "line": 9,
            "column": 23
          }
        },
        "loc": {
          "start": {
            "line": 9,
            "column": 28
          },
          "end": {
            "line": 24,
            "column": 3
          }
        },
        "line": 9
      }
    },
    "branchMap": {},
    "s": {
      "0": 0,
      "1": 0,
      "2": 0,
      "3": 0,
      "4": 0,
      "5": 0,
      "6": 0,
      "7": 0,
      "8": 0,
      "9": 0
    },
    "f": {
      "0": 0,
      "1": 0
    },
    "b": {}
  },
  "/Users/murat/bookshelf/src/components/book-row.js": {
    "path": "/Users/murat/bookshelf/src/components/book-row.js",
    "statementMap": {
      "0": {
        "start": {
          "line": 12,
          "column": 41
        },
        "end": {
          "line": 12,
          "column": 45
        }
      },
      "1": {
        "start": {
          "line": 13,
          "column": 19
        },
        "end": {
          "line": 13,
          "column": 39
        }
      },
      "2": {
        "start": {
          "line": 15,
          "column": 13
        },
        "end": {
          "line": 15,
          "column": 39
        }
      },
      "3": {
        "start": {
          "line": 17,
          "column": 2
        },
        "end": {
          "line": 108,
          "column": 3
        }
      }
    },
    "fnMap": {
      "0": {
        "name": "BookRow",
        "decl": {
          "start": {
            "line": 11,
            "column": 9
          },
          "end": {
            "line": 11,
            "column": 16
          }
        },
        "loc": {
          "start": {
            "line": 11,
            "column": 25
          },
          "end": {
            "line": 109,
            "column": 1
          }
        },
        "line": 11
      }
    },
    "branchMap": {
      "0": {
        "loc": {
          "start": {
            "line": 73,
            "column": 15
          },
          "end": {
            "line": 73,
            "column": 75
          }
        },
        "type": "cond-expr",
        "locations": [
          {
            "start": {
              "line": 73,
              "column": 38
            },
            "end": {
              "line": 73,
              "column": 68
            }
          },
          {
            "start": {
              "line": 73,
              "column": 71
            },
            "end": {
              "line": 73,
              "column": 75
            }
          }
        ],
        "line": 73
      }
    },
    "s": {
      "0": 99,
      "1": 99,
      "2": 99,
      "3": 99
    },
    "f": {
      "0": 99
    },
    "b": {
      "0": [
        2,
        97
      ]
    },
    "_coverageSchema": "1a1c01bbd47fc00a2c39e90264f33305004495a9",
    "hash": "d3c82de3f61da2403e0f765add2554a787520df9"
  },
  "/Users/murat/bookshelf/src/components/lib-ErrorMessage.cy.js": {
    "path": "/Users/murat/bookshelf/src/components/lib-ErrorMessage.cy.js",
    "statementMap": {
      "0": {
        "start": {
          "line": 4,
          "column": 0
        },
        "end": {
          "line": 16,
          "column": 2
        }
      },
      "1": {
        "start": {
          "line": 5,
          "column": 2
        },
        "end": {
          "line": 10,
          "column": 4
        }
      },
      "2": {
        "start": {
          "line": 6,
          "column": 4
        },
        "end": {
          "line": 6,
          "column": 55
        }
      },
      "3": {
        "start": {
          "line": 7,
          "column": 4
        },
        "end": {
          "line": 7,
          "column": 46
        }
      },
      "4": {
        "start": {
          "line": 9,
          "column": 4
        },
        "end": {
          "line": 9,
          "column": 29
        }
      },
      "5": {
        "start": {
          "line": 12,
          "column": 2
        },
        "end": {
          "line": 15,
          "column": 4
        }
      },
      "6": {
        "start": {
          "line": 13,
          "column": 4
        },
        "end": {
          "line": 13,
          "column": 72
        }
      },
      "7": {
        "start": {
          "line": 14,
          "column": 4
        },
        "end": {
          "line": 14,
          "column": 42
        }
      }
    },
    "fnMap": {
      "0": {
        "name": "(anonymous_0)",
        "decl": {
          "start": {
            "line": 4,
            "column": 25
          },
          "end": {
            "line": 4,
            "column": 26
          }
        },
        "loc": {
          "start": {
            "line": 4,
            "column": 31
          },
          "end": {
            "line": 16,
            "column": 1
          }
        },
        "line": 4
      },
      "1": {
        "name": "(anonymous_1)",
        "decl": {
          "start": {
            "line": 5,
            "column": 30
          },
          "end": {
            "line": 5,
            "column": 31
          }
        },
        "loc": {
          "start": {
            "line": 5,
            "column": 36
          },
          "end": {
            "line": 10,
            "column": 3
          }
        },
        "line": 5
      },
      "2": {
        "name": "(anonymous_2)",
        "decl": {
          "start": {
            "line": 12,
            "column": 29
          },
          "end": {
            "line": 12,
            "column": 30
          }
        },
        "loc": {
          "start": {
            "line": 12,
            "column": 35
          },
          "end": {
            "line": 15,
            "column": 3
          }
        },
        "line": 12
      }
    },
    "branchMap": {},
    "s": {
      "0": 0,
      "1": 0,
      "2": 0,
      "3": 0,
      "4": 0,
      "5": 0,
      "6": 0,
      "7": 0
    },
    "f": {
      "0": 0,
      "1": 0,
      "2": 0
    },
    "b": {}
  },
  "/Users/murat/bookshelf/src/components/lib-FullPageErrorFallback.cy.js": {
    "path": "/Users/murat/bookshelf/src/components/lib-FullPageErrorFallback.cy.js",
    "statementMap": {
      "0": {
        "start": {
          "line": 4,
          "column": 0
        },
        "end": {
          "line": 11,
          "column": 2
        }
      },
      "1": {
        "start": {
          "line": 5,
          "column": 2
        },
        "end": {
          "line": 10,
          "column": 4
        }
      },
      "2": {
        "start": {
          "line": 6,
          "column": 4
        },
        "end": {
          "line": 6,
          "column": 64
        }
      },
      "3": {
        "start": {
          "line": 8,
          "column": 4
        },
        "end": {
          "line": 8,
          "column": 75
        }
      },
      "4": {
        "start": {
          "line": 9,
          "column": 4
        },
        "end": {
          "line": 9,
          "column": 29
        }
      }
    },
    "fnMap": {
      "0": {
        "name": "(anonymous_0)",
        "decl": {
          "start": {
            "line": 4,
            "column": 34
          },
          "end": {
            "line": 4,
            "column": 35
          }
        },
        "loc": {
          "start": {
            "line": 4,
            "column": 40
          },
          "end": {
            "line": 11,
            "column": 1
          }
        },
        "line": 4
      },
      "1": {
        "name": "(anonymous_1)",
        "decl": {
          "start": {
            "line": 5,
            "column": 33
          },
          "end": {
            "line": 5,
            "column": 34
          }
        },
        "loc": {
          "start": {
            "line": 5,
            "column": 39
          },
          "end": {
            "line": 10,
            "column": 3
          }
        },
        "line": 5
      }
    },
    "branchMap": {},
    "s": {
      "0": 0,
      "1": 0,
      "2": 0,
      "3": 0,
      "4": 0
    },
    "f": {
      "0": 0,
      "1": 0
    },
    "b": {}
  },
  "/Users/murat/bookshelf/src/components/lib-FullPageSpinner.cy.js": {
    "path": "/Users/murat/bookshelf/src/components/lib-FullPageSpinner.cy.js",
    "statementMap": {
      "0": {
        "start": {
          "line": 4,
          "column": 0
        },
        "end": {
          "line": 9,
          "column": 2
        }
      },
      "1": {
        "start": {
          "line": 5,
          "column": 2
        },
        "end": {
          "line": 8,
          "column": 4
        }
      },
      "2": {
        "start": {
          "line": 6,
          "column": 4
        },
        "end": {
          "line": 6,
          "column": 33
        }
      },
      "3": {
        "start": {
          "line": 7,
          "column": 4
        },
        "end": {
          "line": 7,
          "column": 39
        }
      }
    },
    "fnMap": {
      "0": {
        "name": "(anonymous_0)",
        "decl": {
          "start": {
            "line": 4,
            "column": 28
          },
          "end": {
            "line": 4,
            "column": 29
          }
        },
        "loc": {
          "start": {
            "line": 4,
            "column": 34
          },
          "end": {
            "line": 9,
            "column": 1
          }
        },
        "line": 4
      },
      "1": {
        "name": "(anonymous_1)",
        "decl": {
          "start": {
            "line": 5,
            "column": 20
          },
          "end": {
            "line": 5,
            "column": 21
          }
        },
        "loc": {
          "start": {
            "line": 5,
            "column": 26
          },
          "end": {
            "line": 8,
            "column": 3
          }
        },
        "line": 5
      }
    },
    "branchMap": {},
    "s": {
      "0": 0,
      "1": 0,
      "2": 0,
      "3": 0
    },
    "f": {
      "0": 0,
      "1": 0
    },
    "b": {}
  },
  "/Users/murat/bookshelf/src/components/lib.js": {
    "path": "/Users/murat/bookshelf/src/components/lib.js",
    "statementMap": {
      "0": {
        "start": {
          "line": 30,
          "column": 13
        },
        "end": {
          "line": 33,
          "column": 2
        }
      },
      "1": {
        "start": {
          "line": 35,
          "column": 21
        },
        "end": {
          "line": 48,
          "column": 2
        }
      },
      "2": {
        "start": {
          "line": 50,
          "column": 19
        },
        "end": {
          "line": 56,
          "column": 2
        }
      },
      "3": {
        "start": {
          "line": 58,
          "column": 16
        },
        "end": {
          "line": 60,
          "column": 2
        }
      },
      "4": {
        "start": {
          "line": 61,
          "column": 0
        },
        "end": {
          "line": 63,
          "column": 1
        }
      },
      "5": {
        "start": {
          "line": 65,
          "column": 23
        },
        "end": {
          "line": 74,
          "column": 1
        }
      },
      "6": {
        "start": {
          "line": 75,
          "column": 15
        },
        "end": {
          "line": 83,
          "column": 1
        }
      },
      "7": {
        "start": {
          "line": 82,
          "column": 29
        },
        "end": {
          "line": 82,
          "column": 52
        }
      },
      "8": {
        "start": {
          "line": 85,
          "column": 20
        },
        "end": {
          "line": 89,
          "column": 1
        }
      },
      "9": {
        "start": {
          "line": 91,
          "column": 14
        },
        "end": {
          "line": 91,
          "column": 62
        }
      },
      "10": {
        "start": {
          "line": 92,
          "column": 17
        },
        "end": {
          "line": 92,
          "column": 45
        }
      },
      "11": {
        "start": {
          "line": 94,
          "column": 15
        },
        "end": {
          "line": 104,
          "column": 2
        }
      },
      "12": {
        "start": {
          "line": 106,
          "column": 18
        },
        "end": {
          "line": 109,
          "column": 2
        }
      },
      "13": {
        "start": {
          "line": 112,
          "column": 2
        },
        "end": {
          "line": 125,
          "column": 3
        }
      },
      "14": {
        "start": {
          "line": 128,
          "column": 13
        },
        "end": {
          "line": 134,
          "column": 2
        }
      },
      "15": {
        "start": {
          "line": 136,
          "column": 29
        },
        "end": {
          "line": 139,
          "column": 1
        }
      },
      "16": {
        "start": {
          "line": 142,
          "column": 2
        },
        "end": {
          "line": 158,
          "column": 3
        }
      },
      "17": {
        "start": {
          "line": 162,
          "column": 2
        },
        "end": {
          "line": 177,
          "column": 3
        }
      }
    },
    "fnMap": {
      "0": {
        "name": "(anonymous_0)",
        "decl": {
          "start": {
            "line": 82,
            "column": 2
          },
          "end": {
            "line": 82,
            "column": 3
          }
        },
        "loc": {
          "start": {
            "line": 82,
            "column": 29
          },
          "end": {
            "line": 82,
            "column": 52
          }
        },
        "line": 82
      },
      "1": {
        "name": "FullPageSpinner",
        "decl": {
          "start": {
            "line": 111,
            "column": 9
          },
          "end": {
            "line": 111,
            "column": 24
          }
        },
        "loc": {
          "start": {
            "line": 111,
            "column": 27
          },
          "end": {
            "line": 126,
            "column": 1
          }
        },
        "line": 111
      },
      "2": {
        "name": "ErrorMessage",
        "decl": {
          "start": {
            "line": 141,
            "column": 9
          },
          "end": {
            "line": 141,
            "column": 21
          }
        },
        "loc": {
          "start": {
            "line": 141,
            "column": 62
          },
          "end": {
            "line": 159,
            "column": 1
          }
        },
        "line": 141
      },
      "3": {
        "name": "FullPageErrorFallback",
        "decl": {
          "start": {
            "line": 161,
            "column": 9
          },
          "end": {
            "line": 161,
            "column": 30
          }
        },
        "loc": {
          "start": {
            "line": 161,
            "column": 40
          },
          "end": {
            "line": 178,
            "column": 1
          }
        },
        "line": 161
      }
    },
    "branchMap": {
      "0": {
        "loc": {
          "start": {
            "line": 82,
            "column": 4
          },
          "end": {
            "line": 82,
            "column": 23
          }
        },
        "type": "default-arg",
        "locations": [
          {
            "start": {
              "line": 82,
              "column": 14
            },
            "end": {
              "line": 82,
              "column": 23
            }
          }
        ],
        "line": 82
      },
      "1": {
        "loc": {
          "start": {
            "line": 141,
            "column": 30
          },
          "end": {
            "line": 141,
            "column": 49
          }
        },
        "type": "default-arg",
        "locations": [
          {
            "start": {
              "line": 141,
              "column": 40
            },
            "end": {
              "line": 141,
              "column": 49
            }
          }
        ],
        "line": 141
      }
    },
    "s": {
      "0": 5,
      "1": 5,
      "2": 5,
      "3": 5,
      "4": 5,
      "5": 5,
      "6": 5,
      "7": 19,
      "8": 5,
      "9": 5,
      "10": 5,
      "11": 5,
      "12": 5,
      "13": 37,
      "14": 5,
      "15": 5,
      "16": 3,
      "17": 0
    },
    "f": {
      "0": 19,
      "1": 37,
      "2": 3,
      "3": 0
    },
    "b": {
      "0": [
        0
      ],
      "1": [
        2
      ]
    },
    "_coverageSchema": "1a1c01bbd47fc00a2c39e90264f33305004495a9",
    "hash": "26b2f5dee7bb67b7abecec1504339b34f41ab109"
  },
  "/Users/murat/bookshelf/src/components/list-item-list.cy.js": {
    "path": "/Users/murat/bookshelf/src/components/list-item-list.cy.js",
    "statementMap": {
      "0": {
        "start": {
          "line": 7,
          "column": 0
        },
        "end": {
          "line": 38,
          "column": 2
        }
      },
      "1": {
        "start": {
          "line": 8,
          "column": 2
        },
        "end": {
          "line": 37,
          "column": 4
        }
      },
      "2": {
        "start": {
          "line": 9,
          "column": 4
        },
        "end": {
          "line": 9,
          "column": 79
        }
      },
      "3": {
        "start": {
          "line": 10,
          "column": 4
        },
        "end": {
          "line": 10,
          "column": 74
        }
      },
      "4": {
        "start": {
          "line": 11,
          "column": 4
        },
        "end": {
          "line": 11,
          "column": 66
        }
      },
      "5": {
        "start": {
          "line": 12,
          "column": 4
        },
        "end": {
          "line": 14,
          "column": 5
        }
      },
      "6": {
        "start": {
          "line": 15,
          "column": 4
        },
        "end": {
          "line": 17,
          "column": 5
        }
      },
      "7": {
        "start": {
          "line": 19,
          "column": 4
        },
        "end": {
          "line": 28,
          "column": 5
        }
      },
      "8": {
        "start": {
          "line": 23,
          "column": 35
        },
        "end": {
          "line": 23,
          "column": 57
        }
      },
      "9": {
        "start": {
          "line": 30,
          "column": 4
        },
        "end": {
          "line": 30,
          "column": 53
        }
      },
      "10": {
        "start": {
          "line": 32,
          "column": 4
        },
        "end": {
          "line": 32,
          "column": 54
        }
      },
      "11": {
        "start": {
          "line": 33,
          "column": 4
        },
        "end": {
          "line": 33,
          "column": 30
        }
      },
      "12": {
        "start": {
          "line": 35,
          "column": 4
        },
        "end": {
          "line": 35,
          "column": 53
        }
      },
      "13": {
        "start": {
          "line": 36,
          "column": 4
        },
        "end": {
          "line": 36,
          "column": 33
        }
      }
    },
    "fnMap": {
      "0": {
        "name": "(anonymous_0)",
        "decl": {
          "start": {
            "line": 7,
            "column": 47
          },
          "end": {
            "line": 7,
            "column": 48
          }
        },
        "loc": {
          "start": {
            "line": 7,
            "column": 53
          },
          "end": {
            "line": 38,
            "column": 1
          }
        },
        "line": 7
      },
      "1": {
        "name": "(anonymous_1)",
        "decl": {
          "start": {
            "line": 8,
            "column": 23
          },
          "end": {
            "line": 8,
            "column": 24
          }
        },
        "loc": {
          "start": {
            "line": 8,
            "column": 29
          },
          "end": {
            "line": 37,
            "column": 3
          }
        },
        "line": 8
      },
      "2": {
        "name": "(anonymous_2)",
        "decl": {
          "start": {
            "line": 23,
            "column": 29
          },
          "end": {
            "line": 23,
            "column": 30
          }
        },
        "loc": {
          "start": {
            "line": 23,
            "column": 35
          },
          "end": {
            "line": 23,
            "column": 57
          }
        },
        "line": 23
      }
    },
    "branchMap": {},
    "s": {
      "0": 0,
      "1": 0,
      "2": 0,
      "3": 0,
      "4": 0,
      "5": 0,
      "6": 0,
      "7": 0,
      "8": 0,
      "9": 0,
      "10": 0,
      "11": 0,
      "12": 0,
      "13": 0
    },
    "f": {
      "0": 0,
      "1": 0,
      "2": 0
    },
    "b": {}
  },
  "/Users/murat/bookshelf/src/components/list-item-list.js": {
    "path": "/Users/murat/bookshelf/src/components/list-item-list.js",
    "statementMap": {
      "0": {
        "start": {
          "line": 10,
          "column": 20
        },
        "end": {
          "line": 10,
          "column": 34
        }
      },
      "1": {
        "start": {
          "line": 12,
          "column": 28
        },
        "end": {
          "line": 12,
          "column": 61
        }
      },
      "2": {
        "start": {
          "line": 14,
          "column": 2
        },
        "end": {
          "line": 16,
          "column": 3
        }
      },
      "3": {
        "start": {
          "line": 15,
          "column": 4
        },
        "end": {
          "line": 15,
          "column": 79
        }
      },
      "4": {
        "start": {
          "line": 17,
          "column": 2
        },
        "end": {
          "line": 23,
          "column": 3
        }
      },
      "5": {
        "start": {
          "line": 18,
          "column": 4
        },
        "end": {
          "line": 22,
          "column": 5
        }
      },
      "6": {
        "start": {
          "line": 25,
          "column": 2
        },
        "end": {
          "line": 38,
          "column": 3
        }
      },
      "7": {
        "start": {
          "line": 32,
          "column": 10
        },
        "end": {
          "line": 34,
          "column": 15
        }
      }
    },
    "fnMap": {
      "0": {
        "name": "ListItemList",
        "decl": {
          "start": {
            "line": 9,
            "column": 9
          },
          "end": {
            "line": 9,
            "column": 21
          }
        },
        "loc": {
          "start": {
            "line": 9,
            "column": 75
          },
          "end": {
            "line": 39,
            "column": 1
          }
        },
        "line": 9
      },
      "1": {
        "name": "(anonymous_1)",
        "decl": {
          "start": {
            "line": 31,
            "column": 31
          },
          "end": {
            "line": 31,
            "column": 32
          }
        },
        "loc": {
          "start": {
            "line": 32,
            "column": 10
          },
          "end": {
            "line": 34,
            "column": 15
          }
        },
        "line": 32
      }
    },
    "branchMap": {
      "0": {
        "loc": {
          "start": {
            "line": 14,
            "column": 2
          },
          "end": {
            "line": 16,
            "column": 3
          }
        },
        "type": "if",
        "locations": [
          {
            "start": {
              "line": 14,
              "column": 2
            },
            "end": {
              "line": 16,
              "column": 3
            }
          },
          {
            "start": {},
            "end": {}
          }
        ],
        "line": 14
      },
      "1": {
        "loc": {
          "start": {
            "line": 17,
            "column": 2
          },
          "end": {
            "line": 23,
            "column": 3
          }
        },
        "type": "if",
        "locations": [
          {
            "start": {
              "line": 17,
              "column": 2
            },
            "end": {
              "line": 23,
              "column": 3
            }
          },
          {
            "start": {},
            "end": {}
          }
        ],
        "line": 17
      }
    },
    "s": {
      "0": 16,
      "1": 16,
      "2": 16,
      "3": 10,
      "4": 6,
      "5": 0,
      "6": 6,
      "7": 6
    },
    "f": {
      "0": 16,
      "1": 6
    },
    "b": {
      "0": [
        10,
        6
      ],
      "1": [
        0,
        6
      ]
    },
    "_coverageSchema": "1a1c01bbd47fc00a2c39e90264f33305004495a9",
    "hash": "36c4c0048cb91d3d6e46ffb2799410e62e2eb4ea"
  },
  "/Users/murat/bookshelf/src/components/login-form.cy.js": {
    "path": "/Users/murat/bookshelf/src/components/login-form.cy.js",
    "statementMap": {
      "0": {
        "start": {
          "line": 7,
          "column": 0
        },
        "end": {
          "line": 49,
          "column": 2
        }
      },
      "1": {
        "start": {
          "line": 9,
          "column": 15
        },
        "end": {
          "line": 9,
          "column": 26
        }
      },
      "2": {
        "start": {
          "line": 10,
          "column": 2
        },
        "end": {
          "line": 12,
          "column": 4
        }
      },
      "3": {
        "start": {
          "line": 11,
          "column": 4
        },
        "end": {
          "line": 11,
          "column": 50
        }
      },
      "4": {
        "start": {
          "line": 14,
          "column": 2
        },
        "end": {
          "line": 30,
          "column": 4
        }
      },
      "5": {
        "start": {
          "line": 15,
          "column": 4
        },
        "end": {
          "line": 20,
          "column": 5
        }
      },
      "6": {
        "start": {
          "line": 22,
          "column": 4
        },
        "end": {
          "line": 22,
          "column": 69
        }
      },
      "7": {
        "start": {
          "line": 23,
          "column": 4
        },
        "end": {
          "line": 23,
          "column": 55
        }
      },
      "8": {
        "start": {
          "line": 24,
          "column": 4
        },
        "end": {
          "line": 24,
          "column": 37
        }
      },
      "9": {
        "start": {
          "line": 26,
          "column": 4
        },
        "end": {
          "line": 29,
          "column": 6
        }
      },
      "10": {
        "start": {
          "line": 32,
          "column": 2
        },
        "end": {
          "line": 48,
          "column": 4
        }
      },
      "11": {
        "start": {
          "line": 33,
          "column": 4
        },
        "end": {
          "line": 38,
          "column": 5
        }
      },
      "12": {
        "start": {
          "line": 40,
          "column": 4
        },
        "end": {
          "line": 40,
          "column": 69
        }
      },
      "13": {
        "start": {
          "line": 41,
          "column": 4
        },
        "end": {
          "line": 41,
          "column": 55
        }
      },
      "14": {
        "start": {
          "line": 42,
          "column": 4
        },
        "end": {
          "line": 42,
          "column": 37
        }
      },
      "15": {
        "start": {
          "line": 44,
          "column": 4
        },
        "end": {
          "line": 47,
          "column": 6
        }
      }
    },
    "fnMap": {
      "0": {
        "name": "(anonymous_0)",
        "decl": {
          "start": {
            "line": 7,
            "column": 22
          },
          "end": {
            "line": 7,
            "column": 23
          }
        },
        "loc": {
          "start": {
            "line": 7,
            "column": 28
          },
          "end": {
            "line": 49,
            "column": 1
          }
        },
        "line": 7
      },
      "1": {
        "name": "(anonymous_1)",
        "decl": {
          "start": {
            "line": 10,
            "column": 13
          },
          "end": {
            "line": 10,
            "column": 14
          }
        },
        "loc": {
          "start": {
            "line": 10,
            "column": 19
          },
          "end": {
            "line": 12,
            "column": 3
          }
        },
        "line": 10
      },
      "2": {
        "name": "(anonymous_2)",
        "decl": {
          "start": {
            "line": 14,
            "column": 53
          },
          "end": {
            "line": 14,
            "column": 54
          }
        },
        "loc": {
          "start": {
            "line": 14,
            "column": 59
          },
          "end": {
            "line": 30,
            "column": 3
          }
        },
        "line": 14
      },
      "3": {
        "name": "(anonymous_3)",
        "decl": {
          "start": {
            "line": 32,
            "column": 56
          },
          "end": {
            "line": 32,
            "column": 57
          }
        },
        "loc": {
          "start": {
            "line": 32,
            "column": 62
          },
          "end": {
            "line": 48,
            "column": 3
          }
        },
        "line": 32
      }
    },
    "branchMap": {},
    "s": {
      "0": 0,
      "1": 0,
      "2": 0,
      "3": 0,
      "4": 0,
      "5": 0,
      "6": 0,
      "7": 0,
      "8": 0,
      "9": 0,
      "10": 0,
      "11": 0,
      "12": 0,
      "13": 0,
      "14": 0,
      "15": 0
    },
    "f": {
      "0": 0,
      "1": 0,
      "2": 0,
      "3": 0
    },
    "b": {}
  },
  "/Users/murat/bookshelf/src/components/login-form.js": {
    "path": "/Users/murat/bookshelf/src/components/login-form.js",
    "statementMap": {
      "0": {
        "start": {
          "line": 6,
          "column": 43
        },
        "end": {
          "line": 6,
          "column": 53
        }
      },
      "1": {
        "start": {
          "line": 8,
          "column": 23
        },
        "end": {
          "line": 18,
          "column": 3
        }
      },
      "2": {
        "start": {
          "line": 9,
          "column": 4
        },
        "end": {
          "line": 9,
          "column": 26
        }
      },
      "3": {
        "start": {
          "line": 10,
          "column": 33
        },
        "end": {
          "line": 10,
          "column": 54
        }
      },
      "4": {
        "start": {
          "line": 12,
          "column": 4
        },
        "end": {
          "line": 17,
          "column": 5
        }
      },
      "5": {
        "start": {
          "line": 20,
          "column": 2
        },
        "end": {
          "line": 54,
          "column": 3
        }
      }
    },
    "fnMap": {
      "0": {
        "name": "LoginForm",
        "decl": {
          "start": {
            "line": 5,
            "column": 24
          },
          "end": {
            "line": 5,
            "column": 33
          }
        },
        "loc": {
          "start": {
            "line": 5,
            "column": 60
          },
          "end": {
            "line": 55,
            "column": 1
          }
        },
        "line": 5
      },
      "1": {
        "name": "(anonymous_1)",
        "decl": {
          "start": {
            "line": 8,
            "column": 23
          },
          "end": {
            "line": 8,
            "column": 24
          }
        },
        "loc": {
          "start": {
            "line": 8,
            "column": 32
          },
          "end": {
            "line": 18,
            "column": 3
          }
        },
        "line": 8
      }
    },
    "branchMap": {
      "0": {
        "loc": {
          "start": {
            "line": 46,
            "column": 14
          },
          "end": {
            "line": 48,
            "column": 43
          }
        },
        "type": "cond-expr",
        "locations": [
          {
            "start": {
              "line": 47,
              "column": 14
            },
            "end": {
              "line": 47,
              "column": 41
            }
          },
          {
            "start": {
              "line": 48,
              "column": 14
            },
            "end": {
              "line": 48,
              "column": 43
            }
          }
        ],
        "line": 46
      },
      "1": {
        "loc": {
          "start": {
            "line": 49,
            "column": 10
          },
          "end": {
            "line": 49,
            "column": 62
          }
        },
        "type": "cond-expr",
        "locations": [
          {
            "start": {
              "line": 49,
              "column": 22
            },
            "end": {
              "line": 49,
              "column": 55
            }
          },
          {
            "start": {
              "line": 49,
              "column": 58
            },
            "end": {
              "line": 49,
              "column": 62
            }
          }
        ],
        "line": 49
      },
      "2": {
        "loc": {
          "start": {
            "line": 52,
            "column": 7
          },
          "end": {
            "line": 52,
            "column": 54
          }
        },
        "type": "cond-expr",
        "locations": [
          {
            "start": {
              "line": 52,
              "column": 17
            },
            "end": {
              "line": 52,
              "column": 47
            }
          },
          {
            "start": {
              "line": 52,
              "column": 50
            },
            "end": {
              "line": 52,
              "column": 54
            }
          }
        ],
        "line": 52
      }
    },
    "s": {
      "0": 4,
      "1": 4,
      "2": 2,
      "3": 2,
      "4": 2,
      "5": 4
    },
    "f": {
      "0": 4,
      "1": 2
    },
    "b": {
      "0": [
        0,
        4
      ],
      "1": [
        2,
        2
      ],
      "2": [
        0,
        4
      ]
    }
  },
  "/Users/murat/bookshelf/src/components/logo.cy.js": {
    "path": "/Users/murat/bookshelf/src/components/logo.cy.js",
    "statementMap": {
      "0": {
        "start": {
          "line": 4,
          "column": 0
        },
        "end": {
          "line": 12,
          "column": 2
        }
      },
      "1": {
        "start": {
          "line": 5,
          "column": 2
        },
        "end": {
          "line": 11,
          "column": 4
        }
      },
      "2": {
        "start": {
          "line": 6,
          "column": 4
        },
        "end": {
          "line": 6,
          "column": 22
        }
      },
      "3": {
        "start": {
          "line": 8,
          "column": 4
        },
        "end": {
          "line": 10,
          "column": 46
        }
      }
    },
    "fnMap": {
      "0": {
        "name": "(anonymous_0)",
        "decl": {
          "start": {
            "line": 4,
            "column": 17
          },
          "end": {
            "line": 4,
            "column": 18
          }
        },
        "loc": {
          "start": {
            "line": 4,
            "column": 23
          },
          "end": {
            "line": 12,
            "column": 1
          }
        },
        "line": 4
      },
      "1": {
        "name": "(anonymous_1)",
        "decl": {
          "start": {
            "line": 5,
            "column": 26
          },
          "end": {
            "line": 5,
            "column": 27
          }
        },
        "loc": {
          "start": {
            "line": 5,
            "column": 32
          },
          "end": {
            "line": 11,
            "column": 3
          }
        },
        "line": 5
      }
    },
    "branchMap": {},
    "s": {
      "0": 0,
      "1": 0,
      "2": 0,
      "3": 0
    },
    "f": {
      "0": 0,
      "1": 0
    },
    "b": {}
  },
  "/Users/murat/bookshelf/src/components/logo.js": {
    "path": "/Users/murat/bookshelf/src/components/logo.js",
    "statementMap": {
      "0": {
        "start": {
          "line": 3,
          "column": 13
        },
        "end": {
          "line": 52,
          "column": 1
        }
      },
      "1": {
        "start": {
          "line": 4,
          "column": 2
        },
        "end": {
          "line": 51,
          "column": 3
        }
      }
    },
    "fnMap": {
      "0": {
        "name": "(anonymous_0)",
        "decl": {
          "start": {
            "line": 3,
            "column": 13
          },
          "end": {
            "line": 3,
            "column": 14
          }
        },
        "loc": {
          "start": {
            "line": 3,
            "column": 48
          },
          "end": {
            "line": 52,
            "column": 1
          }
        },
        "line": 3
      }
    },
    "branchMap": {
      "0": {
        "loc": {
          "start": {
            "line": 3,
            "column": 15
          },
          "end": {
            "line": 3,
            "column": 27
          }
        },
        "type": "default-arg",
        "locations": [
          {
            "start": {
              "line": 3,
              "column": 23
            },
            "end": {
              "line": 3,
              "column": 27
            }
          }
        ],
        "line": 3
      },
      "1": {
        "loc": {
          "start": {
            "line": 3,
            "column": 29
          },
          "end": {
            "line": 3,
            "column": 42
          }
        },
        "type": "default-arg",
        "locations": [
          {
            "start": {
              "line": 3,
              "column": 38
            },
            "end": {
              "line": 3,
              "column": 42
            }
          }
        ],
        "line": 3
      }
    },
    "s": {
      "0": 2,
      "1": 2
    },
    "f": {
      "0": 2
    },
    "b": {
      "0": [
        0
      ],
      "1": [
        0
      ]
    }
  },
  "/Users/murat/bookshelf/src/components/modal.cy.js": {
    "path": "/Users/murat/bookshelf/src/components/modal.cy.js",
    "statementMap": {
      "0": {
        "start": {
          "line": 6,
          "column": 0
        },
        "end": {
          "line": 31,
          "column": 2
        }
      },
      "1": {
        "start": {
          "line": 7,
          "column": 2
        },
        "end": {
          "line": 30,
          "column": 4
        }
      },
      "2": {
        "start": {
          "line": 8,
          "column": 18
        },
        "end": {
          "line": 8,
          "column": 31
        }
      },
      "3": {
        "start": {
          "line": 9,
          "column": 18
        },
        "end": {
          "line": 9,
          "column": 31
        }
      },
      "4": {
        "start": {
          "line": 10,
          "column": 4
        },
        "end": {
          "line": 21,
          "column": 5
        }
      },
      "5": {
        "start": {
          "line": 23,
          "column": 4
        },
        "end": {
          "line": 23,
          "column": 42
        }
      },
      "6": {
        "start": {
          "line": 25,
          "column": 4
        },
        "end": {
          "line": 25,
          "column": 54
        }
      },
      "7": {
        "start": {
          "line": 26,
          "column": 4
        },
        "end": {
          "line": 26,
          "column": 50
        }
      },
      "8": {
        "start": {
          "line": 28,
          "column": 4
        },
        "end": {
          "line": 28,
          "column": 45
        }
      },
      "9": {
        "start": {
          "line": 29,
          "column": 4
        },
        "end": {
          "line": 29,
          "column": 58
        }
      }
    },
    "fnMap": {
      "0": {
        "name": "(anonymous_0)",
        "decl": {
          "start": {
            "line": 6,
            "column": 18
          },
          "end": {
            "line": 6,
            "column": 19
          }
        },
        "loc": {
          "start": {
            "line": 6,
            "column": 24
          },
          "end": {
            "line": 31,
            "column": 1
          }
        },
        "line": 6
      },
      "1": {
        "name": "(anonymous_1)",
        "decl": {
          "start": {
            "line": 7,
            "column": 32
          },
          "end": {
            "line": 7,
            "column": 33
          }
        },
        "loc": {
          "start": {
            "line": 7,
            "column": 38
          },
          "end": {
            "line": 30,
            "column": 3
          }
        },
        "line": 7
      }
    },
    "branchMap": {},
    "s": {
      "0": 0,
      "1": 0,
      "2": 0,
      "3": 0,
      "4": 0,
      "5": 0,
      "6": 0,
      "7": 0,
      "8": 0,
      "9": 0
    },
    "f": {
      "0": 0,
      "1": 0
    },
    "b": {}
  },
  "/Users/murat/bookshelf/src/components/modal.js": {
    "path": "/Users/murat/bookshelf/src/components/modal.js",
    "statementMap": {
      "0": {
        "start": {
          "line": 14,
          "column": 2
        },
        "end": {
          "line": 16,
          "column": 36
        }
      },
      "1": {
        "start": {
          "line": 15,
          "column": 2
        },
        "end": {
          "line": 16,
          "column": 36
        }
      },
      "2": {
        "start": {
          "line": 16,
          "column": 4
        },
        "end": {
          "line": 16,
          "column": 36
        }
      },
      "3": {
        "start": {
          "line": 16,
          "column": 18
        },
        "end": {
          "line": 16,
          "column": 35
        }
      },
      "4": {
        "start": {
          "line": 23,
          "column": 21
        },
        "end": {
          "line": 23,
          "column": 42
        }
      },
      "5": {
        "start": {
          "line": 26,
          "column": 30
        },
        "end": {
          "line": 26,
          "column": 51
        }
      },
      "6": {
        "start": {
          "line": 28,
          "column": 2
        },
        "end": {
          "line": 28,
          "column": 73
        }
      },
      "7": {
        "start": {
          "line": 32,
          "column": 24
        },
        "end": {
          "line": 32,
          "column": 54
        }
      },
      "8": {
        "start": {
          "line": 33,
          "column": 2
        },
        "end": {
          "line": 35,
          "column": 4
        }
      },
      "9": {
        "start": {
          "line": 34,
          "column": 27
        },
        "end": {
          "line": 34,
          "column": 43
        }
      },
      "10": {
        "start": {
          "line": 39,
          "column": 24
        },
        "end": {
          "line": 39,
          "column": 54
        }
      },
      "11": {
        "start": {
          "line": 40,
          "column": 2
        },
        "end": {
          "line": 42,
          "column": 4
        }
      },
      "12": {
        "start": {
          "line": 41,
          "column": 27
        },
        "end": {
          "line": 41,
          "column": 42
        }
      },
      "13": {
        "start": {
          "line": 46,
          "column": 30
        },
        "end": {
          "line": 46,
          "column": 60
        }
      },
      "14": {
        "start": {
          "line": 47,
          "column": 2
        },
        "end": {
          "line": 49,
          "column": 3
        }
      },
      "15": {
        "start": {
          "line": 48,
          "column": 45
        },
        "end": {
          "line": 48,
          "column": 61
        }
      },
      "16": {
        "start": {
          "line": 53,
          "column": 2
        },
        "end": {
          "line": 66,
          "column": 3
        }
      }
    },
    "fnMap": {
      "0": {
        "name": "(anonymous_0)",
        "decl": {
          "start": {
            "line": 14,
            "column": 2
          },
          "end": {
            "line": 14,
            "column": 3
          }
        },
        "loc": {
          "start": {
            "line": 15,
            "column": 2
          },
          "end": {
            "line": 16,
            "column": 36
          }
        },
        "line": 15
      },
      "1": {
        "name": "(anonymous_1)",
        "decl": {
          "start": {
            "line": 15,
            "column": 2
          },
          "end": {
            "line": 15,
            "column": 3
          }
        },
        "loc": {
          "start": {
            "line": 16,
            "column": 4
          },
          "end": {
            "line": 16,
            "column": 36
          }
        },
        "line": 16
      },
      "2": {
        "name": "(anonymous_2)",
        "decl": {
          "start": {
            "line": 16,
            "column": 12
          },
          "end": {
            "line": 16,
            "column": 13
          }
        },
        "loc": {
          "start": {
            "line": 16,
            "column": 18
          },
          "end": {
            "line": 16,
            "column": 35
          }
        },
        "line": 16
      },
      "3": {
        "name": "Modal",
        "decl": {
          "start": {
            "line": 25,
            "column": 9
          },
          "end": {
            "line": 25,
            "column": 14
          }
        },
        "loc": {
          "start": {
            "line": 25,
            "column": 22
          },
          "end": {
            "line": 29,
            "column": 1
          }
        },
        "line": 25
      },
      "4": {
        "name": "ModalDismissButton",
        "decl": {
          "start": {
            "line": 31,
            "column": 9
          },
          "end": {
            "line": 31,
            "column": 27
          }
        },
        "loc": {
          "start": {
            "line": 31,
            "column": 47
          },
          "end": {
            "line": 36,
            "column": 1
          }
        },
        "line": 31
      },
      "5": {
        "name": "(anonymous_5)",
        "decl": {
          "start": {
            "line": 34,
            "column": 21
          },
          "end": {
            "line": 34,
            "column": 22
          }
        },
        "loc": {
          "start": {
            "line": 34,
            "column": 27
          },
          "end": {
            "line": 34,
            "column": 43
          }
        },
        "line": 34
      },
      "6": {
        "name": "ModalOpenButton",
        "decl": {
          "start": {
            "line": 38,
            "column": 9
          },
          "end": {
            "line": 38,
            "column": 24
          }
        },
        "loc": {
          "start": {
            "line": 38,
            "column": 44
          },
          "end": {
            "line": 43,
            "column": 1
          }
        },
        "line": 38
      },
      "7": {
        "name": "(anonymous_7)",
        "decl": {
          "start": {
            "line": 41,
            "column": 21
          },
          "end": {
            "line": 41,
            "column": 22
          }
        },
        "loc": {
          "start": {
            "line": 41,
            "column": 27
          },
          "end": {
            "line": 41,
            "column": 42
          }
        },
        "line": 41
      },
      "8": {
        "name": "ModalContentsBase",
        "decl": {
          "start": {
            "line": 45,
            "column": 9
          },
          "end": {
            "line": 45,
            "column": 26
          }
        },
        "loc": {
          "start": {
            "line": 45,
            "column": 34
          },
          "end": {
            "line": 50,
            "column": 1
          }
        },
        "line": 45
      },
      "9": {
        "name": "(anonymous_9)",
        "decl": {
          "start": {
            "line": 48,
            "column": 39
          },
          "end": {
            "line": 48,
            "column": 40
          }
        },
        "loc": {
          "start": {
            "line": 48,
            "column": 45
          },
          "end": {
            "line": 48,
            "column": 61
          }
        },
        "line": 48
      },
      "10": {
        "name": "ModalContents",
        "decl": {
          "start": {
            "line": 52,
            "column": 9
          },
          "end": {
            "line": 52,
            "column": 22
          }
        },
        "loc": {
          "start": {
            "line": 52,
            "column": 52
          },
          "end": {
[...]
        "decl": {
          "start": {
            "line": 228,
            "column": 15
          },
          "end": {
            "line": 228,
            "column": 37
          }
        },
        "loc": {
          "start": {
            "line": 228,
            "column": 46
          },
          "end": {
            "line": 234,
            "column": 1
          }
        },
        "line": 228
      },
      "26": {
        "name": "(anonymous_26)",
        "decl": {
          "start": {
            "line": 230,
            "column": 4
          },
          "end": {
            "line": 230,
            "column": 5
          }
        },
        "loc": {
          "start": {
            "line": 230,
            "column": 10
          },
          "end": {
            "line": 230,
            "column": 19
          }
        },
        "line": 230
      }
    },
    "branchMap": {
      "0": {
        "loc": {
          "start": {
            "line": 8,
            "column": 0
          },
          "end": {
            "line": 17,
            "column": 1
          }
        },
        "type": "if",
        "locations": [
          {
            "start": {
              "line": 8,
              "column": 0
            },
            "end": {
              "line": 17,
              "column": 1
            }
          },
          {
            "start": {
              "line": 8,
              "column": 0
            },
            "end": {
              "line": 17,
              "column": 1
            }
          }
        ],
        "line": 8
      },
      "1": {
        "loc": {
          "start": {
            "line": 10,
            "column": 7
          },
          "end": {
            "line": 17,
            "column": 1
          }
        },
        "type": "if",
        "locations": [
          {
            "start": {
              "line": 10,
              "column": 7
            },
            "end": {
              "line": 17,
              "column": 1
            }
          },
          {
            "start": {
              "line": 10,
              "column": 7
            },
            "end": {
              "line": 17,
              "column": 1
            }
          }
        ],
        "line": 10
      },
      "2": {
        "loc": {
          "start": {
            "line": 14,
            "column": 4
          },
          "end": {
            "line": 15,
            "column": 47
          }
        },
        "type": "default-arg",
        "locations": [
          {
            "start": {
              "line": 14,
              "column": 8
            },
            "end": {
              "line": 15,
              "column": 47
            }
          }
        ],
        "line": 14
      },
      "3": {
        "loc": {
          "start": {
            "line": 22,
            "column": 2
          },
          "end": {
            "line": 24,
            "column": 3
          }
        },
        "type": "if",
        "locations": [
          {
            "start": {
              "line": 22,
              "column": 2
            },
            "end": {
              "line": 24,
              "column": 3
            }
          },
          {
            "start": {
              "line": 22,
              "column": 2
            },
            "end": {
              "line": 24,
              "column": 3
            }
          }
        ],
        "line": 22
      },
      "4": {
        "loc": {
          "start": {
            "line": 25,
            "column": 9
          },
          "end": {
            "line": 25,
            "column": 48
          }
        },
        "type": "cond-expr",
        "locations": [
          {
            "start": {
              "line": 25,
              "column": 32
            },
            "end": {
              "line": 25,
              "column": 35
            }
          },
          {
            "start": {
              "line": 25,
              "column": 38
            },
            "end": {
              "line": 25,
              "column": 48
            }
          }
        ],
        "line": 25
      },
      "5": {
        "loc": {
          "start": {
            "line": 74,
            "column": 4
          },
          "end": {
            "line": 76,
            "column": 5
          }
        },
        "type": "if",
        "locations": [
          {
            "start": {
              "line": 74,
              "column": 4
            },
            "end": {
              "line": 76,
              "column": 5
            }
          },
          {
            "start": {
              "line": 74,
              "column": 4
            },
            "end": {
              "line": 76,
              "column": 5
            }
          }
        ],
        "line": 74
      },
      "6": {
        "loc": {
          "start": {
            "line": 80,
            "column": 4
          },
          "end": {
            "line": 92,
            "column": 5
          }
        },
        "type": "if",
        "locations": [
          {
            "start": {
              "line": 80,
              "column": 4
            },
            "end": {
              "line": 92,
              "column": 5
            }
          },
          {
            "start": {
              "line": 80,
              "column": 4
            },
            "end": {
              "line": 92,
              "column": 5
            }
          }
        ],
        "line": 80
      },
      "7": {
        "loc": {
          "start": {
            "line": 83,
            "column": 6
          },
          "end": {
            "line": 91,
            "column": 7
          }
        },
        "type": "if",
        "locations": [
          {
            "start": {
              "line": 83,
              "column": 6
            },
            "end": {
              "line": 91,
              "column": 7
            }
          },
          {
            "start": {
              "line": 83,
              "column": 6
            },
            "end": {
              "line": 91,
              "column": 7
            }
          }
        ],
        "line": 83
      },
      "8": {
        "loc": {
          "start": {
            "line": 100,
            "column": 4
          },
          "end": {
            "line": 105,
            "column": 5
          }
        },
        "type": "if",
        "locations": [
          {
            "start": {
              "line": 100,
              "column": 4
            },
            "end": {
              "line": 105,
              "column": 5
            }
          },
          {
            "start": {
              "line": 100,
              "column": 4
            },
            "end": {
              "line": 105,
              "column": 5
            }
          }
        ],
        "line": 100
      },
      "9": {
        "loc": {
          "start": {
            "line": 158,
            "column": 6
          },
          "end": {
            "line": 160,
            "column": 7
          }
        },
        "type": "if",
        "locations": [
          {
            "start": {
              "line": 158,
              "column": 6
            },
            "end": {
              "line": 160,
              "column": 7
            }
          },
          {
            "start": {
              "line": 158,
              "column": 6
            },
            "end": {
              "line": 160,
              "column": 7
            }
          }
        ],
        "line": 158
      },
      "10": {
        "loc": {
          "start": {
            "line": 164,
            "column": 21
          },
          "end": {
            "line": 164,
            "column": 40
          }
        },
        "type": "binary-expr",
        "locations": [
          {
            "start": {
              "line": 164,
              "column": 21
            },
            "end": {
              "line": 164,
              "column": 33
            }
          },
          {
            "start": {
              "line": 164,
              "column": 37
            },
            "end": {
              "line": 164,
              "column": 40
            }
          }
        ],
        "line": 164
      },
      "11": {
        "loc": {
          "start": {
            "line": 167,
            "column": 35
          },
          "end": {
            "line": 167,
            "column": 67
          }
        },
        "type": "binary-expr",
        "locations": [
          {
            "start": {
              "line": 167,
              "column": 35
            },
            "end": {
              "line": 167,
              "column": 48
            }
          },
          {
            "start": {
              "line": 167,
              "column": 52
            },
            "end": {
              "line": 167,
              "column": 67
            }
          }
        ],
        "line": 167
      },
      "12": {
        "loc": {
          "start": {
            "line": 177,
            "column": 2
          },
          "end": {
            "line": 177,
            "column": 61
          }
        },
        "type": "if",
        "locations": [
          {
            "start": {
              "line": 177,
              "column": 2
            },
            "end": {
              "line": 177,
              "column": 61
            }
          },
          {
            "start": {
              "line": 177,
              "column": 2
            },
            "end": {
              "line": 177,
              "column": 61
            }
          }
        ],
        "line": 177
      },
      "13": {
        "loc": {
          "start": {
            "line": 178,
            "column": 2
          },
          "end": {
            "line": 178,
            "column": 68
          }
        },
        "type": "if",
        "locations": [
          {
            "start": {
              "line": 178,
              "column": 2
            },
            "end": {
              "line": 178,
              "column": 68
            }
          },
          {
            "start": {
              "line": 178,
              "column": 2
            },
            "end": {
              "line": 178,
              "column": 68
            }
          }
        ],
        "line": 178
      },
      "14": {
        "loc": {
          "start": {
            "line": 179,
            "column": 2
          },
          "end": {
            "line": 179,
            "column": 51
          }
        },
        "type": "if",
        "locations": [
          {
            "start": {
              "line": 179,
              "column": 2
            },
            "end": {
              "line": 179,
              "column": 51
            }
          },
          {
            "start": {
              "line": 179,
              "column": 2
            },
            "end": {
              "line": 179,
              "column": 51
            }
          }
        ],
        "line": 179
      },
      "15": {
        "loc": {
          "start": {
            "line": 181,
            "column": 4
          },
          "end": {
            "line": 181,
            "column": 66
          }
        },
        "type": "binary-expr",
        "locations": [
          {
            "start": {
              "line": 181,
              "column": 4
            },
            "end": {
              "line": 181,
              "column": 61
            }
          },
          {
            "start": {
              "line": 181,
              "column": 65
            },
            "end": {
              "line": 181,
              "column": 66
            }
          }
        ],
        "line": 181
      },
      "16": {
        "loc": {
          "start": {
            "line": 183,
            "column": 2
          },
          "end": {
            "line": 183,
            "column": 46
          }
        },
        "type": "if",
        "locations": [
          {
            "start": {
              "line": 183,
              "column": 2
            },
            "end": {
              "line": 183,
              "column": 46
            }
          },
          {
            "start": {
              "line": 183,
              "column": 2
            },
            "end": {
              "line": 183,
              "column": 46
            }
          }
        ],
        "line": 183
      },
      "17": {
        "loc": {
          "start": {
            "line": 184,
            "column": 2
          },
          "end": {
            "line": 184,
            "column": 48
          }
        },
        "type": "if",
        "locations": [
          {
            "start": {
              "line": 184,
              "column": 2
            },
            "end": {
              "line": 184,
              "column": 48
            }
          },
          {
            "start": {
              "line": 184,
              "column": 2
            },
            "end": {
              "line": 184,
              "column": 48
            }
          }
        ],
        "line": 184
      },
      "18": {
        "loc": {
          "start": {
            "line": 192,
            "column": 6
          },
          "end": {
            "line": 193,
            "column": 47
          }
        },
        "type": "binary-expr",
        "locations": [
          {
            "start": {
              "line": 192,
              "column": 7
            },
            "end": {
              "line": 192,
              "column": 30
            }
          },
          {
            "start": {
              "line": 192,
              "column": 34
            },
            "end": {
              "line": 192,
              "column": 62
            }
          },
          {
            "start": {
              "line": 193,
              "column": 6
            },
            "end": {
              "line": 193,
              "column": 47
            }
          }
        ],
        "line": 192
      },
      "19": {
        "loc": {
          "start": {
            "line": 198,
            "column": 6
          },
          "end": {
            "line": 198,
            "column": 78
          }
        },
        "type": "binary-expr",
        "locations": [
          {
            "start": {
              "line": 198,
              "column": 6
            },
            "end": {
              "line": 198,
              "column": 70
            }
          },
          {
            "start": {
              "line": 198,
              "column": 74
            },
            "end": {
              "line": 198,
              "column": 78
            }
          }
        ],
        "line": 198
      },
      "20": {
        "loc": {
          "start": {
            "line": 200,
            "column": 4
          },
          "end": {
            "line": 200,
            "column": 51
          }
        },
        "type": "if",
        "locations": [
          {
            "start": {
              "line": 200,
              "column": 4
            },
            "end": {
              "line": 200,
              "column": 51
            }
          },
          {
            "start": {
              "line": 200,
              "column": 4
            },
            "end": {
              "line": 200,
              "column": 51
            }
          }
        ],
        "line": 200
      },
      "21": {
        "loc": {
          "start": {
            "line": 211,
            "column": 2
          },
          "end": {
            "line": 215,
            "column": 3
          }
        },
        "type": "if",
        "locations": [
          {
            "start": {
              "line": 211,
              "column": 2
            },
            "end": {
              "line": 215,
              "column": 3
            }
          },
          {
            "start": {
              "line": 211,
              "column": 2
            },
            "end": {
              "line": 215,
              "column": 3
            }
          }
        ],
        "line": 211
      }
    },
    "s": {
      "0": 2,
      "1": 0,
      "2": 0,
      "3": 2,
      "4": 0,
      "5": 0,
      "6": 2,
      "7": 38,
      "8": 38,
      "9": 76,
      "10": 76,
      "11": 0,
      "12": 76,
      "13": 2,
      "14": 2,
      "15": 2,
      "16": 0,
      "17": 0,
      "18": 0,
      "19": 2,
      "20": 2,
      "21": 2,
      "22": 2,
      "23": 2,
      "24": 0,
      "25": 2,
      "26": 0,
      "27": 0,
      "28": 0,
      "29": 0,
      "30": 0,
      "31": 0,
      "32": 0,
      "33": 0,
      "34": 0,
      "35": 6,
      "36": 0,
      "37": 6,
      "38": 6,
      "39": 6,
      "40": 2,
      "41": 4,
      "42": 4,
      "43": 4,
      "44": 4,
      "45": 0,
      "46": 0,
      "47": 6,
      "48": 4,
      "49": 4,
      "50": 4,
      "51": 0,
      "52": 4,
      "53": 14,
      "54": 14,
      "55": 14,
      "56": 6,
      "57": 14,
      "58": 2,
      "59": 2,
      "60": 2,
      "61": 2,
      "62": 2,
      "63": 6,
      "64": 6,
      "65": 6,
      "66": 6,
      "67": 6,
      "68": 6,
      "69": 6,
      "70": 2,
      "71": 2,
      "72": 2,
      "73": 2,
      "74": 2,
      "75": 2,
      "76": 22,
      "77": 22,
      "78": 38,
      "79": 38,
      "80": 0,
      "81": 38,
      "82": 38,
      "83": 0,
      "84": 0,
      "85": 38,
      "86": 22,
      "87": 38,
      "88": 0,
      "89": 38,
      "90": 0,
      "91": 38,
      "92": 0,
      "93": 38,
      "94": 38,
      "95": 0,
      "96": 38,
      "97": 0,
      "98": 38,
      "99": 0,
      "100": 38,
      "101": 38,
      "102": 38,
      "103": 0,
      "104": 0,
      "105": 38,
      "106": 2,
      "107": 32,
      "108": 28,
      "109": 28,
      "110": 0,
      "111": 0,
      "112": 0,
      "113": 28,
      "114": 28,
      "115": 0,
      "116": 0,
      "117": 0,
      "118": 28,
      "119": 28,
      "120": 4,
      "121": 2,
      "122": 4,
      "123": 4
    },
    "f": {
      "0": 0,
      "1": 0,
      "2": 38,
      "3": 38,
      "4": 76,
      "5": 0,
      "6": 2,
      "7": 0,
      "8": 0,
      "9": 0,
      "10": 6,
      "11": 4,
      "12": 14,
      "13": 6,
      "14": 2,
      "15": 6,
      "16": 2,
      "17": 2,
      "18": 22,
      "19": 38,
      "20": 38,
      "21": 38,
      "22": 0,
      "23": 32,
      "24": 28,
      "25": 4,
      "26": 2
    },
    "b": {
      "0": [
        0,
        2
      ],
      "1": [
        0,
        2
      ],
      "2": [
        38
      ],
      "3": [
        0,
        76
      ],
      "4": [
        0,
        76
      ],
      "5": [
        0,
        6
      ],
      "6": [
        2,
        4
      ],
      "7": [
        4,
        0
      ],
      "8": [
        0,
        4
      ],
      "9": [
        0,
        38
      ],
      "10": [
        0,
        0
      ],
      "11": [
        0,
        0
      ],
      "12": [
        0,
        38
      ],
      "13": [
        0,
        38
      ],
      "14": [
        0,
        38
      ],
      "15": [
        38,
        38
      ],
      "16": [
        0,
        38
      ],
      "17": [
        0,
        38
      ],
      "18": [
        0,
        0,
        0
      ],
      "19": [
        38,
        38
      ],
      "20": [
        0,
        38
      ],
      "21": [
        0,
        28
      ]
    },
    "_coverageSchema": "1a1c01bbd47fc00a2c39e90264f33305004495a9",
    "hash": "03dc7f5b3b8c7377386bbe79241a9ae089bfb2fc"
  },
  "/Users/murat/bookshelf/src/test/server/test-server.js": {
    "path": "/Users/murat/bookshelf/src/test/server/test-server.js",
    "statementMap": {},
    "fnMap": {},
    "branchMap": {},
    "s": {},
    "f": {},
    "b": {}
  }
}